[0.013s] Invoking command in '/home/amitabh/ROS2_CashierSystem/build/tutorial_interfaces': CMAKE_PREFIX_PATH=/opt/ros/humble /usr/bin/cmake --build /home/amitabh/ROS2_CashierSystem/build/tutorial_interfaces -- -j8 -l8
[0.069s] [35m[1mConsolidate compiler generated dependencies of target tutorial_interfaces__rosidl_generator_c[0m
[0.081s] [  2%] Built target tutorial_interfaces__cpp
[0.084s] [ 12%] Built target tutorial_interfaces__rosidl_generator_c
[0.099s] [ 12%] Built target ament_cmake_python_copy_tutorial_interfaces
[0.100s] [35m[1mConsolidate compiler generated dependencies of target tutorial_interfaces__rosidl_typesupport_cpp[0m
[0.100s] [35m[1mConsolidate compiler generated dependencies of target tutorial_interfaces__rosidl_typesupport_introspection_cpp[0m
[0.100s] [35m[1mConsolidate compiler generated dependencies of target tutorial_interfaces__rosidl_typesupport_fastrtps_cpp[0m
[0.102s] [35m[1mConsolidate compiler generated dependencies of target tutorial_interfaces__rosidl_typesupport_c[0m
[0.102s] [35m[1mConsolidate compiler generated dependencies of target tutorial_interfaces__rosidl_typesupport_introspection_c[0m
[0.102s] [35m[1mConsolidate compiler generated dependencies of target tutorial_interfaces__rosidl_typesupport_fastrtps_c[0m
[0.122s] [ 23%] Built target tutorial_interfaces__rosidl_typesupport_cpp
[0.124s] [ 74%] Built target tutorial_interfaces__rosidl_typesupport_fastrtps_cpp
[0.124s] [ 74%] Built target tutorial_interfaces__rosidl_typesupport_c
[0.124s] [ 74%] Built target tutorial_interfaces__rosidl_typesupport_fastrtps_c
[0.124s] [ 74%] Built target tutorial_interfaces__rosidl_typesupport_introspection_cpp
[0.124s] [ 74%] Built target tutorial_interfaces__rosidl_typesupport_introspection_c
[0.156s] [ 74%] Built target tutorial_interfaces
[0.185s] [ 76%] Built target tutorial_interfaces__py
[0.201s] [35m[1mConsolidate compiler generated dependencies of target tutorial_interfaces__rosidl_generator_py[0m
[0.221s] [ 84%] Built target tutorial_interfaces__rosidl_generator_py
[0.236s] [35m[1mConsolidate compiler generated dependencies of target tutorial_interfaces__rosidl_typesupport_fastrtps_c__pyext[0m
[0.236s] [35m[1mConsolidate compiler generated dependencies of target tutorial_interfaces__rosidl_typesupport_c__pyext[0m
[0.236s] [35m[1mConsolidate compiler generated dependencies of target tutorial_interfaces__rosidl_typesupport_introspection_c__pyext[0m
[0.253s] [100%] Built target tutorial_interfaces__rosidl_typesupport_fastrtps_c__pyext
[0.254s] [100%] Built target tutorial_interfaces__rosidl_typesupport_introspection_c__pyext
[0.254s] [100%] Built target tutorial_interfaces__rosidl_typesupport_c__pyext
[0.349s] running egg_info
[0.349s] writing tutorial_interfaces.egg-info/PKG-INFO
[0.350s] writing dependency_links to tutorial_interfaces.egg-info/dependency_links.txt
[0.350s] writing top-level names to tutorial_interfaces.egg-info/top_level.txt
[0.354s] reading manifest file 'tutorial_interfaces.egg-info/SOURCES.txt'
[0.354s] writing manifest file 'tutorial_interfaces.egg-info/SOURCES.txt'
[0.412s] [100%] Built target ament_cmake_python_build_tutorial_interfaces_egg
[0.430s] Invoked command in '/home/amitabh/ROS2_CashierSystem/build/tutorial_interfaces' returned '0': CMAKE_PREFIX_PATH=/opt/ros/humble /usr/bin/cmake --build /home/amitabh/ROS2_CashierSystem/build/tutorial_interfaces -- -j8 -l8
[0.445s] Invoking command in '/home/amitabh/ROS2_CashierSystem/build/tutorial_interfaces': CMAKE_PREFIX_PATH=/opt/ros/humble /usr/bin/cmake --install /home/amitabh/ROS2_CashierSystem/build/tutorial_interfaces
[0.455s] -- Install configuration: ""
[0.455s] -- Up-to-date: /home/amitabh/ROS2_CashierSystem/install/tutorial_interfaces/share/ament_index/resource_index/rosidl_interfaces/tutorial_interfaces
[0.455s] -- Up-to-date: /home/amitabh/ROS2_CashierSystem/install/tutorial_interfaces/include/tutorial_interfaces/tutorial_interfaces
[0.455s] -- Up-to-date: /home/amitabh/ROS2_CashierSystem/install/tutorial_interfaces/include/tutorial_interfaces/tutorial_interfaces/msg
[0.455s] -- Up-to-date: /home/amitabh/ROS2_CashierSystem/install/tutorial_interfaces/include/tutorial_interfaces/tutorial_interfaces/msg/detail
[0.455s] -- Up-to-date: /home/amitabh/ROS2_CashierSystem/install/tutorial_interfaces/include/tutorial_interfaces/tutorial_interfaces/msg/detail/num__functions.c
[0.455s] -- Up-to-date: /home/amitabh/ROS2_CashierSystem/install/tutorial_interfaces/include/tutorial_interfaces/tutorial_interfaces/msg/detail/num__functions.h
[0.456s] -- Up-to-date: /home/amitabh/ROS2_CashierSystem/install/tutorial_interfaces/include/tutorial_interfaces/tutorial_interfaces/msg/detail/num__struct.h
[0.456s] -- Up-to-date: /home/amitabh/ROS2_CashierSystem/install/tutorial_interfaces/include/tutorial_interfaces/tutorial_interfaces/msg/detail/num__type_support.h
[0.456s] -- Up-to-date: /home/amitabh/ROS2_CashierSystem/install/tutorial_interfaces/include/tutorial_interfaces/tutorial_interfaces/msg/num.h
[0.456s] -- Up-to-date: /home/amitabh/ROS2_CashierSystem/install/tutorial_interfaces/include/tutorial_interfaces/tutorial_interfaces/msg/rosidl_generator_c__visibility_control.h
[0.456s] -- Up-to-date: /home/amitabh/ROS2_CashierSystem/install/tutorial_interfaces/include/tutorial_interfaces/tutorial_interfaces/srv
[0.456s] -- Up-to-date: /home/amitabh/ROS2_CashierSystem/install/tutorial_interfaces/include/tutorial_interfaces/tutorial_interfaces/srv/detail
[0.456s] -- Up-to-date: /home/amitabh/ROS2_CashierSystem/install/tutorial_interfaces/include/tutorial_interfaces/tutorial_interfaces/srv/detail/display__struct.h
[0.456s] -- Up-to-date: /home/amitabh/ROS2_CashierSystem/install/tutorial_interfaces/include/tutorial_interfaces/tutorial_interfaces/srv/detail/display__functions.c
[0.456s] -- Up-to-date: /home/amitabh/ROS2_CashierSystem/install/tutorial_interfaces/include/tutorial_interfaces/tutorial_interfaces/srv/detail/display__functions.h
[0.456s] -- Up-to-date: /home/amitabh/ROS2_CashierSystem/install/tutorial_interfaces/include/tutorial_interfaces/tutorial_interfaces/srv/detail/display__type_support.h
[0.456s] -- Up-to-date: /home/amitabh/ROS2_CashierSystem/install/tutorial_interfaces/include/tutorial_interfaces/tutorial_interfaces/srv/display.h
[0.457s] -- Up-to-date: /home/amitabh/ROS2_CashierSystem/install/tutorial_interfaces/share/tutorial_interfaces/environment/library_path.sh
[0.457s] -- Up-to-date: /home/amitabh/ROS2_CashierSystem/install/tutorial_interfaces/share/tutorial_interfaces/environment/library_path.dsv
[0.457s] -- Up-to-date: /home/amitabh/ROS2_CashierSystem/install/tutorial_interfaces/lib/libtutorial_interfaces__rosidl_generator_c.so
[0.457s] -- Up-to-date: /home/amitabh/ROS2_CashierSystem/install/tutorial_interfaces/include/tutorial_interfaces/tutorial_interfaces
[0.457s] -- Up-to-date: /home/amitabh/ROS2_CashierSystem/install/tutorial_interfaces/include/tutorial_interfaces/tutorial_interfaces/msg
[0.457s] -- Up-to-date: /home/amitabh/ROS2_CashierSystem/install/tutorial_interfaces/include/tutorial_interfaces/tutorial_interfaces/msg/detail
[0.457s] -- Up-to-date: /home/amitabh/ROS2_CashierSystem/install/tutorial_interfaces/include/tutorial_interfaces/tutorial_interfaces/msg/detail/num__rosidl_typesupport_fastrtps_c.h
[0.457s] -- Up-to-date: /home/amitabh/ROS2_CashierSystem/install/tutorial_interfaces/include/tutorial_interfaces/tutorial_interfaces/msg/rosidl_typesupport_fastrtps_c__visibility_control.h
[0.457s] -- Up-to-date: /home/amitabh/ROS2_CashierSystem/install/tutorial_interfaces/include/tutorial_interfaces/tutorial_interfaces/srv
[0.457s] -- Up-to-date: /home/amitabh/ROS2_CashierSystem/install/tutorial_interfaces/include/tutorial_interfaces/tutorial_interfaces/srv/detail
[0.457s] -- Up-to-date: /home/amitabh/ROS2_CashierSystem/install/tutorial_interfaces/include/tutorial_interfaces/tutorial_interfaces/srv/detail/display__rosidl_typesupport_fastrtps_c.h
[0.457s] -- Up-to-date: /home/amitabh/ROS2_CashierSystem/install/tutorial_interfaces/lib/libtutorial_interfaces__rosidl_typesupport_fastrtps_c.so
[0.457s] -- Up-to-date: /home/amitabh/ROS2_CashierSystem/install/tutorial_interfaces/include/tutorial_interfaces/tutorial_interfaces
[0.457s] -- Up-to-date: /home/amitabh/ROS2_CashierSystem/install/tutorial_interfaces/include/tutorial_interfaces/tutorial_interfaces/msg
[0.457s] -- Up-to-date: /home/amitabh/ROS2_CashierSystem/install/tutorial_interfaces/include/tutorial_interfaces/tutorial_interfaces/msg/detail
[0.457s] -- Up-to-date: /home/amitabh/ROS2_CashierSystem/install/tutorial_interfaces/include/tutorial_interfaces/tutorial_interfaces/msg/detail/num__builder.hpp
[0.457s] -- Up-to-date: /home/amitabh/ROS2_CashierSystem/install/tutorial_interfaces/include/tutorial_interfaces/tutorial_interfaces/msg/detail/num__traits.hpp
[0.457s] -- Up-to-date: /home/amitabh/ROS2_CashierSystem/install/tutorial_interfaces/include/tutorial_interfaces/tutorial_interfaces/msg/detail/num__struct.hpp
[0.457s] -- Up-to-date: /home/amitabh/ROS2_CashierSystem/install/tutorial_interfaces/include/tutorial_interfaces/tutorial_interfaces/msg/detail/num__type_support.hpp
[0.457s] -- Up-to-date: /home/amitabh/ROS2_CashierSystem/install/tutorial_interfaces/include/tutorial_interfaces/tutorial_interfaces/msg/rosidl_generator_cpp__visibility_control.hpp
[0.457s] -- Up-to-date: /home/amitabh/ROS2_CashierSystem/install/tutorial_interfaces/include/tutorial_interfaces/tutorial_interfaces/msg/num.hpp
[0.458s] -- Up-to-date: /home/amitabh/ROS2_CashierSystem/install/tutorial_interfaces/include/tutorial_interfaces/tutorial_interfaces/srv
[0.458s] -- Up-to-date: /home/amitabh/ROS2_CashierSystem/install/tutorial_interfaces/include/tutorial_interfaces/tutorial_interfaces/srv/detail
[0.458s] -- Up-to-date: /home/amitabh/ROS2_CashierSystem/install/tutorial_interfaces/include/tutorial_interfaces/tutorial_interfaces/srv/detail/display__builder.hpp
[0.458s] -- Up-to-date: /home/amitabh/ROS2_CashierSystem/install/tutorial_interfaces/include/tutorial_interfaces/tutorial_interfaces/srv/detail/display__traits.hpp
[0.458s] -- Up-to-date: /home/amitabh/ROS2_CashierSystem/install/tutorial_interfaces/include/tutorial_interfaces/tutorial_interfaces/srv/detail/display__struct.hpp
[0.458s] -- Up-to-date: /home/amitabh/ROS2_CashierSystem/install/tutorial_interfaces/include/tutorial_interfaces/tutorial_interfaces/srv/detail/display__type_support.hpp
[0.458s] -- Up-to-date: /home/amitabh/ROS2_CashierSystem/install/tutorial_interfaces/include/tutorial_interfaces/tutorial_interfaces/srv/display.hpp
[0.458s] -- Up-to-date: /home/amitabh/ROS2_CashierSystem/install/tutorial_interfaces/include/tutorial_interfaces/tutorial_interfaces
[0.458s] -- Up-to-date: /home/amitabh/ROS2_CashierSystem/install/tutorial_interfaces/include/tutorial_interfaces/tutorial_interfaces/msg
[0.458s] -- Up-to-date: /home/amitabh/ROS2_CashierSystem/install/tutorial_interfaces/include/tutorial_interfaces/tutorial_interfaces/msg/detail
[0.458s] -- Up-to-date: /home/amitabh/ROS2_CashierSystem/install/tutorial_interfaces/include/tutorial_interfaces/tutorial_interfaces/msg/detail/dds_fastrtps
[0.458s] -- Up-to-date: /home/amitabh/ROS2_CashierSystem/install/tutorial_interfaces/include/tutorial_interfaces/tutorial_interfaces/msg/detail/num__rosidl_typesupport_fastrtps_cpp.hpp
[0.458s] -- Up-to-date: /home/amitabh/ROS2_CashierSystem/install/tutorial_interfaces/include/tutorial_interfaces/tutorial_interfaces/msg/rosidl_typesupport_fastrtps_cpp__visibility_control.h
[0.458s] -- Up-to-date: /home/amitabh/ROS2_CashierSystem/install/tutorial_interfaces/include/tutorial_interfaces/tutorial_interfaces/srv
[0.458s] -- Up-to-date: /home/amitabh/ROS2_CashierSystem/install/tutorial_interfaces/include/tutorial_interfaces/tutorial_interfaces/srv/detail
[0.458s] -- Up-to-date: /home/amitabh/ROS2_CashierSystem/install/tutorial_interfaces/include/tutorial_interfaces/tutorial_interfaces/srv/detail/dds_fastrtps
[0.458s] -- Up-to-date: /home/amitabh/ROS2_CashierSystem/install/tutorial_interfaces/include/tutorial_interfaces/tutorial_interfaces/srv/detail/display__rosidl_typesupport_fastrtps_cpp.hpp
[0.458s] -- Up-to-date: /home/amitabh/ROS2_CashierSystem/install/tutorial_interfaces/lib/libtutorial_interfaces__rosidl_typesupport_fastrtps_cpp.so
[0.458s] -- Up-to-date: /home/amitabh/ROS2_CashierSystem/install/tutorial_interfaces/include/tutorial_interfaces/tutorial_interfaces
[0.458s] -- Up-to-date: /home/amitabh/ROS2_CashierSystem/install/tutorial_interfaces/include/tutorial_interfaces/tutorial_interfaces/msg
[0.458s] -- Up-to-date: /home/amitabh/ROS2_CashierSystem/install/tutorial_interfaces/include/tutorial_interfaces/tutorial_interfaces/msg/detail
[0.459s] -- Up-to-date: /home/amitabh/ROS2_CashierSystem/install/tutorial_interfaces/include/tutorial_interfaces/tutorial_interfaces/msg/detail/num__rosidl_typesupport_introspection_c.h
[0.459s] -- Up-to-date: /home/amitabh/ROS2_CashierSystem/install/tutorial_interfaces/include/tutorial_interfaces/tutorial_interfaces/msg/detail/num__type_support.c
[0.459s] -- Up-to-date: /home/amitabh/ROS2_CashierSystem/install/tutorial_interfaces/include/tutorial_interfaces/tutorial_interfaces/msg/rosidl_typesupport_introspection_c__visibility_control.h
[0.459s] -- Up-to-date: /home/amitabh/ROS2_CashierSystem/install/tutorial_interfaces/include/tutorial_interfaces/tutorial_interfaces/srv
[0.459s] -- Up-to-date: /home/amitabh/ROS2_CashierSystem/install/tutorial_interfaces/include/tutorial_interfaces/tutorial_interfaces/srv/detail
[0.459s] -- Up-to-date: /home/amitabh/ROS2_CashierSystem/install/tutorial_interfaces/include/tutorial_interfaces/tutorial_interfaces/srv/detail/display__rosidl_typesupport_introspection_c.h
[0.459s] -- Up-to-date: /home/amitabh/ROS2_CashierSystem/install/tutorial_interfaces/include/tutorial_interfaces/tutorial_interfaces/srv/detail/display__type_support.c
[0.459s] -- Up-to-date: /home/amitabh/ROS2_CashierSystem/install/tutorial_interfaces/lib/libtutorial_interfaces__rosidl_typesupport_introspection_c.so
[0.459s] -- Up-to-date: /home/amitabh/ROS2_CashierSystem/install/tutorial_interfaces/lib/libtutorial_interfaces__rosidl_typesupport_c.so
[0.459s] -- Up-to-date: /home/amitabh/ROS2_CashierSystem/install/tutorial_interfaces/include/tutorial_interfaces/tutorial_interfaces
[0.459s] -- Up-to-date: /home/amitabh/ROS2_CashierSystem/install/tutorial_interfaces/include/tutorial_interfaces/tutorial_interfaces/msg
[0.459s] -- Up-to-date: /home/amitabh/ROS2_CashierSystem/install/tutorial_interfaces/include/tutorial_interfaces/tutorial_interfaces/msg/detail
[0.459s] -- Up-to-date: /home/amitabh/ROS2_CashierSystem/install/tutorial_interfaces/include/tutorial_interfaces/tutorial_interfaces/msg/detail/num__rosidl_typesupport_introspection_cpp.hpp
[0.459s] -- Up-to-date: /home/amitabh/ROS2_CashierSystem/install/tutorial_interfaces/include/tutorial_interfaces/tutorial_interfaces/msg/detail/num__type_support.cpp
[0.459s] -- Up-to-date: /home/amitabh/ROS2_CashierSystem/install/tutorial_interfaces/include/tutorial_interfaces/tutorial_interfaces/srv
[0.459s] -- Up-to-date: /home/amitabh/ROS2_CashierSystem/install/tutorial_interfaces/include/tutorial_interfaces/tutorial_interfaces/srv/detail
[0.459s] -- Up-to-date: /home/amitabh/ROS2_CashierSystem/install/tutorial_interfaces/include/tutorial_interfaces/tutorial_interfaces/srv/detail/display__type_support.cpp
[0.459s] -- Up-to-date: /home/amitabh/ROS2_CashierSystem/install/tutorial_interfaces/include/tutorial_interfaces/tutorial_interfaces/srv/detail/display__rosidl_typesupport_introspection_cpp.hpp
[0.459s] -- Up-to-date: /home/amitabh/ROS2_CashierSystem/install/tutorial_interfaces/lib/libtutorial_interfaces__rosidl_typesupport_introspection_cpp.so
[0.459s] -- Up-to-date: /home/amitabh/ROS2_CashierSystem/install/tutorial_interfaces/lib/libtutorial_interfaces__rosidl_typesupport_cpp.so
[0.459s] -- Up-to-date: /home/amitabh/ROS2_CashierSystem/install/tutorial_interfaces/share/tutorial_interfaces/environment/pythonpath.sh
[0.459s] -- Up-to-date: /home/amitabh/ROS2_CashierSystem/install/tutorial_interfaces/share/tutorial_interfaces/environment/pythonpath.dsv
[0.460s] -- Up-to-date: /home/amitabh/ROS2_CashierSystem/install/tutorial_interfaces/local/lib/python3.10/dist-packages/tutorial_interfaces-0.0.0-py3.10.egg-info
[0.460s] -- Installing: /home/amitabh/ROS2_CashierSystem/install/tutorial_interfaces/local/lib/python3.10/dist-packages/tutorial_interfaces-0.0.0-py3.10.egg-info/SOURCES.txt
[0.460s] -- Installing: /home/amitabh/ROS2_CashierSystem/install/tutorial_interfaces/local/lib/python3.10/dist-packages/tutorial_interfaces-0.0.0-py3.10.egg-info/top_level.txt
[0.460s] -- Installing: /home/amitabh/ROS2_CashierSystem/install/tutorial_interfaces/local/lib/python3.10/dist-packages/tutorial_interfaces-0.0.0-py3.10.egg-info/dependency_links.txt
[0.460s] -- Installing: /home/amitabh/ROS2_CashierSystem/install/tutorial_interfaces/local/lib/python3.10/dist-packages/tutorial_interfaces-0.0.0-py3.10.egg-info/PKG-INFO
[0.460s] -- Up-to-date: /home/amitabh/ROS2_CashierSystem/install/tutorial_interfaces/local/lib/python3.10/dist-packages/tutorial_interfaces
[0.460s] -- Up-to-date: /home/amitabh/ROS2_CashierSystem/install/tutorial_interfaces/local/lib/python3.10/dist-packages/tutorial_interfaces/_tutorial_interfaces_s.ep.rosidl_typesupport_c.c
[0.460s] -- Up-to-date: /home/amitabh/ROS2_CashierSystem/install/tutorial_interfaces/local/lib/python3.10/dist-packages/tutorial_interfaces/msg
[0.460s] -- Up-to-date: /home/amitabh/ROS2_CashierSystem/install/tutorial_interfaces/local/lib/python3.10/dist-packages/tutorial_interfaces/msg/__init__.py
[0.460s] -- Up-to-date: /home/amitabh/ROS2_CashierSystem/install/tutorial_interfaces/local/lib/python3.10/dist-packages/tutorial_interfaces/msg/_num_s.c
[0.460s] -- Up-to-date: /home/amitabh/ROS2_CashierSystem/install/tutorial_interfaces/local/lib/python3.10/dist-packages/tutorial_interfaces/msg/_num.py
[0.460s] -- Up-to-date: /home/amitabh/ROS2_CashierSystem/install/tutorial_interfaces/local/lib/python3.10/dist-packages/tutorial_interfaces/tutorial_interfaces_s__rosidl_typesupport_fastrtps_c.cpython-310-x86_64-linux-gnu.so
[0.460s] -- Up-to-date: /home/amitabh/ROS2_CashierSystem/install/tutorial_interfaces/local/lib/python3.10/dist-packages/tutorial_interfaces/_tutorial_interfaces_s.ep.rosidl_typesupport_introspection_c.c
[0.460s] -- Up-to-date: /home/amitabh/ROS2_CashierSystem/install/tutorial_interfaces/local/lib/python3.10/dist-packages/tutorial_interfaces/srv
[0.460s] -- Up-to-date: /home/amitabh/ROS2_CashierSystem/install/tutorial_interfaces/local/lib/python3.10/dist-packages/tutorial_interfaces/srv/_display_s.c
[0.460s] -- Up-to-date: /home/amitabh/ROS2_CashierSystem/install/tutorial_interfaces/local/lib/python3.10/dist-packages/tutorial_interfaces/srv/_display.py
[0.460s] -- Up-to-date: /home/amitabh/ROS2_CashierSystem/install/tutorial_interfaces/local/lib/python3.10/dist-packages/tutorial_interfaces/srv/__init__.py
[0.460s] -- Up-to-date: /home/amitabh/ROS2_CashierSystem/install/tutorial_interfaces/local/lib/python3.10/dist-packages/tutorial_interfaces/tutorial_interfaces_s__rosidl_typesupport_introspection_c.cpython-310-x86_64-linux-gnu.so
[0.460s] -- Up-to-date: /home/amitabh/ROS2_CashierSystem/install/tutorial_interfaces/local/lib/python3.10/dist-packages/tutorial_interfaces/_tutorial_interfaces_s.ep.rosidl_typesupport_fastrtps_c.c
[0.460s] -- Up-to-date: /home/amitabh/ROS2_CashierSystem/install/tutorial_interfaces/local/lib/python3.10/dist-packages/tutorial_interfaces/tutorial_interfaces_s__rosidl_typesupport_c.cpython-310-x86_64-linux-gnu.so
[0.460s] -- Up-to-date: /home/amitabh/ROS2_CashierSystem/install/tutorial_interfaces/local/lib/python3.10/dist-packages/tutorial_interfaces/libtutorial_interfaces__rosidl_generator_py.so
[0.460s] -- Up-to-date: /home/amitabh/ROS2_CashierSystem/install/tutorial_interfaces/local/lib/python3.10/dist-packages/tutorial_interfaces/__init__.py
[0.488s] Listing '/home/amitabh/ROS2_CashierSystem/install/tutorial_interfaces/local/lib/python3.10/dist-packages/tutorial_interfaces'...
[0.488s] Listing '/home/amitabh/ROS2_CashierSystem/install/tutorial_interfaces/local/lib/python3.10/dist-packages/tutorial_interfaces/msg'...
[0.488s] Listing '/home/amitabh/ROS2_CashierSystem/install/tutorial_interfaces/local/lib/python3.10/dist-packages/tutorial_interfaces/srv'...
[0.494s] -- Up-to-date: /home/amitabh/ROS2_CashierSystem/install/tutorial_interfaces/local/lib/python3.10/dist-packages/tutorial_interfaces/tutorial_interfaces_s__rosidl_typesupport_fastrtps_c.cpython-310-x86_64-linux-gnu.so
[0.494s] -- Up-to-date: /home/amitabh/ROS2_CashierSystem/install/tutorial_interfaces/local/lib/python3.10/dist-packages/tutorial_interfaces/tutorial_interfaces_s__rosidl_typesupport_introspection_c.cpython-310-x86_64-linux-gnu.so
[0.494s] -- Up-to-date: /home/amitabh/ROS2_CashierSystem/install/tutorial_interfaces/local/lib/python3.10/dist-packages/tutorial_interfaces/tutorial_interfaces_s__rosidl_typesupport_c.cpython-310-x86_64-linux-gnu.so
[0.494s] -- Up-to-date: /home/amitabh/ROS2_CashierSystem/install/tutorial_interfaces/lib/libtutorial_interfaces__rosidl_generator_py.so
[0.494s] -- Up-to-date: /home/amitabh/ROS2_CashierSystem/install/tutorial_interfaces/share/tutorial_interfaces/msg/Num.idl
[0.495s] -- Up-to-date: /home/amitabh/ROS2_CashierSystem/install/tutorial_interfaces/share/tutorial_interfaces/srv/Display.idl
[0.495s] -- Up-to-date: /home/amitabh/ROS2_CashierSystem/install/tutorial_interfaces/share/tutorial_interfaces/msg/Num.msg
[0.495s] -- Up-to-date: /home/amitabh/ROS2_CashierSystem/install/tutorial_interfaces/share/tutorial_interfaces/srv/Display.srv
[0.495s] -- Up-to-date: /home/amitabh/ROS2_CashierSystem/install/tutorial_interfaces/share/tutorial_interfaces/srv/Display_Request.msg
[0.495s] -- Up-to-date: /home/amitabh/ROS2_CashierSystem/install/tutorial_interfaces/share/tutorial_interfaces/srv/Display_Response.msg
[0.495s] -- Up-to-date: /home/amitabh/ROS2_CashierSystem/install/tutorial_interfaces/share/ament_index/resource_index/package_run_dependencies/tutorial_interfaces
[0.495s] -- Up-to-date: /home/amitabh/ROS2_CashierSystem/install/tutorial_interfaces/share/ament_index/resource_index/parent_prefix_path/tutorial_interfaces
[0.495s] -- Up-to-date: /home/amitabh/ROS2_CashierSystem/install/tutorial_interfaces/share/tutorial_interfaces/environment/ament_prefix_path.sh
[0.495s] -- Up-to-date: /home/amitabh/ROS2_CashierSystem/install/tutorial_interfaces/share/tutorial_interfaces/environment/ament_prefix_path.dsv
[0.495s] -- Up-to-date: /home/amitabh/ROS2_CashierSystem/install/tutorial_interfaces/share/tutorial_interfaces/environment/path.sh
[0.496s] -- Up-to-date: /home/amitabh/ROS2_CashierSystem/install/tutorial_interfaces/share/tutorial_interfaces/environment/path.dsv
[0.496s] -- Up-to-date: /home/amitabh/ROS2_CashierSystem/install/tutorial_interfaces/share/tutorial_interfaces/local_setup.bash
[0.496s] -- Up-to-date: /home/amitabh/ROS2_CashierSystem/install/tutorial_interfaces/share/tutorial_interfaces/local_setup.sh
[0.496s] -- Up-to-date: /home/amitabh/ROS2_CashierSystem/install/tutorial_interfaces/share/tutorial_interfaces/local_setup.zsh
[0.496s] -- Up-to-date: /home/amitabh/ROS2_CashierSystem/install/tutorial_interfaces/share/tutorial_interfaces/local_setup.dsv
[0.496s] -- Installing: /home/amitabh/ROS2_CashierSystem/install/tutorial_interfaces/share/tutorial_interfaces/package.dsv
[0.496s] -- Up-to-date: /home/amitabh/ROS2_CashierSystem/install/tutorial_interfaces/share/ament_index/resource_index/packages/tutorial_interfaces
[0.496s] -- Up-to-date: /home/amitabh/ROS2_CashierSystem/install/tutorial_interfaces/share/tutorial_interfaces/cmake/export_tutorial_interfaces__rosidl_generator_cExport.cmake
[0.496s] -- Up-to-date: /home/amitabh/ROS2_CashierSystem/install/tutorial_interfaces/share/tutorial_interfaces/cmake/export_tutorial_interfaces__rosidl_generator_cExport-noconfig.cmake
[0.496s] -- Up-to-date: /home/amitabh/ROS2_CashierSystem/install/tutorial_interfaces/share/tutorial_interfaces/cmake/export_tutorial_interfaces__rosidl_typesupport_fastrtps_cExport.cmake
[0.496s] -- Up-to-date: /home/amitabh/ROS2_CashierSystem/install/tutorial_interfaces/share/tutorial_interfaces/cmake/export_tutorial_interfaces__rosidl_typesupport_fastrtps_cExport-noconfig.cmake
[0.496s] -- Up-to-date: /home/amitabh/ROS2_CashierSystem/install/tutorial_interfaces/share/tutorial_interfaces/cmake/export_tutorial_interfaces__rosidl_generator_cppExport.cmake
[0.496s] -- Up-to-date: /home/amitabh/ROS2_CashierSystem/install/tutorial_interfaces/share/tutorial_interfaces/cmake/export_tutorial_interfaces__rosidl_typesupport_fastrtps_cppExport.cmake
[0.496s] -- Up-to-date: /home/amitabh/ROS2_CashierSystem/install/tutorial_interfaces/share/tutorial_interfaces/cmake/export_tutorial_interfaces__rosidl_typesupport_fastrtps_cppExport-noconfig.cmake
[0.496s] -- Up-to-date: /home/amitabh/ROS2_CashierSystem/install/tutorial_interfaces/share/tutorial_interfaces/cmake/tutorial_interfaces__rosidl_typesupport_introspection_cExport.cmake
[0.496s] -- Up-to-date: /home/amitabh/ROS2_CashierSystem/install/tutorial_interfaces/share/tutorial_interfaces/cmake/tutorial_interfaces__rosidl_typesupport_introspection_cExport-noconfig.cmake
[0.496s] -- Up-to-date: /home/amitabh/ROS2_CashierSystem/install/tutorial_interfaces/share/tutorial_interfaces/cmake/tutorial_interfaces__rosidl_typesupport_cExport.cmake
[0.496s] -- Up-to-date: /home/amitabh/ROS2_CashierSystem/install/tutorial_interfaces/share/tutorial_interfaces/cmake/tutorial_interfaces__rosidl_typesupport_cExport-noconfig.cmake
[0.496s] -- Up-to-date: /home/amitabh/ROS2_CashierSystem/install/tutorial_interfaces/share/tutorial_interfaces/cmake/tutorial_interfaces__rosidl_typesupport_introspection_cppExport.cmake
[0.496s] -- Up-to-date: /home/amitabh/ROS2_CashierSystem/install/tutorial_interfaces/share/tutorial_interfaces/cmake/tutorial_interfaces__rosidl_typesupport_introspection_cppExport-noconfig.cmake
[0.497s] -- Up-to-date: /home/amitabh/ROS2_CashierSystem/install/tutorial_interfaces/share/tutorial_interfaces/cmake/tutorial_interfaces__rosidl_typesupport_cppExport.cmake
[0.497s] -- Up-to-date: /home/amitabh/ROS2_CashierSystem/install/tutorial_interfaces/share/tutorial_interfaces/cmake/tutorial_interfaces__rosidl_typesupport_cppExport-noconfig.cmake
[0.497s] -- Up-to-date: /home/amitabh/ROS2_CashierSystem/install/tutorial_interfaces/share/tutorial_interfaces/cmake/export_tutorial_interfaces__rosidl_generator_pyExport.cmake
[0.497s] -- Up-to-date: /home/amitabh/ROS2_CashierSystem/install/tutorial_interfaces/share/tutorial_interfaces/cmake/export_tutorial_interfaces__rosidl_generator_pyExport-noconfig.cmake
[0.497s] -- Up-to-date: /home/amitabh/ROS2_CashierSystem/install/tutorial_interfaces/share/tutorial_interfaces/cmake/rosidl_cmake-extras.cmake
[0.497s] -- Up-to-date: /home/amitabh/ROS2_CashierSystem/install/tutorial_interfaces/share/tutorial_interfaces/cmake/ament_cmake_export_dependencies-extras.cmake
[0.497s] -- Up-to-date: /home/amitabh/ROS2_CashierSystem/install/tutorial_interfaces/share/tutorial_interfaces/cmake/ament_cmake_export_include_directories-extras.cmake
[0.497s] -- Up-to-date: /home/amitabh/ROS2_CashierSystem/install/tutorial_interfaces/share/tutorial_interfaces/cmake/ament_cmake_export_libraries-extras.cmake
[0.497s] -- Up-to-date: /home/amitabh/ROS2_CashierSystem/install/tutorial_interfaces/share/tutorial_interfaces/cmake/ament_cmake_export_targets-extras.cmake
[0.497s] -- Up-to-date: /home/amitabh/ROS2_CashierSystem/install/tutorial_interfaces/share/tutorial_interfaces/cmake/rosidl_cmake_export_typesupport_targets-extras.cmake
[0.497s] -- Up-to-date: /home/amitabh/ROS2_CashierSystem/install/tutorial_interfaces/share/tutorial_interfaces/cmake/rosidl_cmake_export_typesupport_libraries-extras.cmake
[0.497s] -- Up-to-date: /home/amitabh/ROS2_CashierSystem/install/tutorial_interfaces/share/tutorial_interfaces/cmake/tutorial_interfacesConfig.cmake
[0.497s] -- Up-to-date: /home/amitabh/ROS2_CashierSystem/install/tutorial_interfaces/share/tutorial_interfaces/cmake/tutorial_interfacesConfig-version.cmake
[0.497s] -- Up-to-date: /home/amitabh/ROS2_CashierSystem/install/tutorial_interfaces/share/tutorial_interfaces/package.xml
[0.501s] Invoked command in '/home/amitabh/ROS2_CashierSystem/build/tutorial_interfaces' returned '0': CMAKE_PREFIX_PATH=/opt/ros/humble /usr/bin/cmake --install /home/amitabh/ROS2_CashierSystem/build/tutorial_interfaces
