[0.013s] Invoking command in '/home/amitabh/ROS2_CashierSystem/build/tutorial_interfaces': CMAKE_PREFIX_PATH=/opt/ros/humble /usr/bin/cmake /home/amitabh/ROS2_CashierSystem/src/tutorial_interfaces -DCMAKE_INSTALL_PREFIX=/home/amitabh/ROS2_CashierSystem/install/tutorial_interfaces
[0.083s] -- The C compiler identification is GNU 11.4.0
[0.153s] -- The CXX compiler identification is GNU 11.4.0
[0.162s] -- Detecting C compiler ABI info
[0.257s] -- Detecting C compiler ABI info - done
[0.263s] -- Check for working C compiler: /usr/bin/cc - skipped
[0.264s] -- Detecting C compile features
[0.264s] -- Detecting C compile features - done
[0.267s] -- Detecting CXX compiler ABI info
[0.374s] -- Detecting CXX compiler ABI info - done
[0.380s] -- Check for working CXX compiler: /usr/bin/c++ - skipped
[0.381s] -- Detecting CXX compile features
[0.381s] -- Detecting CXX compile features - done
[0.383s] -- Found ament_cmake: 1.3.11 (/opt/ros/humble/share/ament_cmake/cmake)
[0.549s] -- Found Python3: /usr/bin/python3 (found version "3.10.12") found components: Interpreter 
[0.691s] -- Found geometry_msgs: 4.2.4 (/opt/ros/humble/share/geometry_msgs/cmake)
[0.723s] -- Found rosidl_generator_c: 3.1.6 (/opt/ros/humble/share/rosidl_generator_c/cmake)
[0.728s] -- Found rosidl_adapter: 3.1.6 (/opt/ros/humble/share/rosidl_adapter/cmake)
[0.735s] -- Found rosidl_generator_cpp: 3.1.6 (/opt/ros/humble/share/rosidl_generator_cpp/cmake)
[0.747s] -- Using all available rosidl_typesupport_c: rosidl_typesupport_fastrtps_c;rosidl_typesupport_introspection_c
[0.761s] -- Using all available rosidl_typesupport_cpp: rosidl_typesupport_fastrtps_cpp;rosidl_typesupport_introspection_cpp
[0.797s] -- Found rosidl_default_generators: 1.2.0 (/opt/ros/humble/share/rosidl_default_generators/cmake)
[1.095s] -- Found ament_cmake_ros: 0.10.0 (/opt/ros/humble/share/ament_cmake_ros/cmake)
[1.484s] -- Using all available rosidl_typesupport_c: rosidl_typesupport_fastrtps_c;rosidl_typesupport_introspection_c
[1.635s] -- Using all available rosidl_typesupport_cpp: rosidl_typesupport_fastrtps_cpp;rosidl_typesupport_introspection_cpp
[1.657s] -- Found PythonInterp: /usr/bin/python3 (found suitable version "3.10.12", minimum required is "3.6") 
[1.659s] -- Found python_cmake_module: 0.10.0 (/opt/ros/humble/share/python_cmake_module/cmake)
[1.684s] -- Found PythonLibs: /usr/lib/x86_64-linux-gnu/libpython3.10.so (found suitable version "3.10.12", minimum required is "3.5") 
[1.685s] -- Using PYTHON_EXECUTABLE: /usr/bin/python3
[1.685s] -- Using PYTHON_INCLUDE_DIRS: /usr/include/python3.10
[1.685s] -- Using PYTHON_LIBRARIES: /usr/lib/x86_64-linux-gnu/libpython3.10.so
[1.705s] -- Found PythonExtra: .so  
[1.762s] -- Found ament_lint_auto: 0.12.11 (/opt/ros/humble/share/ament_lint_auto/cmake)
[1.780s] -- Added test 'lint_cmake' to check CMake code style
[1.781s] -- Added test 'xmllint' to check XML markup files
[1.783s] -- Configuring done
[1.824s] -- Generating done
[1.837s] -- Build files have been written to: /home/amitabh/ROS2_CashierSystem/build/tutorial_interfaces
[1.854s] Invoked command in '/home/amitabh/ROS2_CashierSystem/build/tutorial_interfaces' returned '0': CMAKE_PREFIX_PATH=/opt/ros/humble /usr/bin/cmake /home/amitabh/ROS2_CashierSystem/src/tutorial_interfaces -DCMAKE_INSTALL_PREFIX=/home/amitabh/ROS2_CashierSystem/install/tutorial_interfaces
[1.858s] Invoking command in '/home/amitabh/ROS2_CashierSystem/build/tutorial_interfaces': CMAKE_PREFIX_PATH=/opt/ros/humble /usr/bin/cmake --build /home/amitabh/ROS2_CashierSystem/build/tutorial_interfaces -- -j8 -l8
[1.910s] [  2%] [34m[1mGenerating C code for ROS interfaces[0m
[1.921s] [  5%] [34m[1mGenerating C++ code for ROS interfaces[0m
[1.933s] [  5%] Built target ament_cmake_python_copy_tutorial_interfaces
[2.168s] running egg_info
[2.168s] creating tutorial_interfaces.egg-info
[2.168s] writing tutorial_interfaces.egg-info/PKG-INFO
[2.169s] writing dependency_links to tutorial_interfaces.egg-info/dependency_links.txt
[2.169s] writing top-level names to tutorial_interfaces.egg-info/top_level.txt
[2.170s] writing manifest file 'tutorial_interfaces.egg-info/SOURCES.txt'
[2.173s] reading manifest file 'tutorial_interfaces.egg-info/SOURCES.txt'
[2.173s] writing manifest file 'tutorial_interfaces.egg-info/SOURCES.txt'
[2.222s] [  5%] Built target ament_cmake_python_build_tutorial_interfaces_egg
[2.270s] [ 10%] [32mBuilding C object CMakeFiles/tutorial_interfaces__rosidl_generator_c.dir/rosidl_generator_c/tutorial_interfaces/srv/detail/display__functions.c.o[0m
[2.270s] [ 10%] [32mBuilding C object CMakeFiles/tutorial_interfaces__rosidl_generator_c.dir/rosidl_generator_c/tutorial_interfaces/msg/detail/num__functions.c.o[0m
[2.274s] [ 10%] Built target tutorial_interfaces__cpp
[2.286s] [ 15%] [34m[1mGenerating C++ introspection for ROS interfaces[0m
[2.286s] [ 15%] [34m[1mGenerating C++ type support dispatch for ROS interfaces[0m
[2.286s] [ 17%] [34m[1mGenerating C++ type support for eProsima Fast-RTPS[0m
[2.347s] [ 20%] [32m[1mLinking C shared library libtutorial_interfaces__rosidl_generator_c.so[0m
[2.393s] [ 20%] Built target tutorial_interfaces__rosidl_generator_c
[2.408s] [ 25%] [34m[1mGenerating C type support dispatch for ROS interfaces[0m
[2.408s] [ 28%] [34m[1mGenerating C introspection for ROS interfaces[0m
[2.409s] [ 28%] [34m[1mGenerating C type support for eProsima Fast-RTPS[0m
[2.577s] [ 33%] [32mBuilding CXX object CMakeFiles/tutorial_interfaces__rosidl_typesupport_cpp.dir/rosidl_typesupport_cpp/tutorial_interfaces/msg/num__type_support.cpp.o[0m
[2.577s] [ 33%] [32mBuilding CXX object CMakeFiles/tutorial_interfaces__rosidl_typesupport_cpp.dir/rosidl_typesupport_cpp/tutorial_interfaces/srv/display__type_support.cpp.o[0m
[2.731s] [ 35%] [32mBuilding CXX object CMakeFiles/tutorial_interfaces__rosidl_typesupport_introspection_cpp.dir/rosidl_typesupport_introspection_cpp/tutorial_interfaces/srv/detail/display__type_support.cpp.o[0m
[2.738s] [ 38%] [32mBuilding CXX object CMakeFiles/tutorial_interfaces__rosidl_typesupport_introspection_cpp.dir/rosidl_typesupport_introspection_cpp/tutorial_interfaces/msg/detail/num__type_support.cpp.o[0m
[2.759s] [ 41%] [32mBuilding CXX object CMakeFiles/tutorial_interfaces__rosidl_typesupport_fastrtps_cpp.dir/rosidl_typesupport_fastrtps_cpp/tutorial_interfaces/msg/detail/dds_fastrtps/num__type_support.cpp.o[0m
[2.820s] [ 43%] [32mBuilding CXX object CMakeFiles/tutorial_interfaces__rosidl_typesupport_fastrtps_c.dir/rosidl_typesupport_fastrtps_c/tutorial_interfaces/msg/detail/num__type_support_c.cpp.o[0m
[2.836s] [ 46%] [32mBuilding CXX object CMakeFiles/tutorial_interfaces__rosidl_typesupport_c.dir/rosidl_typesupport_c/tutorial_interfaces/msg/num__type_support.cpp.o[0m
[2.885s] [ 48%] [32mBuilding CXX object CMakeFiles/tutorial_interfaces__rosidl_typesupport_c.dir/rosidl_typesupport_c/tutorial_interfaces/srv/display__type_support.cpp.o[0m
[2.905s] [ 51%] [32mBuilding C object CMakeFiles/tutorial_interfaces__rosidl_typesupport_introspection_c.dir/rosidl_typesupport_introspection_c/tutorial_interfaces/msg/detail/num__type_support.c.o[0m
[2.942s] [ 53%] [32m[1mLinking CXX shared library libtutorial_interfaces__rosidl_typesupport_c.so[0m
[2.967s] [ 56%] [32mBuilding C object CMakeFiles/tutorial_interfaces__rosidl_typesupport_introspection_c.dir/rosidl_typesupport_introspection_c/tutorial_interfaces/srv/detail/display__type_support.c.o[0m
[2.975s] [ 58%] [32mBuilding CXX object CMakeFiles/tutorial_interfaces__rosidl_typesupport_fastrtps_cpp.dir/rosidl_typesupport_fastrtps_cpp/tutorial_interfaces/srv/detail/dds_fastrtps/display__type_support.cpp.o[0m
[3.024s] [ 58%] Built target tutorial_interfaces__rosidl_typesupport_c
[3.030s] [ 61%] [32m[1mLinking C shared library libtutorial_interfaces__rosidl_typesupport_introspection_c.so[0m
[3.040s] [ 64%] [32m[1mLinking CXX shared library libtutorial_interfaces__rosidl_typesupport_cpp.so[0m
[3.042s] [ 66%] [32mBuilding CXX object CMakeFiles/tutorial_interfaces__rosidl_typesupport_fastrtps_c.dir/rosidl_typesupport_fastrtps_c/tutorial_interfaces/srv/detail/display__type_support_c.cpp.o[0m
[3.107s] [ 66%] Built target tutorial_interfaces__rosidl_typesupport_introspection_c
[3.151s] [ 66%] Built target tutorial_interfaces__rosidl_typesupport_cpp
[3.389s] [ 69%] [32m[1mLinking CXX shared library libtutorial_interfaces__rosidl_typesupport_introspection_cpp.so[0m
[3.491s] [ 69%] Built target tutorial_interfaces__rosidl_typesupport_introspection_cpp
[3.561s] [ 71%] [32m[1mLinking CXX shared library libtutorial_interfaces__rosidl_typesupport_fastrtps_c.so[0m
[3.602s] [ 74%] [32m[1mLinking CXX shared library libtutorial_interfaces__rosidl_typesupport_fastrtps_cpp.so[0m
[3.681s] [ 74%] Built target tutorial_interfaces__rosidl_typesupport_fastrtps_c
[3.715s] [ 74%] Built target tutorial_interfaces__rosidl_typesupport_fastrtps_cpp
[3.739s] [ 74%] Built target tutorial_interfaces
[3.765s] [ 76%] [34m[1mGenerating Python code for ROS interfaces[0m
[4.162s] [ 76%] Built target tutorial_interfaces__py
[4.187s] [ 82%] [32mBuilding C object CMakeFiles/tutorial_interfaces__rosidl_generator_py.dir/rosidl_generator_py/tutorial_interfaces/srv/_display_s.c.o[0m
[4.187s] [ 82%] [32mBuilding C object CMakeFiles/tutorial_interfaces__rosidl_generator_py.dir/rosidl_generator_py/tutorial_interfaces/msg/_num_s.c.o[0m
[4.295s] [ 84%] [32m[1mLinking C shared library rosidl_generator_py/tutorial_interfaces/libtutorial_interfaces__rosidl_generator_py.so[0m
[4.346s] [ 84%] Built target tutorial_interfaces__rosidl_generator_py
[4.369s] [ 92%] [32mBuilding C object CMakeFiles/tutorial_interfaces__rosidl_typesupport_introspection_c__pyext.dir/rosidl_generator_py/tutorial_interfaces/_tutorial_interfaces_s.ep.rosidl_typesupport_introspection_c.c.o[0m
[4.369s] [ 92%] [32mBuilding C object CMakeFiles/tutorial_interfaces__rosidl_typesupport_c__pyext.dir/rosidl_generator_py/tutorial_interfaces/_tutorial_interfaces_s.ep.rosidl_typesupport_c.c.o[0m
[4.369s] [ 92%] [32mBuilding C object CMakeFiles/tutorial_interfaces__rosidl_typesupport_fastrtps_c__pyext.dir/rosidl_generator_py/tutorial_interfaces/_tutorial_interfaces_s.ep.rosidl_typesupport_fastrtps_c.c.o[0m
[4.477s] [100%] [32m[1mLinking C shared library rosidl_generator_py/tutorial_interfaces/tutorial_interfaces_s__rosidl_typesupport_c.cpython-310-x86_64-linux-gnu.so[0m
[4.477s] [100%] [32m[1mLinking C shared library rosidl_generator_py/tutorial_interfaces/tutorial_interfaces_s__rosidl_typesupport_introspection_c.cpython-310-x86_64-linux-gnu.so[0m
[4.477s] [100%] [32m[1mLinking C shared library rosidl_generator_py/tutorial_interfaces/tutorial_interfaces_s__rosidl_typesupport_fastrtps_c.cpython-310-x86_64-linux-gnu.so[0m
[4.521s] [100%] Built target tutorial_interfaces__rosidl_typesupport_fastrtps_c__pyext
[4.521s] [100%] Built target tutorial_interfaces__rosidl_typesupport_introspection_c__pyext
[4.521s] [100%] Built target tutorial_interfaces__rosidl_typesupport_c__pyext
[4.536s] Invoked command in '/home/amitabh/ROS2_CashierSystem/build/tutorial_interfaces' returned '0': CMAKE_PREFIX_PATH=/opt/ros/humble /usr/bin/cmake --build /home/amitabh/ROS2_CashierSystem/build/tutorial_interfaces -- -j8 -l8
[4.548s] Invoking command in '/home/amitabh/ROS2_CashierSystem/build/tutorial_interfaces': CMAKE_PREFIX_PATH=/opt/ros/humble /usr/bin/cmake --install /home/amitabh/ROS2_CashierSystem/build/tutorial_interfaces
[4.557s] -- Install configuration: ""
[4.557s] -- Installing: /home/amitabh/ROS2_CashierSystem/install/tutorial_interfaces/share/ament_index/resource_index/rosidl_interfaces/tutorial_interfaces
[4.557s] -- Installing: /home/amitabh/ROS2_CashierSystem/install/tutorial_interfaces/include/tutorial_interfaces/tutorial_interfaces
[4.557s] -- Installing: /home/amitabh/ROS2_CashierSystem/install/tutorial_interfaces/include/tutorial_interfaces/tutorial_interfaces/msg
[4.557s] -- Installing: /home/amitabh/ROS2_CashierSystem/install/tutorial_interfaces/include/tutorial_interfaces/tutorial_interfaces/msg/detail
[4.558s] -- Installing: /home/amitabh/ROS2_CashierSystem/install/tutorial_interfaces/include/tutorial_interfaces/tutorial_interfaces/msg/detail/num__functions.c
[4.558s] -- Installing: /home/amitabh/ROS2_CashierSystem/install/tutorial_interfaces/include/tutorial_interfaces/tutorial_interfaces/msg/detail/num__functions.h
[4.558s] -- Installing: /home/amitabh/ROS2_CashierSystem/install/tutorial_interfaces/include/tutorial_interfaces/tutorial_interfaces/msg/detail/num__struct.h
[4.558s] -- Installing: /home/amitabh/ROS2_CashierSystem/install/tutorial_interfaces/include/tutorial_interfaces/tutorial_interfaces/msg/detail/num__type_support.h
[4.558s] -- Installing: /home/amitabh/ROS2_CashierSystem/install/tutorial_interfaces/include/tutorial_interfaces/tutorial_interfaces/msg/num.h
[4.558s] -- Installing: /home/amitabh/ROS2_CashierSystem/install/tutorial_interfaces/include/tutorial_interfaces/tutorial_interfaces/msg/rosidl_generator_c__visibility_control.h
[4.558s] -- Installing: /home/amitabh/ROS2_CashierSystem/install/tutorial_interfaces/include/tutorial_interfaces/tutorial_interfaces/srv
[4.559s] -- Installing: /home/amitabh/ROS2_CashierSystem/install/tutorial_interfaces/include/tutorial_interfaces/tutorial_interfaces/srv/detail
[4.559s] -- Installing: /home/amitabh/ROS2_CashierSystem/install/tutorial_interfaces/include/tutorial_interfaces/tutorial_interfaces/srv/detail/display__struct.h
[4.559s] -- Installing: /home/amitabh/ROS2_CashierSystem/install/tutorial_interfaces/include/tutorial_interfaces/tutorial_interfaces/srv/detail/display__functions.c
[4.559s] -- Installing: /home/amitabh/ROS2_CashierSystem/install/tutorial_interfaces/include/tutorial_interfaces/tutorial_interfaces/srv/detail/display__functions.h
[4.559s] -- Installing: /home/amitabh/ROS2_CashierSystem/install/tutorial_interfaces/include/tutorial_interfaces/tutorial_interfaces/srv/detail/display__type_support.h
[4.559s] -- Installing: /home/amitabh/ROS2_CashierSystem/install/tutorial_interfaces/include/tutorial_interfaces/tutorial_interfaces/srv/display.h
[4.559s] -- Installing: /home/amitabh/ROS2_CashierSystem/install/tutorial_interfaces/share/tutorial_interfaces/environment/library_path.sh
[4.559s] -- Installing: /home/amitabh/ROS2_CashierSystem/install/tutorial_interfaces/share/tutorial_interfaces/environment/library_path.dsv
[4.560s] -- Installing: /home/amitabh/ROS2_CashierSystem/install/tutorial_interfaces/lib/libtutorial_interfaces__rosidl_generator_c.so
[4.560s] -- Set runtime path of "/home/amitabh/ROS2_CashierSystem/install/tutorial_interfaces/lib/libtutorial_interfaces__rosidl_generator_c.so" to ""
[4.560s] -- Up-to-date: /home/amitabh/ROS2_CashierSystem/install/tutorial_interfaces/include/tutorial_interfaces/tutorial_interfaces
[4.560s] -- Up-to-date: /home/amitabh/ROS2_CashierSystem/install/tutorial_interfaces/include/tutorial_interfaces/tutorial_interfaces/msg
[4.560s] -- Up-to-date: /home/amitabh/ROS2_CashierSystem/install/tutorial_interfaces/include/tutorial_interfaces/tutorial_interfaces/msg/detail
[4.560s] -- Installing: /home/amitabh/ROS2_CashierSystem/install/tutorial_interfaces/include/tutorial_interfaces/tutorial_interfaces/msg/detail/num__rosidl_typesupport_fastrtps_c.h
[4.561s] -- Installing: /home/amitabh/ROS2_CashierSystem/install/tutorial_interfaces/include/tutorial_interfaces/tutorial_interfaces/msg/rosidl_typesupport_fastrtps_c__visibility_control.h
[4.561s] -- Up-to-date: /home/amitabh/ROS2_CashierSystem/install/tutorial_interfaces/include/tutorial_interfaces/tutorial_interfaces/srv
[4.561s] -- Up-to-date: /home/amitabh/ROS2_CashierSystem/install/tutorial_interfaces/include/tutorial_interfaces/tutorial_interfaces/srv/detail
[4.561s] -- Installing: /home/amitabh/ROS2_CashierSystem/install/tutorial_interfaces/include/tutorial_interfaces/tutorial_interfaces/srv/detail/display__rosidl_typesupport_fastrtps_c.h
[4.561s] -- Installing: /home/amitabh/ROS2_CashierSystem/install/tutorial_interfaces/lib/libtutorial_interfaces__rosidl_typesupport_fastrtps_c.so
[4.561s] -- Set runtime path of "/home/amitabh/ROS2_CashierSystem/install/tutorial_interfaces/lib/libtutorial_interfaces__rosidl_typesupport_fastrtps_c.so" to ""
[4.561s] -- Up-to-date: /home/amitabh/ROS2_CashierSystem/install/tutorial_interfaces/include/tutorial_interfaces/tutorial_interfaces
[4.561s] -- Up-to-date: /home/amitabh/ROS2_CashierSystem/install/tutorial_interfaces/include/tutorial_interfaces/tutorial_interfaces/msg
[4.561s] -- Up-to-date: /home/amitabh/ROS2_CashierSystem/install/tutorial_interfaces/include/tutorial_interfaces/tutorial_interfaces/msg/detail
[4.562s] -- Installing: /home/amitabh/ROS2_CashierSystem/install/tutorial_interfaces/include/tutorial_interfaces/tutorial_interfaces/msg/detail/num__builder.hpp
[4.562s] -- Installing: /home/amitabh/ROS2_CashierSystem/install/tutorial_interfaces/include/tutorial_interfaces/tutorial_interfaces/msg/detail/num__traits.hpp
[4.562s] -- Installing: /home/amitabh/ROS2_CashierSystem/install/tutorial_interfaces/include/tutorial_interfaces/tutorial_interfaces/msg/detail/num__struct.hpp
[4.562s] -- Installing: /home/amitabh/ROS2_CashierSystem/install/tutorial_interfaces/include/tutorial_interfaces/tutorial_interfaces/msg/detail/num__type_support.hpp
[4.562s] -- Installing: /home/amitabh/ROS2_CashierSystem/install/tutorial_interfaces/include/tutorial_interfaces/tutorial_interfaces/msg/rosidl_generator_cpp__visibility_control.hpp
[4.562s] -- Installing: /home/amitabh/ROS2_CashierSystem/install/tutorial_interfaces/include/tutorial_interfaces/tutorial_interfaces/msg/num.hpp
[4.562s] -- Up-to-date: /home/amitabh/ROS2_CashierSystem/install/tutorial_interfaces/include/tutorial_interfaces/tutorial_interfaces/srv
[4.562s] -- Up-to-date: /home/amitabh/ROS2_CashierSystem/install/tutorial_interfaces/include/tutorial_interfaces/tutorial_interfaces/srv/detail
[4.562s] -- Installing: /home/amitabh/ROS2_CashierSystem/install/tutorial_interfaces/include/tutorial_interfaces/tutorial_interfaces/srv/detail/display__builder.hpp
[4.563s] -- Installing: /home/amitabh/ROS2_CashierSystem/install/tutorial_interfaces/include/tutorial_interfaces/tutorial_interfaces/srv/detail/display__traits.hpp
[4.563s] -- Installing: /home/amitabh/ROS2_CashierSystem/install/tutorial_interfaces/include/tutorial_interfaces/tutorial_interfaces/srv/detail/display__struct.hpp
[4.563s] -- Installing: /home/amitabh/ROS2_CashierSystem/install/tutorial_interfaces/include/tutorial_interfaces/tutorial_interfaces/srv/detail/display__type_support.hpp
[4.563s] -- Installing: /home/amitabh/ROS2_CashierSystem/install/tutorial_interfaces/include/tutorial_interfaces/tutorial_interfaces/srv/display.hpp
[4.563s] -- Up-to-date: /home/amitabh/ROS2_CashierSystem/install/tutorial_interfaces/include/tutorial_interfaces/tutorial_interfaces
[4.563s] -- Up-to-date: /home/amitabh/ROS2_CashierSystem/install/tutorial_interfaces/include/tutorial_interfaces/tutorial_interfaces/msg
[4.563s] -- Up-to-date: /home/amitabh/ROS2_CashierSystem/install/tutorial_interfaces/include/tutorial_interfaces/tutorial_interfaces/msg/detail
[4.563s] -- Installing: /home/amitabh/ROS2_CashierSystem/install/tutorial_interfaces/include/tutorial_interfaces/tutorial_interfaces/msg/detail/dds_fastrtps
[4.563s] -- Installing: /home/amitabh/ROS2_CashierSystem/install/tutorial_interfaces/include/tutorial_interfaces/tutorial_interfaces/msg/detail/num__rosidl_typesupport_fastrtps_cpp.hpp
[4.564s] -- Installing: /home/amitabh/ROS2_CashierSystem/install/tutorial_interfaces/include/tutorial_interfaces/tutorial_interfaces/msg/rosidl_typesupport_fastrtps_cpp__visibility_control.h
[4.564s] -- Up-to-date: /home/amitabh/ROS2_CashierSystem/install/tutorial_interfaces/include/tutorial_interfaces/tutorial_interfaces/srv
[4.564s] -- Up-to-date: /home/amitabh/ROS2_CashierSystem/install/tutorial_interfaces/include/tutorial_interfaces/tutorial_interfaces/srv/detail
[4.564s] -- Installing: /home/amitabh/ROS2_CashierSystem/install/tutorial_interfaces/include/tutorial_interfaces/tutorial_interfaces/srv/detail/dds_fastrtps
[4.564s] -- Installing: /home/amitabh/ROS2_CashierSystem/install/tutorial_interfaces/include/tutorial_interfaces/tutorial_interfaces/srv/detail/display__rosidl_typesupport_fastrtps_cpp.hpp
[4.564s] -- Installing: /home/amitabh/ROS2_CashierSystem/install/tutorial_interfaces/lib/libtutorial_interfaces__rosidl_typesupport_fastrtps_cpp.so
[4.564s] -- Set runtime path of "/home/amitabh/ROS2_CashierSystem/install/tutorial_interfaces/lib/libtutorial_interfaces__rosidl_typesupport_fastrtps_cpp.so" to ""
[4.564s] -- Up-to-date: /home/amitabh/ROS2_CashierSystem/install/tutorial_interfaces/include/tutorial_interfaces/tutorial_interfaces
[4.564s] -- Up-to-date: /home/amitabh/ROS2_CashierSystem/install/tutorial_interfaces/include/tutorial_interfaces/tutorial_interfaces/msg
[4.564s] -- Up-to-date: /home/amitabh/ROS2_CashierSystem/install/tutorial_interfaces/include/tutorial_interfaces/tutorial_interfaces/msg/detail
[4.565s] -- Installing: /home/amitabh/ROS2_CashierSystem/install/tutorial_interfaces/include/tutorial_interfaces/tutorial_interfaces/msg/detail/num__rosidl_typesupport_introspection_c.h
[4.565s] -- Installing: /home/amitabh/ROS2_CashierSystem/install/tutorial_interfaces/include/tutorial_interfaces/tutorial_interfaces/msg/detail/num__type_support.c
[4.565s] -- Installing: /home/amitabh/ROS2_CashierSystem/install/tutorial_interfaces/include/tutorial_interfaces/tutorial_interfaces/msg/rosidl_typesupport_introspection_c__visibility_control.h
[4.565s] -- Up-to-date: /home/amitabh/ROS2_CashierSystem/install/tutorial_interfaces/include/tutorial_interfaces/tutorial_interfaces/srv
[4.565s] -- Up-to-date: /home/amitabh/ROS2_CashierSystem/install/tutorial_interfaces/include/tutorial_interfaces/tutorial_interfaces/srv/detail
[4.565s] -- Installing: /home/amitabh/ROS2_CashierSystem/install/tutorial_interfaces/include/tutorial_interfaces/tutorial_interfaces/srv/detail/display__rosidl_typesupport_introspection_c.h
[4.565s] -- Installing: /home/amitabh/ROS2_CashierSystem/install/tutorial_interfaces/include/tutorial_interfaces/tutorial_interfaces/srv/detail/display__type_support.c
[4.565s] -- Installing: /home/amitabh/ROS2_CashierSystem/install/tutorial_interfaces/lib/libtutorial_interfaces__rosidl_typesupport_introspection_c.so
[4.565s] -- Set runtime path of "/home/amitabh/ROS2_CashierSystem/install/tutorial_interfaces/lib/libtutorial_interfaces__rosidl_typesupport_introspection_c.so" to ""
[4.566s] -- Installing: /home/amitabh/ROS2_CashierSystem/install/tutorial_interfaces/lib/libtutorial_interfaces__rosidl_typesupport_c.so
[4.566s] -- Set runtime path of "/home/amitabh/ROS2_CashierSystem/install/tutorial_interfaces/lib/libtutorial_interfaces__rosidl_typesupport_c.so" to ""
[4.566s] -- Up-to-date: /home/amitabh/ROS2_CashierSystem/install/tutorial_interfaces/include/tutorial_interfaces/tutorial_interfaces
[4.566s] -- Up-to-date: /home/amitabh/ROS2_CashierSystem/install/tutorial_interfaces/include/tutorial_interfaces/tutorial_interfaces/msg
[4.566s] -- Up-to-date: /home/amitabh/ROS2_CashierSystem/install/tutorial_interfaces/include/tutorial_interfaces/tutorial_interfaces/msg/detail
[4.566s] -- Installing: /home/amitabh/ROS2_CashierSystem/install/tutorial_interfaces/include/tutorial_interfaces/tutorial_interfaces/msg/detail/num__rosidl_typesupport_introspection_cpp.hpp
[4.566s] -- Installing: /home/amitabh/ROS2_CashierSystem/install/tutorial_interfaces/include/tutorial_interfaces/tutorial_interfaces/msg/detail/num__type_support.cpp
[4.566s] -- Up-to-date: /home/amitabh/ROS2_CashierSystem/install/tutorial_interfaces/include/tutorial_interfaces/tutorial_interfaces/srv
[4.567s] -- Up-to-date: /home/amitabh/ROS2_CashierSystem/install/tutorial_interfaces/include/tutorial_interfaces/tutorial_interfaces/srv/detail
[4.567s] -- Installing: /home/amitabh/ROS2_CashierSystem/install/tutorial_interfaces/include/tutorial_interfaces/tutorial_interfaces/srv/detail/display__type_support.cpp
[4.567s] -- Installing: /home/amitabh/ROS2_CashierSystem/install/tutorial_interfaces/include/tutorial_interfaces/tutorial_interfaces/srv/detail/display__rosidl_typesupport_introspection_cpp.hpp
[4.567s] -- Installing: /home/amitabh/ROS2_CashierSystem/install/tutorial_interfaces/lib/libtutorial_interfaces__rosidl_typesupport_introspection_cpp.so
[4.567s] -- Set runtime path of "/home/amitabh/ROS2_CashierSystem/install/tutorial_interfaces/lib/libtutorial_interfaces__rosidl_typesupport_introspection_cpp.so" to ""
[4.567s] -- Installing: /home/amitabh/ROS2_CashierSystem/install/tutorial_interfaces/lib/libtutorial_interfaces__rosidl_typesupport_cpp.so
[4.567s] -- Set runtime path of "/home/amitabh/ROS2_CashierSystem/install/tutorial_interfaces/lib/libtutorial_interfaces__rosidl_typesupport_cpp.so" to ""
[4.567s] -- Installing: /home/amitabh/ROS2_CashierSystem/install/tutorial_interfaces/share/tutorial_interfaces/environment/pythonpath.sh
[4.568s] -- Installing: /home/amitabh/ROS2_CashierSystem/install/tutorial_interfaces/share/tutorial_interfaces/environment/pythonpath.dsv
[4.568s] -- Installing: /home/amitabh/ROS2_CashierSystem/install/tutorial_interfaces/local/lib/python3.10/dist-packages/tutorial_interfaces-0.0.0-py3.10.egg-info
[4.568s] -- Installing: /home/amitabh/ROS2_CashierSystem/install/tutorial_interfaces/local/lib/python3.10/dist-packages/tutorial_interfaces-0.0.0-py3.10.egg-info/SOURCES.txt
[4.568s] -- Installing: /home/amitabh/ROS2_CashierSystem/install/tutorial_interfaces/local/lib/python3.10/dist-packages/tutorial_interfaces-0.0.0-py3.10.egg-info/top_level.txt
[4.568s] -- Installing: /home/amitabh/ROS2_CashierSystem/install/tutorial_interfaces/local/lib/python3.10/dist-packages/tutorial_interfaces-0.0.0-py3.10.egg-info/dependency_links.txt
[4.568s] -- Installing: /home/amitabh/ROS2_CashierSystem/install/tutorial_interfaces/local/lib/python3.10/dist-packages/tutorial_interfaces-0.0.0-py3.10.egg-info/PKG-INFO
[4.568s] -- Installing: /home/amitabh/ROS2_CashierSystem/install/tutorial_interfaces/local/lib/python3.10/dist-packages/tutorial_interfaces
[4.569s] -- Installing: /home/amitabh/ROS2_CashierSystem/install/tutorial_interfaces/local/lib/python3.10/dist-packages/tutorial_interfaces/_tutorial_interfaces_s.ep.rosidl_typesupport_c.c
[4.569s] -- Installing: /home/amitabh/ROS2_CashierSystem/install/tutorial_interfaces/local/lib/python3.10/dist-packages/tutorial_interfaces/msg
[4.569s] -- Installing: /home/amitabh/ROS2_CashierSystem/install/tutorial_interfaces/local/lib/python3.10/dist-packages/tutorial_interfaces/msg/__init__.py
[4.569s] -- Installing: /home/amitabh/ROS2_CashierSystem/install/tutorial_interfaces/local/lib/python3.10/dist-packages/tutorial_interfaces/msg/_num_s.c
[4.569s] -- Installing: /home/amitabh/ROS2_CashierSystem/install/tutorial_interfaces/local/lib/python3.10/dist-packages/tutorial_interfaces/msg/_num.py
[4.569s] -- Installing: /home/amitabh/ROS2_CashierSystem/install/tutorial_interfaces/local/lib/python3.10/dist-packages/tutorial_interfaces/tutorial_interfaces_s__rosidl_typesupport_fastrtps_c.cpython-310-x86_64-linux-gnu.so
[4.569s] -- Installing: /home/amitabh/ROS2_CashierSystem/install/tutorial_interfaces/local/lib/python3.10/dist-packages/tutorial_interfaces/_tutorial_interfaces_s.ep.rosidl_typesupport_introspection_c.c
[4.569s] -- Installing: /home/amitabh/ROS2_CashierSystem/install/tutorial_interfaces/local/lib/python3.10/dist-packages/tutorial_interfaces/srv
[4.570s] -- Installing: /home/amitabh/ROS2_CashierSystem/install/tutorial_interfaces/local/lib/python3.10/dist-packages/tutorial_interfaces/srv/_display_s.c
[4.570s] -- Installing: /home/amitabh/ROS2_CashierSystem/install/tutorial_interfaces/local/lib/python3.10/dist-packages/tutorial_interfaces/srv/_display.py
[4.570s] -- Installing: /home/amitabh/ROS2_CashierSystem/install/tutorial_interfaces/local/lib/python3.10/dist-packages/tutorial_interfaces/srv/__init__.py
[4.570s] -- Installing: /home/amitabh/ROS2_CashierSystem/install/tutorial_interfaces/local/lib/python3.10/dist-packages/tutorial_interfaces/tutorial_interfaces_s__rosidl_typesupport_introspection_c.cpython-310-x86_64-linux-gnu.so
[4.570s] -- Installing: /home/amitabh/ROS2_CashierSystem/install/tutorial_interfaces/local/lib/python3.10/dist-packages/tutorial_interfaces/_tutorial_interfaces_s.ep.rosidl_typesupport_fastrtps_c.c
[4.570s] -- Installing: /home/amitabh/ROS2_CashierSystem/install/tutorial_interfaces/local/lib/python3.10/dist-packages/tutorial_interfaces/tutorial_interfaces_s__rosidl_typesupport_c.cpython-310-x86_64-linux-gnu.so
[4.570s] -- Installing: /home/amitabh/ROS2_CashierSystem/install/tutorial_interfaces/local/lib/python3.10/dist-packages/tutorial_interfaces/libtutorial_interfaces__rosidl_generator_py.so
[4.571s] -- Installing: /home/amitabh/ROS2_CashierSystem/install/tutorial_interfaces/local/lib/python3.10/dist-packages/tutorial_interfaces/__init__.py
[4.602s] Listing '/home/amitabh/ROS2_CashierSystem/install/tutorial_interfaces/local/lib/python3.10/dist-packages/tutorial_interfaces'...
[4.602s] Compiling '/home/amitabh/ROS2_CashierSystem/install/tutorial_interfaces/local/lib/python3.10/dist-packages/tutorial_interfaces/__init__.py'...
[4.602s] Listing '/home/amitabh/ROS2_CashierSystem/install/tutorial_interfaces/local/lib/python3.10/dist-packages/tutorial_interfaces/msg'...
[4.603s] Compiling '/home/amitabh/ROS2_CashierSystem/install/tutorial_interfaces/local/lib/python3.10/dist-packages/tutorial_interfaces/msg/__init__.py'...
[4.603s] Compiling '/home/amitabh/ROS2_CashierSystem/install/tutorial_interfaces/local/lib/python3.10/dist-packages/tutorial_interfaces/msg/_num.py'...
[4.603s] Listing '/home/amitabh/ROS2_CashierSystem/install/tutorial_interfaces/local/lib/python3.10/dist-packages/tutorial_interfaces/srv'...
[4.603s] Compiling '/home/amitabh/ROS2_CashierSystem/install/tutorial_interfaces/local/lib/python3.10/dist-packages/tutorial_interfaces/srv/__init__.py'...
[4.603s] Compiling '/home/amitabh/ROS2_CashierSystem/install/tutorial_interfaces/local/lib/python3.10/dist-packages/tutorial_interfaces/srv/_display.py'...
[4.608s] -- Installing: /home/amitabh/ROS2_CashierSystem/install/tutorial_interfaces/local/lib/python3.10/dist-packages/tutorial_interfaces/tutorial_interfaces_s__rosidl_typesupport_fastrtps_c.cpython-310-x86_64-linux-gnu.so
[4.609s] -- Set runtime path of "/home/amitabh/ROS2_CashierSystem/install/tutorial_interfaces/local/lib/python3.10/dist-packages/tutorial_interfaces/tutorial_interfaces_s__rosidl_typesupport_fastrtps_c.cpython-310-x86_64-linux-gnu.so" to ""
[4.609s] -- Installing: /home/amitabh/ROS2_CashierSystem/install/tutorial_interfaces/local/lib/python3.10/dist-packages/tutorial_interfaces/tutorial_interfaces_s__rosidl_typesupport_introspection_c.cpython-310-x86_64-linux-gnu.so
[4.609s] -- Set runtime path of "/home/amitabh/ROS2_CashierSystem/install/tutorial_interfaces/local/lib/python3.10/dist-packages/tutorial_interfaces/tutorial_interfaces_s__rosidl_typesupport_introspection_c.cpython-310-x86_64-linux-gnu.so" to ""
[4.610s] -- Installing: /home/amitabh/ROS2_CashierSystem/install/tutorial_interfaces/local/lib/python3.10/dist-packages/tutorial_interfaces/tutorial_interfaces_s__rosidl_typesupport_c.cpython-310-x86_64-linux-gnu.so
[4.610s] -- Set runtime path of "/home/amitabh/ROS2_CashierSystem/install/tutorial_interfaces/local/lib/python3.10/dist-packages/tutorial_interfaces/tutorial_interfaces_s__rosidl_typesupport_c.cpython-310-x86_64-linux-gnu.so" to ""
[4.610s] -- Installing: /home/amitabh/ROS2_CashierSystem/install/tutorial_interfaces/lib/libtutorial_interfaces__rosidl_generator_py.so
[4.610s] -- Set runtime path of "/home/amitabh/ROS2_CashierSystem/install/tutorial_interfaces/lib/libtutorial_interfaces__rosidl_generator_py.so" to ""
[4.610s] -- Installing: /home/amitabh/ROS2_CashierSystem/install/tutorial_interfaces/share/tutorial_interfaces/msg/Num.idl
[4.611s] -- Installing: /home/amitabh/ROS2_CashierSystem/install/tutorial_interfaces/share/tutorial_interfaces/srv/Display.idl
[4.611s] -- Installing: /home/amitabh/ROS2_CashierSystem/install/tutorial_interfaces/share/tutorial_interfaces/msg/Num.msg
[4.611s] -- Installing: /home/amitabh/ROS2_CashierSystem/install/tutorial_interfaces/share/tutorial_interfaces/srv/Display.srv
[4.611s] -- Installing: /home/amitabh/ROS2_CashierSystem/install/tutorial_interfaces/share/tutorial_interfaces/srv/Display_Request.msg
[4.611s] -- Installing: /home/amitabh/ROS2_CashierSystem/install/tutorial_interfaces/share/tutorial_interfaces/srv/Display_Response.msg
[4.611s] -- Installing: /home/amitabh/ROS2_CashierSystem/install/tutorial_interfaces/share/ament_index/resource_index/package_run_dependencies/tutorial_interfaces
[4.612s] -- Installing: /home/amitabh/ROS2_CashierSystem/install/tutorial_interfaces/share/ament_index/resource_index/parent_prefix_path/tutorial_interfaces
[4.612s] -- Installing: /home/amitabh/ROS2_CashierSystem/install/tutorial_interfaces/share/tutorial_interfaces/environment/ament_prefix_path.sh
[4.612s] -- Installing: /home/amitabh/ROS2_CashierSystem/install/tutorial_interfaces/share/tutorial_interfaces/environment/ament_prefix_path.dsv
[4.612s] -- Installing: /home/amitabh/ROS2_CashierSystem/install/tutorial_interfaces/share/tutorial_interfaces/environment/path.sh
[4.612s] -- Installing: /home/amitabh/ROS2_CashierSystem/install/tutorial_interfaces/share/tutorial_interfaces/environment/path.dsv
[4.612s] -- Installing: /home/amitabh/ROS2_CashierSystem/install/tutorial_interfaces/share/tutorial_interfaces/local_setup.bash
[4.613s] -- Installing: /home/amitabh/ROS2_CashierSystem/install/tutorial_interfaces/share/tutorial_interfaces/local_setup.sh
[4.613s] -- Installing: /home/amitabh/ROS2_CashierSystem/install/tutorial_interfaces/share/tutorial_interfaces/local_setup.zsh
[4.613s] -- Installing: /home/amitabh/ROS2_CashierSystem/install/tutorial_interfaces/share/tutorial_interfaces/local_setup.dsv
[4.613s] -- Installing: /home/amitabh/ROS2_CashierSystem/install/tutorial_interfaces/share/tutorial_interfaces/package.dsv
[4.613s] -- Installing: /home/amitabh/ROS2_CashierSystem/install/tutorial_interfaces/share/ament_index/resource_index/packages/tutorial_interfaces
[4.613s] -- Installing: /home/amitabh/ROS2_CashierSystem/install/tutorial_interfaces/share/tutorial_interfaces/cmake/export_tutorial_interfaces__rosidl_generator_cExport.cmake
[4.614s] -- Installing: /home/amitabh/ROS2_CashierSystem/install/tutorial_interfaces/share/tutorial_interfaces/cmake/export_tutorial_interfaces__rosidl_generator_cExport-noconfig.cmake
[4.614s] -- Installing: /home/amitabh/ROS2_CashierSystem/install/tutorial_interfaces/share/tutorial_interfaces/cmake/export_tutorial_interfaces__rosidl_typesupport_fastrtps_cExport.cmake
[4.614s] -- Installing: /home/amitabh/ROS2_CashierSystem/install/tutorial_interfaces/share/tutorial_interfaces/cmake/export_tutorial_interfaces__rosidl_typesupport_fastrtps_cExport-noconfig.cmake
[4.614s] -- Installing: /home/amitabh/ROS2_CashierSystem/install/tutorial_interfaces/share/tutorial_interfaces/cmake/export_tutorial_interfaces__rosidl_generator_cppExport.cmake
[4.614s] -- Installing: /home/amitabh/ROS2_CashierSystem/install/tutorial_interfaces/share/tutorial_interfaces/cmake/export_tutorial_interfaces__rosidl_typesupport_fastrtps_cppExport.cmake
[4.614s] -- Installing: /home/amitabh/ROS2_CashierSystem/install/tutorial_interfaces/share/tutorial_interfaces/cmake/export_tutorial_interfaces__rosidl_typesupport_fastrtps_cppExport-noconfig.cmake
[4.615s] -- Installing: /home/amitabh/ROS2_CashierSystem/install/tutorial_interfaces/share/tutorial_interfaces/cmake/tutorial_interfaces__rosidl_typesupport_introspection_cExport.cmake
[4.615s] -- Installing: /home/amitabh/ROS2_CashierSystem/install/tutorial_interfaces/share/tutorial_interfaces/cmake/tutorial_interfaces__rosidl_typesupport_introspection_cExport-noconfig.cmake
[4.615s] -- Installing: /home/amitabh/ROS2_CashierSystem/install/tutorial_interfaces/share/tutorial_interfaces/cmake/tutorial_interfaces__rosidl_typesupport_cExport.cmake
[4.615s] -- Installing: /home/amitabh/ROS2_CashierSystem/install/tutorial_interfaces/share/tutorial_interfaces/cmake/tutorial_interfaces__rosidl_typesupport_cExport-noconfig.cmake
[4.615s] -- Installing: /home/amitabh/ROS2_CashierSystem/install/tutorial_interfaces/share/tutorial_interfaces/cmake/tutorial_interfaces__rosidl_typesupport_introspection_cppExport.cmake
[4.615s] -- Installing: /home/amitabh/ROS2_CashierSystem/install/tutorial_interfaces/share/tutorial_interfaces/cmake/tutorial_interfaces__rosidl_typesupport_introspection_cppExport-noconfig.cmake
[4.615s] -- Installing: /home/amitabh/ROS2_CashierSystem/install/tutorial_interfaces/share/tutorial_interfaces/cmake/tutorial_interfaces__rosidl_typesupport_cppExport.cmake
[4.616s] -- Installing: /home/amitabh/ROS2_CashierSystem/install/tutorial_interfaces/share/tutorial_interfaces/cmake/tutorial_interfaces__rosidl_typesupport_cppExport-noconfig.cmake
[4.616s] -- Installing: /home/amitabh/ROS2_CashierSystem/install/tutorial_interfaces/share/tutorial_interfaces/cmake/export_tutorial_interfaces__rosidl_generator_pyExport.cmake
[4.616s] -- Installing: /home/amitabh/ROS2_CashierSystem/install/tutorial_interfaces/share/tutorial_interfaces/cmake/export_tutorial_interfaces__rosidl_generator_pyExport-noconfig.cmake
[4.616s] -- Installing: /home/amitabh/ROS2_CashierSystem/install/tutorial_interfaces/share/tutorial_interfaces/cmake/rosidl_cmake-extras.cmake
[4.616s] -- Installing: /home/amitabh/ROS2_CashierSystem/install/tutorial_interfaces/share/tutorial_interfaces/cmake/ament_cmake_export_dependencies-extras.cmake
[4.616s] -- Installing: /home/amitabh/ROS2_CashierSystem/install/tutorial_interfaces/share/tutorial_interfaces/cmake/ament_cmake_export_include_directories-extras.cmake
[4.617s] -- Installing: /home/amitabh/ROS2_CashierSystem/install/tutorial_interfaces/share/tutorial_interfaces/cmake/ament_cmake_export_libraries-extras.cmake
[4.617s] -- Installing: /home/amitabh/ROS2_CashierSystem/install/tutorial_interfaces/share/tutorial_interfaces/cmake/ament_cmake_export_targets-extras.cmake
[4.617s] -- Installing: /home/amitabh/ROS2_CashierSystem/install/tutorial_interfaces/share/tutorial_interfaces/cmake/rosidl_cmake_export_typesupport_targets-extras.cmake
[4.617s] -- Installing: /home/amitabh/ROS2_CashierSystem/install/tutorial_interfaces/share/tutorial_interfaces/cmake/rosidl_cmake_export_typesupport_libraries-extras.cmake
[4.617s] -- Installing: /home/amitabh/ROS2_CashierSystem/install/tutorial_interfaces/share/tutorial_interfaces/cmake/tutorial_interfacesConfig.cmake
[4.617s] -- Installing: /home/amitabh/ROS2_CashierSystem/install/tutorial_interfaces/share/tutorial_interfaces/cmake/tutorial_interfacesConfig-version.cmake
[4.617s] -- Installing: /home/amitabh/ROS2_CashierSystem/install/tutorial_interfaces/share/tutorial_interfaces/package.xml
[4.621s] Invoked command in '/home/amitabh/ROS2_CashierSystem/build/tutorial_interfaces' returned '0': CMAKE_PREFIX_PATH=/opt/ros/humble /usr/bin/cmake --install /home/amitabh/ROS2_CashierSystem/build/tutorial_interfaces
