[0.012s] Invoking command in '/home/amitabh/ROS2_CashierSystem/build/Display': AMENT_PREFIX_PATH=/home/amitabh/ROS2_CashierSystem/install/tutorial_interfaces:${AMENT_PREFIX_PATH} CMAKE_PREFIX_PATH=/home/amitabh/ROS2_CashierSystem/install/tutorial_interfaces:/opt/ros/humble LD_LIBRARY_PATH=/home/amitabh/ROS2_CashierSystem/install/tutorial_interfaces/lib:${LD_LIBRARY_PATH} PYTHONPATH=/home/amitabh/ROS2_CashierSystem/install/tutorial_interfaces/local/lib/python3.10/dist-packages:${PYTHONPATH} /usr/bin/cmake /home/amitabh/ROS2_CashierSystem/src/Display -DCMAKE_INSTALL_PREFIX=/home/amitabh/ROS2_CashierSystem/install/Display
[0.075s] -- The C compiler identification is GNU 11.4.0
[0.142s] -- The CXX compiler identification is GNU 11.4.0
[0.150s] -- Detecting C compiler ABI info
[0.237s] -- Detecting C compiler ABI info - done
[0.244s] -- Check for working C compiler: /usr/bin/cc - skipped
[0.244s] -- Detecting C compile features
[0.245s] -- Detecting C compile features - done
[0.248s] -- Detecting CXX compiler ABI info
[0.350s] -- Detecting CXX compiler ABI info - done
[0.358s] -- Check for working CXX compiler: /usr/bin/c++ - skipped
[0.358s] -- Detecting CXX compile features
[0.358s] -- Detecting CXX compile features - done
[0.360s] -- Found ament_cmake: 1.3.11 (/opt/ros/humble/share/ament_cmake/cmake)
[0.549s] -- Found Python3: /usr/bin/python3 (found version "3.10.12") found components: Interpreter 
[0.659s] -- Found rclcpp: 16.0.11 (/opt/ros/humble/share/rclcpp/cmake)
[0.697s] -- Found rosidl_generator_c: 3.1.6 (/opt/ros/humble/share/rosidl_generator_c/cmake)
[0.701s] -- Found rosidl_adapter: 3.1.6 (/opt/ros/humble/share/rosidl_adapter/cmake)
[0.709s] -- Found rosidl_generator_cpp: 3.1.6 (/opt/ros/humble/share/rosidl_generator_cpp/cmake)
[0.720s] -- Using all available rosidl_typesupport_c: rosidl_typesupport_fastrtps_c;rosidl_typesupport_introspection_c
[0.735s] -- Using all available rosidl_typesupport_cpp: rosidl_typesupport_fastrtps_cpp;rosidl_typesupport_introspection_cpp
[0.774s] -- Found rmw_implementation_cmake: 6.1.2 (/opt/ros/humble/share/rmw_implementation_cmake/cmake)
[0.777s] -- Found rmw_fastrtps_cpp: 6.2.7 (/opt/ros/humble/share/rmw_fastrtps_cpp/cmake)
[0.885s] -- Found OpenSSL: /usr/lib/x86_64-linux-gnu/libcrypto.so (found version "3.0.2")  
[0.915s] -- Found FastRTPS: /opt/ros/humble/include  
[0.958s] -- Using RMW implementation 'rmw_fastrtps_cpp' as default
[0.965s] -- Looking for pthread.h
[1.053s] -- Looking for pthread.h - found
[1.053s] -- Performing Test CMAKE_HAVE_LIBC_PTHREAD
[1.140s] -- Performing Test CMAKE_HAVE_LIBC_PTHREAD - Success
[1.141s] -- Found Threads: TRUE  
[1.188s] -- Found tutorial_interfaces: 0.0.0 (/home/amitabh/ROS2_CashierSystem/install/tutorial_interfaces/share/tutorial_interfaces/cmake)
[1.212s] [31mCMake Error at CMakeLists.txt:14 (target_include_directories):
[1.213s]   Cannot specify include directories for target "disp_node" which is not
[1.213s]   built by this project.
[1.213s] 
[1.213s] [0m
[1.214s] -- Found ament_lint_auto: 0.12.11 (/opt/ros/humble/share/ament_lint_auto/cmake)
[1.268s] WARNING: Package name "Display" does not follow the naming conventions. It should start with a lower case letter and only contain lower case letters, digits, underscores, and dashes.
[1.301s] -- Added test 'cppcheck' to perform static code analysis on C / C++ code
[1.301s] -- Configured cppcheck include dirs: 
[1.301s] -- Configured cppcheck exclude dirs and/or files: 
[1.301s] -- Added test 'lint_cmake' to check CMake code style
[1.302s] -- Added test 'uncrustify' to check C / C++ code style
[1.303s] -- Configured uncrustify additional arguments: 
[1.303s] -- Added test 'xmllint' to check XML markup files
[1.304s] -- Configuring incomplete, errors occurred!
[1.304s] See also "/home/amitabh/ROS2_CashierSystem/build/Display/CMakeFiles/CMakeOutput.log".
[1.318s] Invoked command in '/home/amitabh/ROS2_CashierSystem/build/Display' returned '1': AMENT_PREFIX_PATH=/home/amitabh/ROS2_CashierSystem/install/tutorial_interfaces:${AMENT_PREFIX_PATH} CMAKE_PREFIX_PATH=/home/amitabh/ROS2_CashierSystem/install/tutorial_interfaces:/opt/ros/humble LD_LIBRARY_PATH=/home/amitabh/ROS2_CashierSystem/install/tutorial_interfaces/lib:${LD_LIBRARY_PATH} PYTHONPATH=/home/amitabh/ROS2_CashierSystem/install/tutorial_interfaces/local/lib/python3.10/dist-packages:${PYTHONPATH} /usr/bin/cmake /home/amitabh/ROS2_CashierSystem/src/Display -DCMAKE_INSTALL_PREFIX=/home/amitabh/ROS2_CashierSystem/install/Display
