[0.095s] DEBUG:colcon:Command line arguments: ['/usr/bin/colcon', 'build']
[0.095s] DEBUG:colcon:Parsed command line arguments: Namespace(log_base=None, log_level=None, verb_name='build', build_base='build', install_base='install', merge_install=False, symlink_install=False, test_result_base=None, continue_on_error=False, executor='parallel', parallel_workers=8, event_handlers=None, ignore_user_meta=False, metas=['./colcon.meta'], base_paths=['.'], packages_ignore=None, packages_ignore_regex=None, paths=None, packages_up_to=None, packages_up_to_regex=None, packages_above=None, packages_above_and_dependencies=None, packages_above_depth=None, packages_select_by_dep=None, packages_skip_by_dep=None, packages_skip_up_to=None, packages_select_build_failed=False, packages_skip_build_finished=False, packages_select_test_failures=False, packages_skip_test_passed=False, packages_select=None, packages_skip=None, packages_select_regex=None, packages_skip_regex=None, packages_start=None, packages_end=None, allow_overriding=[], cmake_args=None, cmake_target=None, cmake_target_skip_unavailable=False, cmake_clean_cache=False, cmake_clean_first=False, cmake_force_configure=False, ament_cmake_args=None, catkin_cmake_args=None, catkin_skip_building_tests=False, verb_parser=<colcon_defaults.argument_parser.defaults.DefaultArgumentsDecorator object at 0x7abb34144c70>, verb_extension=<colcon_core.verb.build.BuildVerb object at 0x7abb341447c0>, main=<bound method BuildVerb.main of <colcon_core.verb.build.BuildVerb object at 0x7abb341447c0>>)
[0.234s] Level 1:colcon.colcon_core.package_discovery:discover_packages(colcon_meta) check parameters
[0.234s] Level 1:colcon.colcon_core.package_discovery:discover_packages(recursive) check parameters
[0.235s] Level 1:colcon.colcon_core.package_discovery:discover_packages(ignore) check parameters
[0.235s] Level 1:colcon.colcon_core.package_discovery:discover_packages(path) check parameters
[0.235s] Level 1:colcon.colcon_core.package_discovery:discover_packages(colcon_meta) discover
[0.235s] Level 1:colcon.colcon_core.package_discovery:discover_packages(recursive) discover
[0.235s] INFO:colcon.colcon_core.package_discovery:Crawling recursively for packages in '/home/amitabh/ROS2_CashierSystem'
[0.235s] Level 1:colcon.colcon_core.package_identification:_identify(.) by extensions ['ignore', 'ignore_ament_install']
[0.235s] Level 1:colcon.colcon_core.package_identification:_identify(.) by extension 'ignore'
[0.235s] Level 1:colcon.colcon_core.package_identification:_identify(.) by extension 'ignore_ament_install'
[0.235s] Level 1:colcon.colcon_core.package_identification:_identify(.) by extensions ['colcon_pkg']
[0.235s] Level 1:colcon.colcon_core.package_identification:_identify(.) by extension 'colcon_pkg'
[0.235s] Level 1:colcon.colcon_core.package_identification:_identify(.) by extensions ['colcon_meta']
[0.235s] Level 1:colcon.colcon_core.package_identification:_identify(.) by extension 'colcon_meta'
[0.235s] Level 1:colcon.colcon_core.package_identification:_identify(.) by extensions ['ros']
[0.235s] Level 1:colcon.colcon_core.package_identification:_identify(.) by extension 'ros'
[0.246s] Level 1:colcon.colcon_core.package_identification:_identify(.) by extensions ['cmake', 'python']
[0.246s] Level 1:colcon.colcon_core.package_identification:_identify(.) by extension 'cmake'
[0.246s] Level 1:colcon.colcon_core.package_identification:_identify(.) by extension 'python'
[0.246s] Level 1:colcon.colcon_core.package_identification:_identify(.) by extensions ['python_setup_py']
[0.246s] Level 1:colcon.colcon_core.package_identification:_identify(.) by extension 'python_setup_py'
[0.247s] Level 1:colcon.colcon_core.package_identification:_identify(build) by extensions ['ignore', 'ignore_ament_install']
[0.247s] Level 1:colcon.colcon_core.package_identification:_identify(build) by extension 'ignore'
[0.247s] Level 1:colcon.colcon_core.package_identification:_identify(build) ignored
[0.247s] Level 1:colcon.colcon_core.package_identification:_identify(install) by extensions ['ignore', 'ignore_ament_install']
[0.247s] Level 1:colcon.colcon_core.package_identification:_identify(install) by extension 'ignore'
[0.247s] Level 1:colcon.colcon_core.package_identification:_identify(install) ignored
[0.247s] Level 1:colcon.colcon_core.package_identification:_identify(log) by extensions ['ignore', 'ignore_ament_install']
[0.247s] Level 1:colcon.colcon_core.package_identification:_identify(log) by extension 'ignore'
[0.247s] Level 1:colcon.colcon_core.package_identification:_identify(log) ignored
[0.247s] Level 1:colcon.colcon_core.package_identification:_identify(src) by extensions ['ignore', 'ignore_ament_install']
[0.247s] Level 1:colcon.colcon_core.package_identification:_identify(src) by extension 'ignore'
[0.247s] Level 1:colcon.colcon_core.package_identification:_identify(src) by extension 'ignore_ament_install'
[0.247s] Level 1:colcon.colcon_core.package_identification:_identify(src) by extensions ['colcon_pkg']
[0.247s] Level 1:colcon.colcon_core.package_identification:_identify(src) by extension 'colcon_pkg'
[0.247s] Level 1:colcon.colcon_core.package_identification:_identify(src) by extensions ['colcon_meta']
[0.247s] Level 1:colcon.colcon_core.package_identification:_identify(src) by extension 'colcon_meta'
[0.247s] Level 1:colcon.colcon_core.package_identification:_identify(src) by extensions ['ros']
[0.247s] Level 1:colcon.colcon_core.package_identification:_identify(src) by extension 'ros'
[0.248s] Level 1:colcon.colcon_core.package_identification:_identify(src) by extensions ['cmake', 'python']
[0.248s] Level 1:colcon.colcon_core.package_identification:_identify(src) by extension 'cmake'
[0.248s] Level 1:colcon.colcon_core.package_identification:_identify(src) by extension 'python'
[0.248s] Level 1:colcon.colcon_core.package_identification:_identify(src) by extensions ['python_setup_py']
[0.248s] Level 1:colcon.colcon_core.package_identification:_identify(src) by extension 'python_setup_py'
[0.248s] Level 1:colcon.colcon_core.package_identification:_identify(src/Display) by extensions ['ignore', 'ignore_ament_install']
[0.248s] Level 1:colcon.colcon_core.package_identification:_identify(src/Display) by extension 'ignore'
[0.248s] Level 1:colcon.colcon_core.package_identification:_identify(src/Display) by extension 'ignore_ament_install'
[0.248s] Level 1:colcon.colcon_core.package_identification:_identify(src/Display) by extensions ['colcon_pkg']
[0.248s] Level 1:colcon.colcon_core.package_identification:_identify(src/Display) by extension 'colcon_pkg'
[0.248s] Level 1:colcon.colcon_core.package_identification:_identify(src/Display) by extensions ['colcon_meta']
[0.248s] Level 1:colcon.colcon_core.package_identification:_identify(src/Display) by extension 'colcon_meta'
[0.248s] Level 1:colcon.colcon_core.package_identification:_identify(src/Display) by extensions ['ros']
[0.248s] Level 1:colcon.colcon_core.package_identification:_identify(src/Display) by extension 'ros'
[0.250s] DEBUG:colcon.colcon_core.package_identification:Package 'src/Display' with type 'ros.ament_cmake' and name 'Display'
[0.250s] Level 1:colcon.colcon_core.package_identification:_identify(src/Publisher) by extensions ['ignore', 'ignore_ament_install']
[0.251s] Level 1:colcon.colcon_core.package_identification:_identify(src/Publisher) by extension 'ignore'
[0.251s] Level 1:colcon.colcon_core.package_identification:_identify(src/Publisher) by extension 'ignore_ament_install'
[0.251s] Level 1:colcon.colcon_core.package_identification:_identify(src/Publisher) by extensions ['colcon_pkg']
[0.251s] Level 1:colcon.colcon_core.package_identification:_identify(src/Publisher) by extension 'colcon_pkg'
[0.251s] Level 1:colcon.colcon_core.package_identification:_identify(src/Publisher) by extensions ['colcon_meta']
[0.251s] Level 1:colcon.colcon_core.package_identification:_identify(src/Publisher) by extension 'colcon_meta'
[0.251s] Level 1:colcon.colcon_core.package_identification:_identify(src/Publisher) by extensions ['ros']
[0.251s] Level 1:colcon.colcon_core.package_identification:_identify(src/Publisher) by extension 'ros'
[0.251s] DEBUG:colcon.colcon_core.package_identification:Package 'src/Publisher' with type 'ros.ament_cmake' and name 'Publisher'
[0.251s] Level 1:colcon.colcon_core.package_identification:_identify(src/Updater) by extensions ['ignore', 'ignore_ament_install']
[0.252s] Level 1:colcon.colcon_core.package_identification:_identify(src/Updater) by extension 'ignore'
[0.252s] Level 1:colcon.colcon_core.package_identification:_identify(src/Updater) by extension 'ignore_ament_install'
[0.252s] Level 1:colcon.colcon_core.package_identification:_identify(src/Updater) by extensions ['colcon_pkg']
[0.252s] Level 1:colcon.colcon_core.package_identification:_identify(src/Updater) by extension 'colcon_pkg'
[0.252s] Level 1:colcon.colcon_core.package_identification:_identify(src/Updater) by extensions ['colcon_meta']
[0.252s] Level 1:colcon.colcon_core.package_identification:_identify(src/Updater) by extension 'colcon_meta'
[0.252s] Level 1:colcon.colcon_core.package_identification:_identify(src/Updater) by extensions ['ros']
[0.252s] Level 1:colcon.colcon_core.package_identification:_identify(src/Updater) by extension 'ros'
[0.252s] DEBUG:colcon.colcon_core.package_identification:Package 'src/Updater' with type 'ros.ament_cmake' and name 'Updater'
[0.252s] Level 1:colcon.colcon_core.package_identification:_identify(src/tutorial_interfaces) by extensions ['ignore', 'ignore_ament_install']
[0.252s] Level 1:colcon.colcon_core.package_identification:_identify(src/tutorial_interfaces) by extension 'ignore'
[0.252s] Level 1:colcon.colcon_core.package_identification:_identify(src/tutorial_interfaces) by extension 'ignore_ament_install'
[0.252s] Level 1:colcon.colcon_core.package_identification:_identify(src/tutorial_interfaces) by extensions ['colcon_pkg']
[0.253s] Level 1:colcon.colcon_core.package_identification:_identify(src/tutorial_interfaces) by extension 'colcon_pkg'
[0.253s] Level 1:colcon.colcon_core.package_identification:_identify(src/tutorial_interfaces) by extensions ['colcon_meta']
[0.253s] Level 1:colcon.colcon_core.package_identification:_identify(src/tutorial_interfaces) by extension 'colcon_meta'
[0.253s] Level 1:colcon.colcon_core.package_identification:_identify(src/tutorial_interfaces) by extensions ['ros']
[0.253s] Level 1:colcon.colcon_core.package_identification:_identify(src/tutorial_interfaces) by extension 'ros'
[0.253s] DEBUG:colcon.colcon_core.package_identification:Package 'src/tutorial_interfaces' with type 'ros.ament_cmake' and name 'tutorial_interfaces'
[0.253s] Level 1:colcon.colcon_core.package_discovery:discover_packages(recursive) using defaults
[0.253s] Level 1:colcon.colcon_core.package_discovery:discover_packages(ignore) discover
[0.253s] Level 1:colcon.colcon_core.package_discovery:discover_packages(ignore) using defaults
[0.253s] Level 1:colcon.colcon_core.package_discovery:discover_packages(path) discover
[0.253s] Level 1:colcon.colcon_core.package_discovery:discover_packages(path) using defaults
[0.272s] Level 1:colcon.colcon_core.package_discovery:discover_packages(prefix_path) check parameters
[0.272s] Level 1:colcon.colcon_core.package_discovery:discover_packages(prefix_path) discover
[0.275s] DEBUG:colcon.colcon_installed_package_information.package_discovery:Found 294 installed packages in /opt/ros/humble
[0.313s] Level 1:colcon.colcon_core.package_discovery:discover_packages(prefix_path) using defaults
[0.347s] Level 5:colcon.colcon_core.verb:set package 'tutorial_interfaces' build argument 'cmake_args' from command line to 'None'
[0.347s] Level 5:colcon.colcon_core.verb:set package 'tutorial_interfaces' build argument 'cmake_target' from command line to 'None'
[0.347s] Level 5:colcon.colcon_core.verb:set package 'tutorial_interfaces' build argument 'cmake_target_skip_unavailable' from command line to 'False'
[0.347s] Level 5:colcon.colcon_core.verb:set package 'tutorial_interfaces' build argument 'cmake_clean_cache' from command line to 'False'
[0.347s] Level 5:colcon.colcon_core.verb:set package 'tutorial_interfaces' build argument 'cmake_clean_first' from command line to 'False'
[0.347s] Level 5:colcon.colcon_core.verb:set package 'tutorial_interfaces' build argument 'cmake_force_configure' from command line to 'False'
[0.347s] Level 5:colcon.colcon_core.verb:set package 'tutorial_interfaces' build argument 'ament_cmake_args' from command line to 'None'
[0.347s] Level 5:colcon.colcon_core.verb:set package 'tutorial_interfaces' build argument 'catkin_cmake_args' from command line to 'None'
[0.347s] Level 5:colcon.colcon_core.verb:set package 'tutorial_interfaces' build argument 'catkin_skip_building_tests' from command line to 'False'
[0.348s] DEBUG:colcon.colcon_core.verb:Building package 'tutorial_interfaces' with the following arguments: {'ament_cmake_args': None, 'build_base': '/home/amitabh/ROS2_CashierSystem/build/tutorial_interfaces', 'catkin_cmake_args': None, 'catkin_skip_building_tests': False, 'cmake_args': None, 'cmake_clean_cache': False, 'cmake_clean_first': False, 'cmake_force_configure': False, 'cmake_target': None, 'cmake_target_skip_unavailable': False, 'install_base': '/home/amitabh/ROS2_CashierSystem/install/tutorial_interfaces', 'merge_install': False, 'path': '/home/amitabh/ROS2_CashierSystem/src/tutorial_interfaces', 'symlink_install': False, 'test_result_base': None}
[0.348s] Level 5:colcon.colcon_core.verb:set package 'Display' build argument 'cmake_args' from command line to 'None'
[0.348s] Level 5:colcon.colcon_core.verb:set package 'Display' build argument 'cmake_target' from command line to 'None'
[0.348s] Level 5:colcon.colcon_core.verb:set package 'Display' build argument 'cmake_target_skip_unavailable' from command line to 'False'
[0.348s] Level 5:colcon.colcon_core.verb:set package 'Display' build argument 'cmake_clean_cache' from command line to 'False'
[0.348s] Level 5:colcon.colcon_core.verb:set package 'Display' build argument 'cmake_clean_first' from command line to 'False'
[0.348s] Level 5:colcon.colcon_core.verb:set package 'Display' build argument 'cmake_force_configure' from command line to 'False'
[0.348s] Level 5:colcon.colcon_core.verb:set package 'Display' build argument 'ament_cmake_args' from command line to 'None'
[0.348s] Level 5:colcon.colcon_core.verb:set package 'Display' build argument 'catkin_cmake_args' from command line to 'None'
[0.348s] Level 5:colcon.colcon_core.verb:set package 'Display' build argument 'catkin_skip_building_tests' from command line to 'False'
[0.348s] DEBUG:colcon.colcon_core.verb:Building package 'Display' with the following arguments: {'ament_cmake_args': None, 'build_base': '/home/amitabh/ROS2_CashierSystem/build/Display', 'catkin_cmake_args': None, 'catkin_skip_building_tests': False, 'cmake_args': None, 'cmake_clean_cache': False, 'cmake_clean_first': False, 'cmake_force_configure': False, 'cmake_target': None, 'cmake_target_skip_unavailable': False, 'install_base': '/home/amitabh/ROS2_CashierSystem/install/Display', 'merge_install': False, 'path': '/home/amitabh/ROS2_CashierSystem/src/Display', 'symlink_install': False, 'test_result_base': None}
[0.348s] Level 5:colcon.colcon_core.verb:set package 'Publisher' build argument 'cmake_args' from command line to 'None'
[0.348s] Level 5:colcon.colcon_core.verb:set package 'Publisher' build argument 'cmake_target' from command line to 'None'
[0.348s] Level 5:colcon.colcon_core.verb:set package 'Publisher' build argument 'cmake_target_skip_unavailable' from command line to 'False'
[0.348s] Level 5:colcon.colcon_core.verb:set package 'Publisher' build argument 'cmake_clean_cache' from command line to 'False'
[0.348s] Level 5:colcon.colcon_core.verb:set package 'Publisher' build argument 'cmake_clean_first' from command line to 'False'
[0.348s] Level 5:colcon.colcon_core.verb:set package 'Publisher' build argument 'cmake_force_configure' from command line to 'False'
[0.348s] Level 5:colcon.colcon_core.verb:set package 'Publisher' build argument 'ament_cmake_args' from command line to 'None'
[0.348s] Level 5:colcon.colcon_core.verb:set package 'Publisher' build argument 'catkin_cmake_args' from command line to 'None'
[0.348s] Level 5:colcon.colcon_core.verb:set package 'Publisher' build argument 'catkin_skip_building_tests' from command line to 'False'
[0.348s] DEBUG:colcon.colcon_core.verb:Building package 'Publisher' with the following arguments: {'ament_cmake_args': None, 'build_base': '/home/amitabh/ROS2_CashierSystem/build/Publisher', 'catkin_cmake_args': None, 'catkin_skip_building_tests': False, 'cmake_args': None, 'cmake_clean_cache': False, 'cmake_clean_first': False, 'cmake_force_configure': False, 'cmake_target': None, 'cmake_target_skip_unavailable': False, 'install_base': '/home/amitabh/ROS2_CashierSystem/install/Publisher', 'merge_install': False, 'path': '/home/amitabh/ROS2_CashierSystem/src/Publisher', 'symlink_install': False, 'test_result_base': None}
[0.349s] Level 5:colcon.colcon_core.verb:set package 'Updater' build argument 'cmake_args' from command line to 'None'
[0.349s] Level 5:colcon.colcon_core.verb:set package 'Updater' build argument 'cmake_target' from command line to 'None'
[0.349s] Level 5:colcon.colcon_core.verb:set package 'Updater' build argument 'cmake_target_skip_unavailable' from command line to 'False'
[0.349s] Level 5:colcon.colcon_core.verb:set package 'Updater' build argument 'cmake_clean_cache' from command line to 'False'
[0.349s] Level 5:colcon.colcon_core.verb:set package 'Updater' build argument 'cmake_clean_first' from command line to 'False'
[0.349s] Level 5:colcon.colcon_core.verb:set package 'Updater' build argument 'cmake_force_configure' from command line to 'False'
[0.349s] Level 5:colcon.colcon_core.verb:set package 'Updater' build argument 'ament_cmake_args' from command line to 'None'
[0.349s] Level 5:colcon.colcon_core.verb:set package 'Updater' build argument 'catkin_cmake_args' from command line to 'None'
[0.349s] Level 5:colcon.colcon_core.verb:set package 'Updater' build argument 'catkin_skip_building_tests' from command line to 'False'
[0.349s] DEBUG:colcon.colcon_core.verb:Building package 'Updater' with the following arguments: {'ament_cmake_args': None, 'build_base': '/home/amitabh/ROS2_CashierSystem/build/Updater', 'catkin_cmake_args': None, 'catkin_skip_building_tests': False, 'cmake_args': None, 'cmake_clean_cache': False, 'cmake_clean_first': False, 'cmake_force_configure': False, 'cmake_target': None, 'cmake_target_skip_unavailable': False, 'install_base': '/home/amitabh/ROS2_CashierSystem/install/Updater', 'merge_install': False, 'path': '/home/amitabh/ROS2_CashierSystem/src/Updater', 'symlink_install': False, 'test_result_base': None}
[0.349s] INFO:colcon.colcon_core.executor:Executing jobs using 'parallel' executor
[0.350s] DEBUG:colcon.colcon_parallel_executor.executor.parallel:run_until_complete
[0.350s] INFO:colcon.colcon_ros.task.ament_cmake.build:Building ROS package in '/home/amitabh/ROS2_CashierSystem/src/tutorial_interfaces' with build type 'ament_cmake'
[0.350s] INFO:colcon.colcon_cmake.task.cmake.build:Building CMake package in '/home/amitabh/ROS2_CashierSystem/src/tutorial_interfaces'
[0.353s] INFO:colcon.colcon_core.plugin_system:Skipping extension 'colcon_core.shell.bat': Not used on non-Windows systems
[0.353s] INFO:colcon.colcon_core.shell:Skip shell extension 'powershell' for command environment: Not usable outside of PowerShell
[0.353s] DEBUG:colcon.colcon_core.shell:Skip shell extension 'dsv' for command environment
[0.364s] DEBUG:colcon.colcon_core.event_handler.log_command:Invoking command in '/home/amitabh/ROS2_CashierSystem/build/tutorial_interfaces': CMAKE_PREFIX_PATH=/opt/ros/humble /usr/bin/cmake --build /home/amitabh/ROS2_CashierSystem/build/tutorial_interfaces -- -j8 -l8
[0.781s] DEBUG:colcon.colcon_core.event_handler.log_command:Invoked command in '/home/amitabh/ROS2_CashierSystem/build/tutorial_interfaces' returned '0': CMAKE_PREFIX_PATH=/opt/ros/humble /usr/bin/cmake --build /home/amitabh/ROS2_CashierSystem/build/tutorial_interfaces -- -j8 -l8
[0.797s] DEBUG:colcon.colcon_core.event_handler.log_command:Invoking command in '/home/amitabh/ROS2_CashierSystem/build/tutorial_interfaces': CMAKE_PREFIX_PATH=/opt/ros/humble /usr/bin/cmake --install /home/amitabh/ROS2_CashierSystem/build/tutorial_interfaces
[0.851s] Level 1:colcon.colcon_core.environment:create_environment_scripts_only(tutorial_interfaces)
[0.852s] DEBUG:colcon.colcon_core.event_handler.log_command:Invoked command in '/home/amitabh/ROS2_CashierSystem/build/tutorial_interfaces' returned '0': CMAKE_PREFIX_PATH=/opt/ros/humble /usr/bin/cmake --install /home/amitabh/ROS2_CashierSystem/build/tutorial_interfaces
[0.854s] Level 1:colcon.colcon_core.environment:checking '/home/amitabh/ROS2_CashierSystem/install/tutorial_interfaces' for CMake module files
[0.854s] Level 1:colcon.colcon_core.environment:checking '/home/amitabh/ROS2_CashierSystem/install/tutorial_interfaces' for CMake config files
[0.855s] Level 1:colcon.colcon_core.shell:create_environment_hook('tutorial_interfaces', 'cmake_prefix_path')
[0.855s] INFO:colcon.colcon_core.shell:Creating environment hook '/home/amitabh/ROS2_CashierSystem/install/tutorial_interfaces/share/tutorial_interfaces/hook/cmake_prefix_path.ps1'
[0.856s] INFO:colcon.colcon_core.shell:Creating environment descriptor '/home/amitabh/ROS2_CashierSystem/install/tutorial_interfaces/share/tutorial_interfaces/hook/cmake_prefix_path.dsv'
[0.856s] INFO:colcon.colcon_core.shell:Creating environment hook '/home/amitabh/ROS2_CashierSystem/install/tutorial_interfaces/share/tutorial_interfaces/hook/cmake_prefix_path.sh'
[0.857s] Level 1:colcon.colcon_core.environment:checking '/home/amitabh/ROS2_CashierSystem/install/tutorial_interfaces/lib'
[0.857s] Level 1:colcon.colcon_core.shell:create_environment_hook('tutorial_interfaces', 'ld_library_path_lib')
[0.857s] INFO:colcon.colcon_core.shell:Creating environment hook '/home/amitabh/ROS2_CashierSystem/install/tutorial_interfaces/share/tutorial_interfaces/hook/ld_library_path_lib.ps1'
[0.858s] INFO:colcon.colcon_core.shell:Creating environment descriptor '/home/amitabh/ROS2_CashierSystem/install/tutorial_interfaces/share/tutorial_interfaces/hook/ld_library_path_lib.dsv'
[0.858s] INFO:colcon.colcon_core.shell:Creating environment hook '/home/amitabh/ROS2_CashierSystem/install/tutorial_interfaces/share/tutorial_interfaces/hook/ld_library_path_lib.sh'
[0.858s] Level 1:colcon.colcon_core.environment:checking '/home/amitabh/ROS2_CashierSystem/install/tutorial_interfaces/bin'
[0.858s] Level 1:colcon.colcon_core.environment:checking '/home/amitabh/ROS2_CashierSystem/install/tutorial_interfaces/lib/pkgconfig/tutorial_interfaces.pc'
[0.858s] Level 1:colcon.colcon_core.environment:checking '/home/amitabh/ROS2_CashierSystem/install/tutorial_interfaces/lib/python3.10/site-packages'
[0.859s] Level 1:colcon.colcon_core.environment:checking '/home/amitabh/ROS2_CashierSystem/install/tutorial_interfaces/bin'
[0.859s] INFO:colcon.colcon_core.shell:Creating package script '/home/amitabh/ROS2_CashierSystem/install/tutorial_interfaces/share/tutorial_interfaces/package.ps1'
[0.860s] INFO:colcon.colcon_core.shell:Creating package descriptor '/home/amitabh/ROS2_CashierSystem/install/tutorial_interfaces/share/tutorial_interfaces/package.dsv'
[0.860s] INFO:colcon.colcon_core.shell:Creating package script '/home/amitabh/ROS2_CashierSystem/install/tutorial_interfaces/share/tutorial_interfaces/package.sh'
[0.861s] INFO:colcon.colcon_core.shell:Creating package script '/home/amitabh/ROS2_CashierSystem/install/tutorial_interfaces/share/tutorial_interfaces/package.bash'
[0.861s] INFO:colcon.colcon_core.shell:Creating package script '/home/amitabh/ROS2_CashierSystem/install/tutorial_interfaces/share/tutorial_interfaces/package.zsh'
[0.862s] Level 1:colcon.colcon_core.environment:create_file_with_runtime_dependencies(/home/amitabh/ROS2_CashierSystem/install/tutorial_interfaces/share/colcon-core/packages/tutorial_interfaces)
[0.863s] Level 1:colcon.colcon_core.environment:create_environment_scripts_only(tutorial_interfaces)
[0.863s] Level 1:colcon.colcon_core.environment:checking '/home/amitabh/ROS2_CashierSystem/install/tutorial_interfaces' for CMake module files
[0.864s] Level 1:colcon.colcon_core.environment:checking '/home/amitabh/ROS2_CashierSystem/install/tutorial_interfaces' for CMake config files
[0.864s] Level 1:colcon.colcon_core.shell:create_environment_hook('tutorial_interfaces', 'cmake_prefix_path')
[0.864s] INFO:colcon.colcon_core.shell:Creating environment hook '/home/amitabh/ROS2_CashierSystem/install/tutorial_interfaces/share/tutorial_interfaces/hook/cmake_prefix_path.ps1'
[0.865s] INFO:colcon.colcon_core.shell:Creating environment descriptor '/home/amitabh/ROS2_CashierSystem/install/tutorial_interfaces/share/tutorial_interfaces/hook/cmake_prefix_path.dsv'
[0.865s] INFO:colcon.colcon_core.shell:Creating environment hook '/home/amitabh/ROS2_CashierSystem/install/tutorial_interfaces/share/tutorial_interfaces/hook/cmake_prefix_path.sh'
[0.865s] Level 1:colcon.colcon_core.environment:checking '/home/amitabh/ROS2_CashierSystem/install/tutorial_interfaces/lib'
[0.866s] Level 1:colcon.colcon_core.shell:create_environment_hook('tutorial_interfaces', 'ld_library_path_lib')
[0.866s] INFO:colcon.colcon_core.shell:Creating environment hook '/home/amitabh/ROS2_CashierSystem/install/tutorial_interfaces/share/tutorial_interfaces/hook/ld_library_path_lib.ps1'
[0.866s] INFO:colcon.colcon_core.shell:Creating environment descriptor '/home/amitabh/ROS2_CashierSystem/install/tutorial_interfaces/share/tutorial_interfaces/hook/ld_library_path_lib.dsv'
[0.866s] INFO:colcon.colcon_core.shell:Creating environment hook '/home/amitabh/ROS2_CashierSystem/install/tutorial_interfaces/share/tutorial_interfaces/hook/ld_library_path_lib.sh'
[0.867s] Level 1:colcon.colcon_core.environment:checking '/home/amitabh/ROS2_CashierSystem/install/tutorial_interfaces/bin'
[0.867s] Level 1:colcon.colcon_core.environment:checking '/home/amitabh/ROS2_CashierSystem/install/tutorial_interfaces/lib/pkgconfig/tutorial_interfaces.pc'
[0.867s] Level 1:colcon.colcon_core.environment:checking '/home/amitabh/ROS2_CashierSystem/install/tutorial_interfaces/lib/python3.10/site-packages'
[0.867s] Level 1:colcon.colcon_core.environment:checking '/home/amitabh/ROS2_CashierSystem/install/tutorial_interfaces/bin'
[0.867s] INFO:colcon.colcon_core.shell:Creating package script '/home/amitabh/ROS2_CashierSystem/install/tutorial_interfaces/share/tutorial_interfaces/package.ps1'
[0.868s] INFO:colcon.colcon_core.shell:Creating package descriptor '/home/amitabh/ROS2_CashierSystem/install/tutorial_interfaces/share/tutorial_interfaces/package.dsv'
[0.868s] INFO:colcon.colcon_core.shell:Creating package script '/home/amitabh/ROS2_CashierSystem/install/tutorial_interfaces/share/tutorial_interfaces/package.sh'
[0.869s] INFO:colcon.colcon_core.shell:Creating package script '/home/amitabh/ROS2_CashierSystem/install/tutorial_interfaces/share/tutorial_interfaces/package.bash'
[0.869s] INFO:colcon.colcon_core.shell:Creating package script '/home/amitabh/ROS2_CashierSystem/install/tutorial_interfaces/share/tutorial_interfaces/package.zsh'
[0.870s] Level 1:colcon.colcon_core.environment:create_file_with_runtime_dependencies(/home/amitabh/ROS2_CashierSystem/install/tutorial_interfaces/share/colcon-core/packages/tutorial_interfaces)
[0.870s] INFO:colcon.colcon_ros.task.ament_cmake.build:Building ROS package in '/home/amitabh/ROS2_CashierSystem/src/Display' with build type 'ament_cmake'
[0.870s] INFO:colcon.colcon_cmake.task.cmake.build:Building CMake package in '/home/amitabh/ROS2_CashierSystem/src/Display'
[0.870s] INFO:colcon.colcon_core.shell:Skip shell extension 'powershell' for command environment: Not usable outside of PowerShell
[0.870s] DEBUG:colcon.colcon_core.shell:Skip shell extension 'dsv' for command environment
[0.874s] INFO:colcon.colcon_ros.task.ament_cmake.build:Building ROS package in '/home/amitabh/ROS2_CashierSystem/src/Publisher' with build type 'ament_cmake'
[0.874s] INFO:colcon.colcon_cmake.task.cmake.build:Building CMake package in '/home/amitabh/ROS2_CashierSystem/src/Publisher'
[0.874s] INFO:colcon.colcon_core.shell:Skip shell extension 'powershell' for command environment: Not usable outside of PowerShell
[0.875s] DEBUG:colcon.colcon_core.shell:Skip shell extension 'dsv' for command environment
[0.878s] INFO:colcon.colcon_ros.task.ament_cmake.build:Building ROS package in '/home/amitabh/ROS2_CashierSystem/src/Updater' with build type 'ament_cmake'
[0.878s] INFO:colcon.colcon_cmake.task.cmake.build:Building CMake package in '/home/amitabh/ROS2_CashierSystem/src/Updater'
[0.879s] INFO:colcon.colcon_core.shell:Skip shell extension 'powershell' for command environment: Not usable outside of PowerShell
[0.880s] DEBUG:colcon.colcon_core.shell:Skip shell extension 'dsv' for command environment
[0.888s] DEBUG:colcon.colcon_core.event_handler.log_command:Invoking command in '/home/amitabh/ROS2_CashierSystem/build/Display': AMENT_PREFIX_PATH=/home/amitabh/ROS2_CashierSystem/install/tutorial_interfaces:${AMENT_PREFIX_PATH} CMAKE_PREFIX_PATH=/home/amitabh/ROS2_CashierSystem/install/tutorial_interfaces:/opt/ros/humble LD_LIBRARY_PATH=/home/amitabh/ROS2_CashierSystem/install/tutorial_interfaces/lib:${LD_LIBRARY_PATH} PYTHONPATH=/home/amitabh/ROS2_CashierSystem/install/tutorial_interfaces/local/lib/python3.10/dist-packages:${PYTHONPATH} /usr/bin/cmake /home/amitabh/ROS2_CashierSystem/src/Display -DCMAKE_INSTALL_PREFIX=/home/amitabh/ROS2_CashierSystem/install/Display
[0.893s] DEBUG:colcon.colcon_core.event_handler.log_command:Invoking command in '/home/amitabh/ROS2_CashierSystem/build/Publisher': AMENT_PREFIX_PATH=/home/amitabh/ROS2_CashierSystem/install/tutorial_interfaces:${AMENT_PREFIX_PATH} CMAKE_PREFIX_PATH=/home/amitabh/ROS2_CashierSystem/install/tutorial_interfaces:/opt/ros/humble LD_LIBRARY_PATH=/home/amitabh/ROS2_CashierSystem/install/tutorial_interfaces/lib:${LD_LIBRARY_PATH} PYTHONPATH=/home/amitabh/ROS2_CashierSystem/install/tutorial_interfaces/local/lib/python3.10/dist-packages:${PYTHONPATH} /usr/bin/cmake --build /home/amitabh/ROS2_CashierSystem/build/Publisher -- -j8 -l8
[0.899s] DEBUG:colcon.colcon_core.event_handler.log_command:Invoking command in '/home/amitabh/ROS2_CashierSystem/build/Updater': AMENT_PREFIX_PATH=/home/amitabh/ROS2_CashierSystem/install/tutorial_interfaces:${AMENT_PREFIX_PATH} CMAKE_PREFIX_PATH=/home/amitabh/ROS2_CashierSystem/install/tutorial_interfaces:/opt/ros/humble LD_LIBRARY_PATH=/home/amitabh/ROS2_CashierSystem/install/tutorial_interfaces/lib:${LD_LIBRARY_PATH} PYTHONPATH=/home/amitabh/ROS2_CashierSystem/install/tutorial_interfaces/local/lib/python3.10/dist-packages:${PYTHONPATH} /usr/bin/cmake --build /home/amitabh/ROS2_CashierSystem/build/Updater -- -j8 -l8
[1.478s] DEBUG:colcon.colcon_core.event_handler.log_command:Invoked command in '/home/amitabh/ROS2_CashierSystem/build/Display' returned '0': AMENT_PREFIX_PATH=/home/amitabh/ROS2_CashierSystem/install/tutorial_interfaces:${AMENT_PREFIX_PATH} CMAKE_PREFIX_PATH=/home/amitabh/ROS2_CashierSystem/install/tutorial_interfaces:/opt/ros/humble LD_LIBRARY_PATH=/home/amitabh/ROS2_CashierSystem/install/tutorial_interfaces/lib:${LD_LIBRARY_PATH} PYTHONPATH=/home/amitabh/ROS2_CashierSystem/install/tutorial_interfaces/local/lib/python3.10/dist-packages:${PYTHONPATH} /usr/bin/cmake /home/amitabh/ROS2_CashierSystem/src/Display -DCMAKE_INSTALL_PREFIX=/home/amitabh/ROS2_CashierSystem/install/Display
[1.481s] DEBUG:colcon.colcon_core.event_handler.log_command:Invoking command in '/home/amitabh/ROS2_CashierSystem/build/Display': AMENT_PREFIX_PATH=/home/amitabh/ROS2_CashierSystem/install/tutorial_interfaces:${AMENT_PREFIX_PATH} CMAKE_PREFIX_PATH=/home/amitabh/ROS2_CashierSystem/install/tutorial_interfaces:/opt/ros/humble LD_LIBRARY_PATH=/home/amitabh/ROS2_CashierSystem/install/tutorial_interfaces/lib:${LD_LIBRARY_PATH} PYTHONPATH=/home/amitabh/ROS2_CashierSystem/install/tutorial_interfaces/local/lib/python3.10/dist-packages:${PYTHONPATH} /usr/bin/cmake --build /home/amitabh/ROS2_CashierSystem/build/Display -- -j8 -l8
[5.876s] DEBUG:colcon.colcon_core.event_handler.log_command:Invoked command in '/home/amitabh/ROS2_CashierSystem/build/Publisher' returned '0': AMENT_PREFIX_PATH=/home/amitabh/ROS2_CashierSystem/install/tutorial_interfaces:${AMENT_PREFIX_PATH} CMAKE_PREFIX_PATH=/home/amitabh/ROS2_CashierSystem/install/tutorial_interfaces:/opt/ros/humble LD_LIBRARY_PATH=/home/amitabh/ROS2_CashierSystem/install/tutorial_interfaces/lib:${LD_LIBRARY_PATH} PYTHONPATH=/home/amitabh/ROS2_CashierSystem/install/tutorial_interfaces/local/lib/python3.10/dist-packages:${PYTHONPATH} /usr/bin/cmake --build /home/amitabh/ROS2_CashierSystem/build/Publisher -- -j8 -l8
[5.879s] DEBUG:colcon.colcon_core.event_handler.log_command:Invoking command in '/home/amitabh/ROS2_CashierSystem/build/Publisher': AMENT_PREFIX_PATH=/home/amitabh/ROS2_CashierSystem/install/tutorial_interfaces:${AMENT_PREFIX_PATH} CMAKE_PREFIX_PATH=/home/amitabh/ROS2_CashierSystem/install/tutorial_interfaces:/opt/ros/humble LD_LIBRARY_PATH=/home/amitabh/ROS2_CashierSystem/install/tutorial_interfaces/lib:${LD_LIBRARY_PATH} PYTHONPATH=/home/amitabh/ROS2_CashierSystem/install/tutorial_interfaces/local/lib/python3.10/dist-packages:${PYTHONPATH} /usr/bin/cmake --install /home/amitabh/ROS2_CashierSystem/build/Publisher
[5.893s] Level 1:colcon.colcon_core.environment:create_environment_scripts_only(Publisher)
[5.894s] Level 1:colcon.colcon_core.environment:checking '/home/amitabh/ROS2_CashierSystem/install/Publisher' for CMake module files
[5.894s] DEBUG:colcon.colcon_core.event_handler.log_command:Invoked command in '/home/amitabh/ROS2_CashierSystem/build/Publisher' returned '0': AMENT_PREFIX_PATH=/home/amitabh/ROS2_CashierSystem/install/tutorial_interfaces:${AMENT_PREFIX_PATH} CMAKE_PREFIX_PATH=/home/amitabh/ROS2_CashierSystem/install/tutorial_interfaces:/opt/ros/humble LD_LIBRARY_PATH=/home/amitabh/ROS2_CashierSystem/install/tutorial_interfaces/lib:${LD_LIBRARY_PATH} PYTHONPATH=/home/amitabh/ROS2_CashierSystem/install/tutorial_interfaces/local/lib/python3.10/dist-packages:${PYTHONPATH} /usr/bin/cmake --install /home/amitabh/ROS2_CashierSystem/build/Publisher
[5.895s] Level 1:colcon.colcon_core.environment:checking '/home/amitabh/ROS2_CashierSystem/install/Publisher' for CMake config files
[5.895s] Level 1:colcon.colcon_core.shell:create_environment_hook('Publisher', 'cmake_prefix_path')
[5.895s] INFO:colcon.colcon_core.shell:Creating environment hook '/home/amitabh/ROS2_CashierSystem/install/Publisher/share/Publisher/hook/cmake_prefix_path.ps1'
[5.896s] INFO:colcon.colcon_core.shell:Creating environment descriptor '/home/amitabh/ROS2_CashierSystem/install/Publisher/share/Publisher/hook/cmake_prefix_path.dsv'
[5.896s] INFO:colcon.colcon_core.shell:Creating environment hook '/home/amitabh/ROS2_CashierSystem/install/Publisher/share/Publisher/hook/cmake_prefix_path.sh'
[5.897s] Level 1:colcon.colcon_core.environment:checking '/home/amitabh/ROS2_CashierSystem/install/Publisher/lib'
[5.897s] Level 1:colcon.colcon_core.environment:checking '/home/amitabh/ROS2_CashierSystem/install/Publisher/bin'
[5.897s] Level 1:colcon.colcon_core.environment:checking '/home/amitabh/ROS2_CashierSystem/install/Publisher/lib/pkgconfig/Publisher.pc'
[5.898s] Level 1:colcon.colcon_core.environment:checking '/home/amitabh/ROS2_CashierSystem/install/Publisher/lib/python3.10/site-packages'
[5.898s] Level 1:colcon.colcon_core.environment:checking '/home/amitabh/ROS2_CashierSystem/install/Publisher/bin'
[5.898s] INFO:colcon.colcon_core.shell:Creating package script '/home/amitabh/ROS2_CashierSystem/install/Publisher/share/Publisher/package.ps1'
[5.899s] INFO:colcon.colcon_core.shell:Creating package descriptor '/home/amitabh/ROS2_CashierSystem/install/Publisher/share/Publisher/package.dsv'
[5.900s] INFO:colcon.colcon_core.shell:Creating package script '/home/amitabh/ROS2_CashierSystem/install/Publisher/share/Publisher/package.sh'
[5.901s] INFO:colcon.colcon_core.shell:Creating package script '/home/amitabh/ROS2_CashierSystem/install/Publisher/share/Publisher/package.bash'
[5.901s] INFO:colcon.colcon_core.shell:Creating package script '/home/amitabh/ROS2_CashierSystem/install/Publisher/share/Publisher/package.zsh'
[5.902s] Level 1:colcon.colcon_core.environment:create_file_with_runtime_dependencies(/home/amitabh/ROS2_CashierSystem/install/Publisher/share/colcon-core/packages/Publisher)
[5.903s] Level 1:colcon.colcon_core.environment:create_environment_scripts_only(Publisher)
[5.903s] Level 1:colcon.colcon_core.environment:checking '/home/amitabh/ROS2_CashierSystem/install/Publisher' for CMake module files
[5.903s] Level 1:colcon.colcon_core.environment:checking '/home/amitabh/ROS2_CashierSystem/install/Publisher' for CMake config files
[5.904s] Level 1:colcon.colcon_core.shell:create_environment_hook('Publisher', 'cmake_prefix_path')
[5.904s] INFO:colcon.colcon_core.shell:Creating environment hook '/home/amitabh/ROS2_CashierSystem/install/Publisher/share/Publisher/hook/cmake_prefix_path.ps1'
[5.905s] INFO:colcon.colcon_core.shell:Creating environment descriptor '/home/amitabh/ROS2_CashierSystem/install/Publisher/share/Publisher/hook/cmake_prefix_path.dsv'
[5.905s] INFO:colcon.colcon_core.shell:Creating environment hook '/home/amitabh/ROS2_CashierSystem/install/Publisher/share/Publisher/hook/cmake_prefix_path.sh'
[5.906s] Level 1:colcon.colcon_core.environment:checking '/home/amitabh/ROS2_CashierSystem/install/Publisher/lib'
[5.906s] Level 1:colcon.colcon_core.environment:checking '/home/amitabh/ROS2_CashierSystem/install/Publisher/bin'
[5.907s] Level 1:colcon.colcon_core.environment:checking '/home/amitabh/ROS2_CashierSystem/install/Publisher/lib/pkgconfig/Publisher.pc'
[5.907s] Level 1:colcon.colcon_core.environment:checking '/home/amitabh/ROS2_CashierSystem/install/Publisher/lib/python3.10/site-packages'
[5.907s] Level 1:colcon.colcon_core.environment:checking '/home/amitabh/ROS2_CashierSystem/install/Publisher/bin'
[5.907s] INFO:colcon.colcon_core.shell:Creating package script '/home/amitabh/ROS2_CashierSystem/install/Publisher/share/Publisher/package.ps1'
[5.908s] INFO:colcon.colcon_core.shell:Creating package descriptor '/home/amitabh/ROS2_CashierSystem/install/Publisher/share/Publisher/package.dsv'
[5.909s] INFO:colcon.colcon_core.shell:Creating package script '/home/amitabh/ROS2_CashierSystem/install/Publisher/share/Publisher/package.sh'
[5.910s] INFO:colcon.colcon_core.shell:Creating package script '/home/amitabh/ROS2_CashierSystem/install/Publisher/share/Publisher/package.bash'
[5.910s] INFO:colcon.colcon_core.shell:Creating package script '/home/amitabh/ROS2_CashierSystem/install/Publisher/share/Publisher/package.zsh'
[5.911s] Level 1:colcon.colcon_core.environment:create_file_with_runtime_dependencies(/home/amitabh/ROS2_CashierSystem/install/Publisher/share/colcon-core/packages/Publisher)
[10.418s] DEBUG:colcon.colcon_core.event_handler.log_command:Invoked command in '/home/amitabh/ROS2_CashierSystem/build/Display' returned '0': AMENT_PREFIX_PATH=/home/amitabh/ROS2_CashierSystem/install/tutorial_interfaces:${AMENT_PREFIX_PATH} CMAKE_PREFIX_PATH=/home/amitabh/ROS2_CashierSystem/install/tutorial_interfaces:/opt/ros/humble LD_LIBRARY_PATH=/home/amitabh/ROS2_CashierSystem/install/tutorial_interfaces/lib:${LD_LIBRARY_PATH} PYTHONPATH=/home/amitabh/ROS2_CashierSystem/install/tutorial_interfaces/local/lib/python3.10/dist-packages:${PYTHONPATH} /usr/bin/cmake --build /home/amitabh/ROS2_CashierSystem/build/Display -- -j8 -l8
[10.420s] DEBUG:colcon.colcon_core.event_handler.log_command:Invoking command in '/home/amitabh/ROS2_CashierSystem/build/Display': AMENT_PREFIX_PATH=/home/amitabh/ROS2_CashierSystem/install/tutorial_interfaces:${AMENT_PREFIX_PATH} CMAKE_PREFIX_PATH=/home/amitabh/ROS2_CashierSystem/install/tutorial_interfaces:/opt/ros/humble LD_LIBRARY_PATH=/home/amitabh/ROS2_CashierSystem/install/tutorial_interfaces/lib:${LD_LIBRARY_PATH} PYTHONPATH=/home/amitabh/ROS2_CashierSystem/install/tutorial_interfaces/local/lib/python3.10/dist-packages:${PYTHONPATH} /usr/bin/cmake --install /home/amitabh/ROS2_CashierSystem/build/Display
[10.437s] Level 1:colcon.colcon_core.environment:create_environment_scripts_only(Display)
[10.438s] Level 1:colcon.colcon_core.environment:checking '/home/amitabh/ROS2_CashierSystem/install/Display' for CMake module files
[10.438s] DEBUG:colcon.colcon_core.event_handler.log_command:Invoked command in '/home/amitabh/ROS2_CashierSystem/build/Display' returned '0': AMENT_PREFIX_PATH=/home/amitabh/ROS2_CashierSystem/install/tutorial_interfaces:${AMENT_PREFIX_PATH} CMAKE_PREFIX_PATH=/home/amitabh/ROS2_CashierSystem/install/tutorial_interfaces:/opt/ros/humble LD_LIBRARY_PATH=/home/amitabh/ROS2_CashierSystem/install/tutorial_interfaces/lib:${LD_LIBRARY_PATH} PYTHONPATH=/home/amitabh/ROS2_CashierSystem/install/tutorial_interfaces/local/lib/python3.10/dist-packages:${PYTHONPATH} /usr/bin/cmake --install /home/amitabh/ROS2_CashierSystem/build/Display
[10.439s] Level 1:colcon.colcon_core.environment:checking '/home/amitabh/ROS2_CashierSystem/install/Display' for CMake config files
[10.439s] Level 1:colcon.colcon_core.shell:create_environment_hook('Display', 'cmake_prefix_path')
[10.439s] INFO:colcon.colcon_core.shell:Creating environment hook '/home/amitabh/ROS2_CashierSystem/install/Display/share/Display/hook/cmake_prefix_path.ps1'
[10.440s] INFO:colcon.colcon_core.shell:Creating environment descriptor '/home/amitabh/ROS2_CashierSystem/install/Display/share/Display/hook/cmake_prefix_path.dsv'
[10.440s] INFO:colcon.colcon_core.shell:Creating environment hook '/home/amitabh/ROS2_CashierSystem/install/Display/share/Display/hook/cmake_prefix_path.sh'
[10.440s] Level 1:colcon.colcon_core.environment:checking '/home/amitabh/ROS2_CashierSystem/install/Display/lib'
[10.441s] Level 1:colcon.colcon_core.environment:checking '/home/amitabh/ROS2_CashierSystem/install/Display/bin'
[10.441s] Level 1:colcon.colcon_core.environment:checking '/home/amitabh/ROS2_CashierSystem/install/Display/lib/pkgconfig/Display.pc'
[10.441s] Level 1:colcon.colcon_core.environment:checking '/home/amitabh/ROS2_CashierSystem/install/Display/lib/python3.10/site-packages'
[10.441s] Level 1:colcon.colcon_core.environment:checking '/home/amitabh/ROS2_CashierSystem/install/Display/bin'
[10.441s] INFO:colcon.colcon_core.shell:Creating package script '/home/amitabh/ROS2_CashierSystem/install/Display/share/Display/package.ps1'
[10.442s] INFO:colcon.colcon_core.shell:Creating package descriptor '/home/amitabh/ROS2_CashierSystem/install/Display/share/Display/package.dsv'
[10.442s] INFO:colcon.colcon_core.shell:Creating package script '/home/amitabh/ROS2_CashierSystem/install/Display/share/Display/package.sh'
[10.443s] INFO:colcon.colcon_core.shell:Creating package script '/home/amitabh/ROS2_CashierSystem/install/Display/share/Display/package.bash'
[10.443s] INFO:colcon.colcon_core.shell:Creating package script '/home/amitabh/ROS2_CashierSystem/install/Display/share/Display/package.zsh'
[10.444s] Level 1:colcon.colcon_core.environment:create_file_with_runtime_dependencies(/home/amitabh/ROS2_CashierSystem/install/Display/share/colcon-core/packages/Display)
[10.444s] Level 1:colcon.colcon_core.environment:create_environment_scripts_only(Display)
[10.445s] Level 1:colcon.colcon_core.environment:checking '/home/amitabh/ROS2_CashierSystem/install/Display' for CMake module files
[10.445s] Level 1:colcon.colcon_core.environment:checking '/home/amitabh/ROS2_CashierSystem/install/Display' for CMake config files
[10.445s] Level 1:colcon.colcon_core.shell:create_environment_hook('Display', 'cmake_prefix_path')
[10.445s] INFO:colcon.colcon_core.shell:Creating environment hook '/home/amitabh/ROS2_CashierSystem/install/Display/share/Display/hook/cmake_prefix_path.ps1'
[10.446s] INFO:colcon.colcon_core.shell:Creating environment descriptor '/home/amitabh/ROS2_CashierSystem/install/Display/share/Display/hook/cmake_prefix_path.dsv'
[10.446s] INFO:colcon.colcon_core.shell:Creating environment hook '/home/amitabh/ROS2_CashierSystem/install/Display/share/Display/hook/cmake_prefix_path.sh'
[10.447s] Level 1:colcon.colcon_core.environment:checking '/home/amitabh/ROS2_CashierSystem/install/Display/lib'
[10.447s] Level 1:colcon.colcon_core.environment:checking '/home/amitabh/ROS2_CashierSystem/install/Display/bin'
[10.447s] Level 1:colcon.colcon_core.environment:checking '/home/amitabh/ROS2_CashierSystem/install/Display/lib/pkgconfig/Display.pc'
[10.447s] Level 1:colcon.colcon_core.environment:checking '/home/amitabh/ROS2_CashierSystem/install/Display/lib/python3.10/site-packages'
[10.447s] Level 1:colcon.colcon_core.environment:checking '/home/amitabh/ROS2_CashierSystem/install/Display/bin'
[10.447s] INFO:colcon.colcon_core.shell:Creating package script '/home/amitabh/ROS2_CashierSystem/install/Display/share/Display/package.ps1'
[10.448s] INFO:colcon.colcon_core.shell:Creating package descriptor '/home/amitabh/ROS2_CashierSystem/install/Display/share/Display/package.dsv'
[10.448s] INFO:colcon.colcon_core.shell:Creating package script '/home/amitabh/ROS2_CashierSystem/install/Display/share/Display/package.sh'
[10.449s] INFO:colcon.colcon_core.shell:Creating package script '/home/amitabh/ROS2_CashierSystem/install/Display/share/Display/package.bash'
[10.449s] INFO:colcon.colcon_core.shell:Creating package script '/home/amitabh/ROS2_CashierSystem/install/Display/share/Display/package.zsh'
[10.449s] Level 1:colcon.colcon_core.environment:create_file_with_runtime_dependencies(/home/amitabh/ROS2_CashierSystem/install/Display/share/colcon-core/packages/Display)
[10.615s] DEBUG:colcon.colcon_core.event_handler.log_command:Invoked command in '/home/amitabh/ROS2_CashierSystem/build/Updater' returned '0': AMENT_PREFIX_PATH=/home/amitabh/ROS2_CashierSystem/install/tutorial_interfaces:${AMENT_PREFIX_PATH} CMAKE_PREFIX_PATH=/home/amitabh/ROS2_CashierSystem/install/tutorial_interfaces:/opt/ros/humble LD_LIBRARY_PATH=/home/amitabh/ROS2_CashierSystem/install/tutorial_interfaces/lib:${LD_LIBRARY_PATH} PYTHONPATH=/home/amitabh/ROS2_CashierSystem/install/tutorial_interfaces/local/lib/python3.10/dist-packages:${PYTHONPATH} /usr/bin/cmake --build /home/amitabh/ROS2_CashierSystem/build/Updater -- -j8 -l8
[10.617s] DEBUG:colcon.colcon_core.event_handler.log_command:Invoking command in '/home/amitabh/ROS2_CashierSystem/build/Updater': AMENT_PREFIX_PATH=/home/amitabh/ROS2_CashierSystem/install/tutorial_interfaces:${AMENT_PREFIX_PATH} CMAKE_PREFIX_PATH=/home/amitabh/ROS2_CashierSystem/install/tutorial_interfaces:/opt/ros/humble LD_LIBRARY_PATH=/home/amitabh/ROS2_CashierSystem/install/tutorial_interfaces/lib:${LD_LIBRARY_PATH} PYTHONPATH=/home/amitabh/ROS2_CashierSystem/install/tutorial_interfaces/local/lib/python3.10/dist-packages:${PYTHONPATH} /usr/bin/cmake --install /home/amitabh/ROS2_CashierSystem/build/Updater
[10.634s] Level 1:colcon.colcon_core.environment:create_environment_scripts_only(Updater)
[10.634s] Level 1:colcon.colcon_core.environment:checking '/home/amitabh/ROS2_CashierSystem/install/Updater' for CMake module files
[10.635s] DEBUG:colcon.colcon_core.event_handler.log_command:Invoked command in '/home/amitabh/ROS2_CashierSystem/build/Updater' returned '0': AMENT_PREFIX_PATH=/home/amitabh/ROS2_CashierSystem/install/tutorial_interfaces:${AMENT_PREFIX_PATH} CMAKE_PREFIX_PATH=/home/amitabh/ROS2_CashierSystem/install/tutorial_interfaces:/opt/ros/humble LD_LIBRARY_PATH=/home/amitabh/ROS2_CashierSystem/install/tutorial_interfaces/lib:${LD_LIBRARY_PATH} PYTHONPATH=/home/amitabh/ROS2_CashierSystem/install/tutorial_interfaces/local/lib/python3.10/dist-packages:${PYTHONPATH} /usr/bin/cmake --install /home/amitabh/ROS2_CashierSystem/build/Updater
[10.637s] Level 1:colcon.colcon_core.environment:checking '/home/amitabh/ROS2_CashierSystem/install/Updater' for CMake config files
[10.637s] Level 1:colcon.colcon_core.shell:create_environment_hook('Updater', 'cmake_prefix_path')
[10.638s] INFO:colcon.colcon_core.shell:Creating environment hook '/home/amitabh/ROS2_CashierSystem/install/Updater/share/Updater/hook/cmake_prefix_path.ps1'
[10.640s] INFO:colcon.colcon_core.shell:Creating environment descriptor '/home/amitabh/ROS2_CashierSystem/install/Updater/share/Updater/hook/cmake_prefix_path.dsv'
[10.641s] INFO:colcon.colcon_core.shell:Creating environment hook '/home/amitabh/ROS2_CashierSystem/install/Updater/share/Updater/hook/cmake_prefix_path.sh'
[10.642s] Level 1:colcon.colcon_core.environment:checking '/home/amitabh/ROS2_CashierSystem/install/Updater/lib'
[10.643s] Level 1:colcon.colcon_core.environment:checking '/home/amitabh/ROS2_CashierSystem/install/Updater/bin'
[10.643s] Level 1:colcon.colcon_core.environment:checking '/home/amitabh/ROS2_CashierSystem/install/Updater/lib/pkgconfig/Updater.pc'
[10.644s] Level 1:colcon.colcon_core.environment:checking '/home/amitabh/ROS2_CashierSystem/install/Updater/lib/python3.10/site-packages'
[10.644s] Level 1:colcon.colcon_core.environment:checking '/home/amitabh/ROS2_CashierSystem/install/Updater/bin'
[10.645s] INFO:colcon.colcon_core.shell:Creating package script '/home/amitabh/ROS2_CashierSystem/install/Updater/share/Updater/package.ps1'
[10.647s] INFO:colcon.colcon_core.shell:Creating package descriptor '/home/amitabh/ROS2_CashierSystem/install/Updater/share/Updater/package.dsv'
[10.648s] INFO:colcon.colcon_core.shell:Creating package script '/home/amitabh/ROS2_CashierSystem/install/Updater/share/Updater/package.sh'
[10.649s] INFO:colcon.colcon_core.shell:Creating package script '/home/amitabh/ROS2_CashierSystem/install/Updater/share/Updater/package.bash'
[10.650s] INFO:colcon.colcon_core.shell:Creating package script '/home/amitabh/ROS2_CashierSystem/install/Updater/share/Updater/package.zsh'
[10.651s] Level 1:colcon.colcon_core.environment:create_file_with_runtime_dependencies(/home/amitabh/ROS2_CashierSystem/install/Updater/share/colcon-core/packages/Updater)
[10.653s] Level 1:colcon.colcon_core.environment:create_environment_scripts_only(Updater)
[10.654s] Level 1:colcon.colcon_core.environment:checking '/home/amitabh/ROS2_CashierSystem/install/Updater' for CMake module files
[10.656s] Level 1:colcon.colcon_core.environment:checking '/home/amitabh/ROS2_CashierSystem/install/Updater' for CMake config files
[10.656s] Level 1:colcon.colcon_core.shell:create_environment_hook('Updater', 'cmake_prefix_path')
[10.657s] INFO:colcon.colcon_core.shell:Creating environment hook '/home/amitabh/ROS2_CashierSystem/install/Updater/share/Updater/hook/cmake_prefix_path.ps1'
[10.658s] INFO:colcon.colcon_core.shell:Creating environment descriptor '/home/amitabh/ROS2_CashierSystem/install/Updater/share/Updater/hook/cmake_prefix_path.dsv'
[10.659s] INFO:colcon.colcon_core.shell:Creating environment hook '/home/amitabh/ROS2_CashierSystem/install/Updater/share/Updater/hook/cmake_prefix_path.sh'
[10.661s] Level 1:colcon.colcon_core.environment:checking '/home/amitabh/ROS2_CashierSystem/install/Updater/lib'
[10.662s] Level 1:colcon.colcon_core.environment:checking '/home/amitabh/ROS2_CashierSystem/install/Updater/bin'
[10.662s] Level 1:colcon.colcon_core.environment:checking '/home/amitabh/ROS2_CashierSystem/install/Updater/lib/pkgconfig/Updater.pc'
[10.662s] Level 1:colcon.colcon_core.environment:checking '/home/amitabh/ROS2_CashierSystem/install/Updater/lib/python3.10/site-packages'
[10.663s] Level 1:colcon.colcon_core.environment:checking '/home/amitabh/ROS2_CashierSystem/install/Updater/bin'
[10.664s] INFO:colcon.colcon_core.shell:Creating package script '/home/amitabh/ROS2_CashierSystem/install/Updater/share/Updater/package.ps1'
[10.665s] INFO:colcon.colcon_core.shell:Creating package descriptor '/home/amitabh/ROS2_CashierSystem/install/Updater/share/Updater/package.dsv'
[10.667s] INFO:colcon.colcon_core.shell:Creating package script '/home/amitabh/ROS2_CashierSystem/install/Updater/share/Updater/package.sh'
[10.668s] INFO:colcon.colcon_core.shell:Creating package script '/home/amitabh/ROS2_CashierSystem/install/Updater/share/Updater/package.bash'
[10.669s] INFO:colcon.colcon_core.shell:Creating package script '/home/amitabh/ROS2_CashierSystem/install/Updater/share/Updater/package.zsh'
[10.670s] Level 1:colcon.colcon_core.environment:create_file_with_runtime_dependencies(/home/amitabh/ROS2_CashierSystem/install/Updater/share/colcon-core/packages/Updater)
[10.670s] DEBUG:colcon.colcon_parallel_executor.executor.parallel:closing loop
[10.671s] DEBUG:colcon.colcon_parallel_executor.executor.parallel:loop closed
[10.671s] DEBUG:colcon.colcon_parallel_executor.executor.parallel:run_until_complete finished with '0'
[10.671s] DEBUG:colcon.colcon_core.event_reactor:joining thread
[10.682s] INFO:colcon.colcon_core.plugin_system:Skipping extension 'colcon_notification.desktop_notification.terminal_notifier': Not used on non-Darwin systems
[10.682s] INFO:colcon.colcon_core.plugin_system:Skipping extension 'colcon_notification.desktop_notification.win32': Not used on non-Windows systems
[10.682s] INFO:colcon.colcon_notification.desktop_notification:Sending desktop notification using 'notify2'
[10.709s] DEBUG:colcon.colcon_core.event_reactor:joined thread
[10.710s] INFO:colcon.colcon_core.shell:Creating prefix script '/home/amitabh/ROS2_CashierSystem/install/local_setup.ps1'
[10.713s] INFO:colcon.colcon_core.shell:Creating prefix util module '/home/amitabh/ROS2_CashierSystem/install/_local_setup_util_ps1.py'
[10.716s] INFO:colcon.colcon_core.shell:Creating prefix chain script '/home/amitabh/ROS2_CashierSystem/install/setup.ps1'
[10.719s] INFO:colcon.colcon_core.shell:Creating prefix script '/home/amitabh/ROS2_CashierSystem/install/local_setup.sh'
[10.720s] INFO:colcon.colcon_core.shell:Creating prefix util module '/home/amitabh/ROS2_CashierSystem/install/_local_setup_util_sh.py'
[10.722s] INFO:colcon.colcon_core.shell:Creating prefix chain script '/home/amitabh/ROS2_CashierSystem/install/setup.sh'
[10.725s] INFO:colcon.colcon_core.shell:Creating prefix script '/home/amitabh/ROS2_CashierSystem/install/local_setup.bash'
[10.727s] INFO:colcon.colcon_core.shell:Creating prefix chain script '/home/amitabh/ROS2_CashierSystem/install/setup.bash'
[10.729s] INFO:colcon.colcon_core.shell:Creating prefix script '/home/amitabh/ROS2_CashierSystem/install/local_setup.zsh'
[10.731s] INFO:colcon.colcon_core.shell:Creating prefix chain script '/home/amitabh/ROS2_CashierSystem/install/setup.zsh'
