[0.112s] DEBUG:colcon:Command line arguments: ['/usr/bin/colcon', 'build']
[0.112s] DEBUG:colcon:Parsed command line arguments: Namespace(log_base=None, log_level=None, verb_name='build', build_base='build', install_base='install', merge_install=False, symlink_install=False, test_result_base=None, continue_on_error=False, executor='parallel', parallel_workers=8, event_handlers=None, ignore_user_meta=False, metas=['./colcon.meta'], base_paths=['.'], packages_ignore=None, packages_ignore_regex=None, paths=None, packages_up_to=None, packages_up_to_regex=None, packages_above=None, packages_above_and_dependencies=None, packages_above_depth=None, packages_select_by_dep=None, packages_skip_by_dep=None, packages_skip_up_to=None, packages_select_build_failed=False, packages_skip_build_finished=False, packages_select_test_failures=False, packages_skip_test_passed=False, packages_select=None, packages_skip=None, packages_select_regex=None, packages_skip_regex=None, packages_start=None, packages_end=None, allow_overriding=[], cmake_args=None, cmake_target=None, cmake_target_skip_unavailable=False, cmake_clean_cache=False, cmake_clean_first=False, cmake_force_configure=False, ament_cmake_args=None, catkin_cmake_args=None, catkin_skip_building_tests=False, verb_parser=<colcon_defaults.argument_parser.defaults.DefaultArgumentsDecorator object at 0x71211b63cc70>, verb_extension=<colcon_core.verb.build.BuildVerb object at 0x71211b63c7c0>, main=<bound method BuildVerb.main of <colcon_core.verb.build.BuildVerb object at 0x71211b63c7c0>>)
[0.265s] Level 1:colcon.colcon_core.package_discovery:discover_packages(colcon_meta) check parameters
[0.265s] Level 1:colcon.colcon_core.package_discovery:discover_packages(recursive) check parameters
[0.265s] Level 1:colcon.colcon_core.package_discovery:discover_packages(ignore) check parameters
[0.266s] Level 1:colcon.colcon_core.package_discovery:discover_packages(path) check parameters
[0.266s] Level 1:colcon.colcon_core.package_discovery:discover_packages(colcon_meta) discover
[0.266s] Level 1:colcon.colcon_core.package_discovery:discover_packages(recursive) discover
[0.266s] INFO:colcon.colcon_core.package_discovery:Crawling recursively for packages in '/home/amitabh/ROS2_CashierSystem'
[0.266s] Level 1:colcon.colcon_core.package_identification:_identify(.) by extensions ['ignore', 'ignore_ament_install']
[0.266s] Level 1:colcon.colcon_core.package_identification:_identify(.) by extension 'ignore'
[0.266s] Level 1:colcon.colcon_core.package_identification:_identify(.) by extension 'ignore_ament_install'
[0.266s] Level 1:colcon.colcon_core.package_identification:_identify(.) by extensions ['colcon_pkg']
[0.266s] Level 1:colcon.colcon_core.package_identification:_identify(.) by extension 'colcon_pkg'
[0.266s] Level 1:colcon.colcon_core.package_identification:_identify(.) by extensions ['colcon_meta']
[0.266s] Level 1:colcon.colcon_core.package_identification:_identify(.) by extension 'colcon_meta'
[0.266s] Level 1:colcon.colcon_core.package_identification:_identify(.) by extensions ['ros']
[0.266s] Level 1:colcon.colcon_core.package_identification:_identify(.) by extension 'ros'
[0.277s] Level 1:colcon.colcon_core.package_identification:_identify(.) by extensions ['cmake', 'python']
[0.277s] Level 1:colcon.colcon_core.package_identification:_identify(.) by extension 'cmake'
[0.277s] Level 1:colcon.colcon_core.package_identification:_identify(.) by extension 'python'
[0.277s] Level 1:colcon.colcon_core.package_identification:_identify(.) by extensions ['python_setup_py']
[0.277s] Level 1:colcon.colcon_core.package_identification:_identify(.) by extension 'python_setup_py'
[0.277s] Level 1:colcon.colcon_core.package_identification:_identify(build) by extensions ['ignore', 'ignore_ament_install']
[0.278s] Level 1:colcon.colcon_core.package_identification:_identify(build) by extension 'ignore'
[0.278s] Level 1:colcon.colcon_core.package_identification:_identify(build) ignored
[0.278s] Level 1:colcon.colcon_core.package_identification:_identify(install) by extensions ['ignore', 'ignore_ament_install']
[0.278s] Level 1:colcon.colcon_core.package_identification:_identify(install) by extension 'ignore'
[0.278s] Level 1:colcon.colcon_core.package_identification:_identify(install) ignored
[0.278s] Level 1:colcon.colcon_core.package_identification:_identify(log) by extensions ['ignore', 'ignore_ament_install']
[0.278s] Level 1:colcon.colcon_core.package_identification:_identify(log) by extension 'ignore'
[0.278s] Level 1:colcon.colcon_core.package_identification:_identify(log) ignored
[0.278s] Level 1:colcon.colcon_core.package_identification:_identify(src) by extensions ['ignore', 'ignore_ament_install']
[0.278s] Level 1:colcon.colcon_core.package_identification:_identify(src) by extension 'ignore'
[0.278s] Level 1:colcon.colcon_core.package_identification:_identify(src) by extension 'ignore_ament_install'
[0.278s] Level 1:colcon.colcon_core.package_identification:_identify(src) by extensions ['colcon_pkg']
[0.278s] Level 1:colcon.colcon_core.package_identification:_identify(src) by extension 'colcon_pkg'
[0.278s] Level 1:colcon.colcon_core.package_identification:_identify(src) by extensions ['colcon_meta']
[0.278s] Level 1:colcon.colcon_core.package_identification:_identify(src) by extension 'colcon_meta'
[0.278s] Level 1:colcon.colcon_core.package_identification:_identify(src) by extensions ['ros']
[0.278s] Level 1:colcon.colcon_core.package_identification:_identify(src) by extension 'ros'
[0.278s] Level 1:colcon.colcon_core.package_identification:_identify(src) by extensions ['cmake', 'python']
[0.278s] Level 1:colcon.colcon_core.package_identification:_identify(src) by extension 'cmake'
[0.278s] Level 1:colcon.colcon_core.package_identification:_identify(src) by extension 'python'
[0.278s] Level 1:colcon.colcon_core.package_identification:_identify(src) by extensions ['python_setup_py']
[0.278s] Level 1:colcon.colcon_core.package_identification:_identify(src) by extension 'python_setup_py'
[0.279s] Level 1:colcon.colcon_core.package_identification:_identify(src/Display) by extensions ['ignore', 'ignore_ament_install']
[0.279s] Level 1:colcon.colcon_core.package_identification:_identify(src/Display) by extension 'ignore'
[0.279s] Level 1:colcon.colcon_core.package_identification:_identify(src/Display) by extension 'ignore_ament_install'
[0.279s] Level 1:colcon.colcon_core.package_identification:_identify(src/Display) by extensions ['colcon_pkg']
[0.279s] Level 1:colcon.colcon_core.package_identification:_identify(src/Display) by extension 'colcon_pkg'
[0.279s] Level 1:colcon.colcon_core.package_identification:_identify(src/Display) by extensions ['colcon_meta']
[0.279s] Level 1:colcon.colcon_core.package_identification:_identify(src/Display) by extension 'colcon_meta'
[0.279s] Level 1:colcon.colcon_core.package_identification:_identify(src/Display) by extensions ['ros']
[0.279s] Level 1:colcon.colcon_core.package_identification:_identify(src/Display) by extension 'ros'
[0.282s] DEBUG:colcon.colcon_core.package_identification:Package 'src/Display' with type 'ros.ament_cmake' and name 'Display'
[0.282s] Level 1:colcon.colcon_core.package_identification:_identify(src/Publisher) by extensions ['ignore', 'ignore_ament_install']
[0.282s] Level 1:colcon.colcon_core.package_identification:_identify(src/Publisher) by extension 'ignore'
[0.282s] Level 1:colcon.colcon_core.package_identification:_identify(src/Publisher) by extension 'ignore_ament_install'
[0.282s] Level 1:colcon.colcon_core.package_identification:_identify(src/Publisher) by extensions ['colcon_pkg']
[0.282s] Level 1:colcon.colcon_core.package_identification:_identify(src/Publisher) by extension 'colcon_pkg'
[0.282s] Level 1:colcon.colcon_core.package_identification:_identify(src/Publisher) by extensions ['colcon_meta']
[0.282s] Level 1:colcon.colcon_core.package_identification:_identify(src/Publisher) by extension 'colcon_meta'
[0.282s] Level 1:colcon.colcon_core.package_identification:_identify(src/Publisher) by extensions ['ros']
[0.282s] Level 1:colcon.colcon_core.package_identification:_identify(src/Publisher) by extension 'ros'
[0.283s] DEBUG:colcon.colcon_core.package_identification:Package 'src/Publisher' with type 'ros.ament_cmake' and name 'Publisher'
[0.283s] Level 1:colcon.colcon_core.package_identification:_identify(src/Updater) by extensions ['ignore', 'ignore_ament_install']
[0.284s] Level 1:colcon.colcon_core.package_identification:_identify(src/Updater) by extension 'ignore'
[0.284s] Level 1:colcon.colcon_core.package_identification:_identify(src/Updater) by extension 'ignore_ament_install'
[0.284s] Level 1:colcon.colcon_core.package_identification:_identify(src/Updater) by extensions ['colcon_pkg']
[0.284s] Level 1:colcon.colcon_core.package_identification:_identify(src/Updater) by extension 'colcon_pkg'
[0.284s] Level 1:colcon.colcon_core.package_identification:_identify(src/Updater) by extensions ['colcon_meta']
[0.284s] Level 1:colcon.colcon_core.package_identification:_identify(src/Updater) by extension 'colcon_meta'
[0.284s] Level 1:colcon.colcon_core.package_identification:_identify(src/Updater) by extensions ['ros']
[0.284s] Level 1:colcon.colcon_core.package_identification:_identify(src/Updater) by extension 'ros'
[0.285s] DEBUG:colcon.colcon_core.package_identification:Package 'src/Updater' with type 'ros.ament_cmake' and name 'Updater'
[0.285s] Level 1:colcon.colcon_core.package_identification:_identify(src/tutorial_interfaces) by extensions ['ignore', 'ignore_ament_install']
[0.285s] Level 1:colcon.colcon_core.package_identification:_identify(src/tutorial_interfaces) by extension 'ignore'
[0.285s] Level 1:colcon.colcon_core.package_identification:_identify(src/tutorial_interfaces) by extension 'ignore_ament_install'
[0.285s] Level 1:colcon.colcon_core.package_identification:_identify(src/tutorial_interfaces) by extensions ['colcon_pkg']
[0.285s] Level 1:colcon.colcon_core.package_identification:_identify(src/tutorial_interfaces) by extension 'colcon_pkg'
[0.285s] Level 1:colcon.colcon_core.package_identification:_identify(src/tutorial_interfaces) by extensions ['colcon_meta']
[0.285s] Level 1:colcon.colcon_core.package_identification:_identify(src/tutorial_interfaces) by extension 'colcon_meta'
[0.285s] Level 1:colcon.colcon_core.package_identification:_identify(src/tutorial_interfaces) by extensions ['ros']
[0.285s] Level 1:colcon.colcon_core.package_identification:_identify(src/tutorial_interfaces) by extension 'ros'
[0.285s] DEBUG:colcon.colcon_core.package_identification:Package 'src/tutorial_interfaces' with type 'ros.ament_cmake' and name 'tutorial_interfaces'
[0.285s] Level 1:colcon.colcon_core.package_discovery:discover_packages(recursive) using defaults
[0.286s] Level 1:colcon.colcon_core.package_discovery:discover_packages(ignore) discover
[0.286s] Level 1:colcon.colcon_core.package_discovery:discover_packages(ignore) using defaults
[0.286s] Level 1:colcon.colcon_core.package_discovery:discover_packages(path) discover
[0.286s] Level 1:colcon.colcon_core.package_discovery:discover_packages(path) using defaults
[0.306s] Level 1:colcon.colcon_core.package_discovery:discover_packages(prefix_path) check parameters
[0.306s] Level 1:colcon.colcon_core.package_discovery:discover_packages(prefix_path) discover
[0.308s] DEBUG:colcon.colcon_installed_package_information.package_discovery:Found 294 installed packages in /opt/ros/humble
[0.351s] Level 1:colcon.colcon_core.package_discovery:discover_packages(prefix_path) using defaults
[0.388s] Level 5:colcon.colcon_core.verb:set package 'tutorial_interfaces' build argument 'cmake_args' from command line to 'None'
[0.388s] Level 5:colcon.colcon_core.verb:set package 'tutorial_interfaces' build argument 'cmake_target' from command line to 'None'
[0.388s] Level 5:colcon.colcon_core.verb:set package 'tutorial_interfaces' build argument 'cmake_target_skip_unavailable' from command line to 'False'
[0.388s] Level 5:colcon.colcon_core.verb:set package 'tutorial_interfaces' build argument 'cmake_clean_cache' from command line to 'False'
[0.388s] Level 5:colcon.colcon_core.verb:set package 'tutorial_interfaces' build argument 'cmake_clean_first' from command line to 'False'
[0.388s] Level 5:colcon.colcon_core.verb:set package 'tutorial_interfaces' build argument 'cmake_force_configure' from command line to 'False'
[0.388s] Level 5:colcon.colcon_core.verb:set package 'tutorial_interfaces' build argument 'ament_cmake_args' from command line to 'None'
[0.388s] Level 5:colcon.colcon_core.verb:set package 'tutorial_interfaces' build argument 'catkin_cmake_args' from command line to 'None'
[0.388s] Level 5:colcon.colcon_core.verb:set package 'tutorial_interfaces' build argument 'catkin_skip_building_tests' from command line to 'False'
[0.388s] DEBUG:colcon.colcon_core.verb:Building package 'tutorial_interfaces' with the following arguments: {'ament_cmake_args': None, 'build_base': '/home/amitabh/ROS2_CashierSystem/build/tutorial_interfaces', 'catkin_cmake_args': None, 'catkin_skip_building_tests': False, 'cmake_args': None, 'cmake_clean_cache': False, 'cmake_clean_first': False, 'cmake_force_configure': False, 'cmake_target': None, 'cmake_target_skip_unavailable': False, 'install_base': '/home/amitabh/ROS2_CashierSystem/install/tutorial_interfaces', 'merge_install': False, 'path': '/home/amitabh/ROS2_CashierSystem/src/tutorial_interfaces', 'symlink_install': False, 'test_result_base': None}
[0.388s] Level 5:colcon.colcon_core.verb:set package 'Display' build argument 'cmake_args' from command line to 'None'
[0.388s] Level 5:colcon.colcon_core.verb:set package 'Display' build argument 'cmake_target' from command line to 'None'
[0.388s] Level 5:colcon.colcon_core.verb:set package 'Display' build argument 'cmake_target_skip_unavailable' from command line to 'False'
[0.388s] Level 5:colcon.colcon_core.verb:set package 'Display' build argument 'cmake_clean_cache' from command line to 'False'
[0.388s] Level 5:colcon.colcon_core.verb:set package 'Display' build argument 'cmake_clean_first' from command line to 'False'
[0.388s] Level 5:colcon.colcon_core.verb:set package 'Display' build argument 'cmake_force_configure' from command line to 'False'
[0.388s] Level 5:colcon.colcon_core.verb:set package 'Display' build argument 'ament_cmake_args' from command line to 'None'
[0.388s] Level 5:colcon.colcon_core.verb:set package 'Display' build argument 'catkin_cmake_args' from command line to 'None'
[0.388s] Level 5:colcon.colcon_core.verb:set package 'Display' build argument 'catkin_skip_building_tests' from command line to 'False'
[0.388s] DEBUG:colcon.colcon_core.verb:Building package 'Display' with the following arguments: {'ament_cmake_args': None, 'build_base': '/home/amitabh/ROS2_CashierSystem/build/Display', 'catkin_cmake_args': None, 'catkin_skip_building_tests': False, 'cmake_args': None, 'cmake_clean_cache': False, 'cmake_clean_first': False, 'cmake_force_configure': False, 'cmake_target': None, 'cmake_target_skip_unavailable': False, 'install_base': '/home/amitabh/ROS2_CashierSystem/install/Display', 'merge_install': False, 'path': '/home/amitabh/ROS2_CashierSystem/src/Display', 'symlink_install': False, 'test_result_base': None}
[0.389s] Level 5:colcon.colcon_core.verb:set package 'Publisher' build argument 'cmake_args' from command line to 'None'
[0.389s] Level 5:colcon.colcon_core.verb:set package 'Publisher' build argument 'cmake_target' from command line to 'None'
[0.389s] Level 5:colcon.colcon_core.verb:set package 'Publisher' build argument 'cmake_target_skip_unavailable' from command line to 'False'
[0.389s] Level 5:colcon.colcon_core.verb:set package 'Publisher' build argument 'cmake_clean_cache' from command line to 'False'
[0.389s] Level 5:colcon.colcon_core.verb:set package 'Publisher' build argument 'cmake_clean_first' from command line to 'False'
[0.389s] Level 5:colcon.colcon_core.verb:set package 'Publisher' build argument 'cmake_force_configure' from command line to 'False'
[0.389s] Level 5:colcon.colcon_core.verb:set package 'Publisher' build argument 'ament_cmake_args' from command line to 'None'
[0.389s] Level 5:colcon.colcon_core.verb:set package 'Publisher' build argument 'catkin_cmake_args' from command line to 'None'
[0.389s] Level 5:colcon.colcon_core.verb:set package 'Publisher' build argument 'catkin_skip_building_tests' from command line to 'False'
[0.389s] DEBUG:colcon.colcon_core.verb:Building package 'Publisher' with the following arguments: {'ament_cmake_args': None, 'build_base': '/home/amitabh/ROS2_CashierSystem/build/Publisher', 'catkin_cmake_args': None, 'catkin_skip_building_tests': False, 'cmake_args': None, 'cmake_clean_cache': False, 'cmake_clean_first': False, 'cmake_force_configure': False, 'cmake_target': None, 'cmake_target_skip_unavailable': False, 'install_base': '/home/amitabh/ROS2_CashierSystem/install/Publisher', 'merge_install': False, 'path': '/home/amitabh/ROS2_CashierSystem/src/Publisher', 'symlink_install': False, 'test_result_base': None}
[0.389s] Level 5:colcon.colcon_core.verb:set package 'Updater' build argument 'cmake_args' from command line to 'None'
[0.389s] Level 5:colcon.colcon_core.verb:set package 'Updater' build argument 'cmake_target' from command line to 'None'
[0.389s] Level 5:colcon.colcon_core.verb:set package 'Updater' build argument 'cmake_target_skip_unavailable' from command line to 'False'
[0.389s] Level 5:colcon.colcon_core.verb:set package 'Updater' build argument 'cmake_clean_cache' from command line to 'False'
[0.389s] Level 5:colcon.colcon_core.verb:set package 'Updater' build argument 'cmake_clean_first' from command line to 'False'
[0.389s] Level 5:colcon.colcon_core.verb:set package 'Updater' build argument 'cmake_force_configure' from command line to 'False'
[0.389s] Level 5:colcon.colcon_core.verb:set package 'Updater' build argument 'ament_cmake_args' from command line to 'None'
[0.389s] Level 5:colcon.colcon_core.verb:set package 'Updater' build argument 'catkin_cmake_args' from command line to 'None'
[0.389s] Level 5:colcon.colcon_core.verb:set package 'Updater' build argument 'catkin_skip_building_tests' from command line to 'False'
[0.389s] DEBUG:colcon.colcon_core.verb:Building package 'Updater' with the following arguments: {'ament_cmake_args': None, 'build_base': '/home/amitabh/ROS2_CashierSystem/build/Updater', 'catkin_cmake_args': None, 'catkin_skip_building_tests': False, 'cmake_args': None, 'cmake_clean_cache': False, 'cmake_clean_first': False, 'cmake_force_configure': False, 'cmake_target': None, 'cmake_target_skip_unavailable': False, 'install_base': '/home/amitabh/ROS2_CashierSystem/install/Updater', 'merge_install': False, 'path': '/home/amitabh/ROS2_CashierSystem/src/Updater', 'symlink_install': False, 'test_result_base': None}
[0.389s] INFO:colcon.colcon_core.executor:Executing jobs using 'parallel' executor
[0.391s] DEBUG:colcon.colcon_parallel_executor.executor.parallel:run_until_complete
[0.391s] INFO:colcon.colcon_ros.task.ament_cmake.build:Building ROS package in '/home/amitabh/ROS2_CashierSystem/src/tutorial_interfaces' with build type 'ament_cmake'
[0.391s] INFO:colcon.colcon_cmake.task.cmake.build:Building CMake package in '/home/amitabh/ROS2_CashierSystem/src/tutorial_interfaces'
[0.393s] INFO:colcon.colcon_core.plugin_system:Skipping extension 'colcon_core.shell.bat': Not used on non-Windows systems
[0.393s] INFO:colcon.colcon_core.shell:Skip shell extension 'powershell' for command environment: Not usable outside of PowerShell
[0.393s] DEBUG:colcon.colcon_core.shell:Skip shell extension 'dsv' for command environment
[0.405s] DEBUG:colcon.colcon_core.event_handler.log_command:Invoking command in '/home/amitabh/ROS2_CashierSystem/build/tutorial_interfaces': CMAKE_PREFIX_PATH=/opt/ros/humble /usr/bin/cmake /home/amitabh/ROS2_CashierSystem/src/tutorial_interfaces -DCMAKE_INSTALL_PREFIX=/home/amitabh/ROS2_CashierSystem/install/tutorial_interfaces
[2.246s] DEBUG:colcon.colcon_core.event_handler.log_command:Invoked command in '/home/amitabh/ROS2_CashierSystem/build/tutorial_interfaces' returned '0': CMAKE_PREFIX_PATH=/opt/ros/humble /usr/bin/cmake /home/amitabh/ROS2_CashierSystem/src/tutorial_interfaces -DCMAKE_INSTALL_PREFIX=/home/amitabh/ROS2_CashierSystem/install/tutorial_interfaces
[2.250s] DEBUG:colcon.colcon_core.event_handler.log_command:Invoking command in '/home/amitabh/ROS2_CashierSystem/build/tutorial_interfaces': CMAKE_PREFIX_PATH=/opt/ros/humble /usr/bin/cmake --build /home/amitabh/ROS2_CashierSystem/build/tutorial_interfaces -- -j8 -l8
[4.928s] DEBUG:colcon.colcon_core.event_handler.log_command:Invoked command in '/home/amitabh/ROS2_CashierSystem/build/tutorial_interfaces' returned '0': CMAKE_PREFIX_PATH=/opt/ros/humble /usr/bin/cmake --build /home/amitabh/ROS2_CashierSystem/build/tutorial_interfaces -- -j8 -l8
[4.940s] DEBUG:colcon.colcon_core.event_handler.log_command:Invoking command in '/home/amitabh/ROS2_CashierSystem/build/tutorial_interfaces': CMAKE_PREFIX_PATH=/opt/ros/humble /usr/bin/cmake --install /home/amitabh/ROS2_CashierSystem/build/tutorial_interfaces
[5.012s] Level 1:colcon.colcon_core.environment:create_environment_scripts_only(tutorial_interfaces)
[5.013s] DEBUG:colcon.colcon_core.event_handler.log_command:Invoked command in '/home/amitabh/ROS2_CashierSystem/build/tutorial_interfaces' returned '0': CMAKE_PREFIX_PATH=/opt/ros/humble /usr/bin/cmake --install /home/amitabh/ROS2_CashierSystem/build/tutorial_interfaces
[5.015s] Level 1:colcon.colcon_core.environment:checking '/home/amitabh/ROS2_CashierSystem/install/tutorial_interfaces' for CMake module files
[5.016s] Level 1:colcon.colcon_core.environment:checking '/home/amitabh/ROS2_CashierSystem/install/tutorial_interfaces' for CMake config files
[5.016s] Level 1:colcon.colcon_core.shell:create_environment_hook('tutorial_interfaces', 'cmake_prefix_path')
[5.016s] INFO:colcon.colcon_core.shell:Creating environment hook '/home/amitabh/ROS2_CashierSystem/install/tutorial_interfaces/share/tutorial_interfaces/hook/cmake_prefix_path.ps1'
[5.017s] INFO:colcon.colcon_core.shell:Creating environment descriptor '/home/amitabh/ROS2_CashierSystem/install/tutorial_interfaces/share/tutorial_interfaces/hook/cmake_prefix_path.dsv'
[5.017s] INFO:colcon.colcon_core.shell:Creating environment hook '/home/amitabh/ROS2_CashierSystem/install/tutorial_interfaces/share/tutorial_interfaces/hook/cmake_prefix_path.sh'
[5.018s] Level 1:colcon.colcon_core.environment:checking '/home/amitabh/ROS2_CashierSystem/install/tutorial_interfaces/lib'
[5.018s] Level 1:colcon.colcon_core.shell:create_environment_hook('tutorial_interfaces', 'ld_library_path_lib')
[5.018s] INFO:colcon.colcon_core.shell:Creating environment hook '/home/amitabh/ROS2_CashierSystem/install/tutorial_interfaces/share/tutorial_interfaces/hook/ld_library_path_lib.ps1'
[5.019s] INFO:colcon.colcon_core.shell:Creating environment descriptor '/home/amitabh/ROS2_CashierSystem/install/tutorial_interfaces/share/tutorial_interfaces/hook/ld_library_path_lib.dsv'
[5.019s] INFO:colcon.colcon_core.shell:Creating environment hook '/home/amitabh/ROS2_CashierSystem/install/tutorial_interfaces/share/tutorial_interfaces/hook/ld_library_path_lib.sh'
[5.019s] Level 1:colcon.colcon_core.environment:checking '/home/amitabh/ROS2_CashierSystem/install/tutorial_interfaces/bin'
[5.019s] Level 1:colcon.colcon_core.environment:checking '/home/amitabh/ROS2_CashierSystem/install/tutorial_interfaces/lib/pkgconfig/tutorial_interfaces.pc'
[5.019s] Level 1:colcon.colcon_core.environment:checking '/home/amitabh/ROS2_CashierSystem/install/tutorial_interfaces/lib/python3.10/site-packages'
[5.019s] Level 1:colcon.colcon_core.environment:checking '/home/amitabh/ROS2_CashierSystem/install/tutorial_interfaces/bin'
[5.020s] INFO:colcon.colcon_core.shell:Creating package script '/home/amitabh/ROS2_CashierSystem/install/tutorial_interfaces/share/tutorial_interfaces/package.ps1'
[5.020s] INFO:colcon.colcon_core.shell:Creating package descriptor '/home/amitabh/ROS2_CashierSystem/install/tutorial_interfaces/share/tutorial_interfaces/package.dsv'
[5.021s] INFO:colcon.colcon_core.shell:Creating package script '/home/amitabh/ROS2_CashierSystem/install/tutorial_interfaces/share/tutorial_interfaces/package.sh'
[5.021s] INFO:colcon.colcon_core.shell:Creating package script '/home/amitabh/ROS2_CashierSystem/install/tutorial_interfaces/share/tutorial_interfaces/package.bash'
[5.022s] INFO:colcon.colcon_core.shell:Creating package script '/home/amitabh/ROS2_CashierSystem/install/tutorial_interfaces/share/tutorial_interfaces/package.zsh'
[5.023s] Level 1:colcon.colcon_core.environment:create_file_with_runtime_dependencies(/home/amitabh/ROS2_CashierSystem/install/tutorial_interfaces/share/colcon-core/packages/tutorial_interfaces)
[5.023s] Level 1:colcon.colcon_core.environment:create_environment_scripts_only(tutorial_interfaces)
[5.023s] Level 1:colcon.colcon_core.environment:checking '/home/amitabh/ROS2_CashierSystem/install/tutorial_interfaces' for CMake module files
[5.024s] Level 1:colcon.colcon_core.environment:checking '/home/amitabh/ROS2_CashierSystem/install/tutorial_interfaces' for CMake config files
[5.024s] Level 1:colcon.colcon_core.shell:create_environment_hook('tutorial_interfaces', 'cmake_prefix_path')
[5.024s] INFO:colcon.colcon_core.shell:Creating environment hook '/home/amitabh/ROS2_CashierSystem/install/tutorial_interfaces/share/tutorial_interfaces/hook/cmake_prefix_path.ps1'
[5.024s] INFO:colcon.colcon_core.shell:Creating environment descriptor '/home/amitabh/ROS2_CashierSystem/install/tutorial_interfaces/share/tutorial_interfaces/hook/cmake_prefix_path.dsv'
[5.025s] INFO:colcon.colcon_core.shell:Creating environment hook '/home/amitabh/ROS2_CashierSystem/install/tutorial_interfaces/share/tutorial_interfaces/hook/cmake_prefix_path.sh'
[5.025s] Level 1:colcon.colcon_core.environment:checking '/home/amitabh/ROS2_CashierSystem/install/tutorial_interfaces/lib'
[5.025s] Level 1:colcon.colcon_core.shell:create_environment_hook('tutorial_interfaces', 'ld_library_path_lib')
[5.025s] INFO:colcon.colcon_core.shell:Creating environment hook '/home/amitabh/ROS2_CashierSystem/install/tutorial_interfaces/share/tutorial_interfaces/hook/ld_library_path_lib.ps1'
[5.026s] INFO:colcon.colcon_core.shell:Creating environment descriptor '/home/amitabh/ROS2_CashierSystem/install/tutorial_interfaces/share/tutorial_interfaces/hook/ld_library_path_lib.dsv'
[5.026s] INFO:colcon.colcon_core.shell:Creating environment hook '/home/amitabh/ROS2_CashierSystem/install/tutorial_interfaces/share/tutorial_interfaces/hook/ld_library_path_lib.sh'
[5.026s] Level 1:colcon.colcon_core.environment:checking '/home/amitabh/ROS2_CashierSystem/install/tutorial_interfaces/bin'
[5.026s] Level 1:colcon.colcon_core.environment:checking '/home/amitabh/ROS2_CashierSystem/install/tutorial_interfaces/lib/pkgconfig/tutorial_interfaces.pc'
[5.027s] Level 1:colcon.colcon_core.environment:checking '/home/amitabh/ROS2_CashierSystem/install/tutorial_interfaces/lib/python3.10/site-packages'
[5.027s] Level 1:colcon.colcon_core.environment:checking '/home/amitabh/ROS2_CashierSystem/install/tutorial_interfaces/bin'
[5.027s] INFO:colcon.colcon_core.shell:Creating package script '/home/amitabh/ROS2_CashierSystem/install/tutorial_interfaces/share/tutorial_interfaces/package.ps1'
[5.028s] INFO:colcon.colcon_core.shell:Creating package descriptor '/home/amitabh/ROS2_CashierSystem/install/tutorial_interfaces/share/tutorial_interfaces/package.dsv'
[5.028s] INFO:colcon.colcon_core.shell:Creating package script '/home/amitabh/ROS2_CashierSystem/install/tutorial_interfaces/share/tutorial_interfaces/package.sh'
[5.028s] INFO:colcon.colcon_core.shell:Creating package script '/home/amitabh/ROS2_CashierSystem/install/tutorial_interfaces/share/tutorial_interfaces/package.bash'
[5.029s] INFO:colcon.colcon_core.shell:Creating package script '/home/amitabh/ROS2_CashierSystem/install/tutorial_interfaces/share/tutorial_interfaces/package.zsh'
[5.029s] Level 1:colcon.colcon_core.environment:create_file_with_runtime_dependencies(/home/amitabh/ROS2_CashierSystem/install/tutorial_interfaces/share/colcon-core/packages/tutorial_interfaces)
[5.030s] INFO:colcon.colcon_ros.task.ament_cmake.build:Building ROS package in '/home/amitabh/ROS2_CashierSystem/src/Display' with build type 'ament_cmake'
[5.030s] INFO:colcon.colcon_cmake.task.cmake.build:Building CMake package in '/home/amitabh/ROS2_CashierSystem/src/Display'
[5.030s] INFO:colcon.colcon_core.shell:Skip shell extension 'powershell' for command environment: Not usable outside of PowerShell
[5.030s] DEBUG:colcon.colcon_core.shell:Skip shell extension 'dsv' for command environment
[5.034s] INFO:colcon.colcon_ros.task.ament_cmake.build:Building ROS package in '/home/amitabh/ROS2_CashierSystem/src/Publisher' with build type 'ament_cmake'
[5.034s] INFO:colcon.colcon_cmake.task.cmake.build:Building CMake package in '/home/amitabh/ROS2_CashierSystem/src/Publisher'
[5.034s] INFO:colcon.colcon_core.shell:Skip shell extension 'powershell' for command environment: Not usable outside of PowerShell
[5.034s] DEBUG:colcon.colcon_core.shell:Skip shell extension 'dsv' for command environment
[5.037s] INFO:colcon.colcon_ros.task.ament_cmake.build:Building ROS package in '/home/amitabh/ROS2_CashierSystem/src/Updater' with build type 'ament_cmake'
[5.037s] INFO:colcon.colcon_cmake.task.cmake.build:Building CMake package in '/home/amitabh/ROS2_CashierSystem/src/Updater'
[5.038s] INFO:colcon.colcon_core.shell:Skip shell extension 'powershell' for command environment: Not usable outside of PowerShell
[5.038s] DEBUG:colcon.colcon_core.shell:Skip shell extension 'dsv' for command environment
[5.044s] DEBUG:colcon.colcon_core.event_handler.log_command:Invoking command in '/home/amitabh/ROS2_CashierSystem/build/Display': AMENT_PREFIX_PATH=/home/amitabh/ROS2_CashierSystem/install/tutorial_interfaces:${AMENT_PREFIX_PATH} CMAKE_PREFIX_PATH=/home/amitabh/ROS2_CashierSystem/install/tutorial_interfaces:/opt/ros/humble LD_LIBRARY_PATH=/home/amitabh/ROS2_CashierSystem/install/tutorial_interfaces/lib:${LD_LIBRARY_PATH} PYTHONPATH=/home/amitabh/ROS2_CashierSystem/install/tutorial_interfaces/local/lib/python3.10/dist-packages:${PYTHONPATH} /usr/bin/cmake /home/amitabh/ROS2_CashierSystem/src/Display -DCMAKE_INSTALL_PREFIX=/home/amitabh/ROS2_CashierSystem/install/Display
[5.047s] DEBUG:colcon.colcon_core.event_handler.log_command:Invoking command in '/home/amitabh/ROS2_CashierSystem/build/Publisher': AMENT_PREFIX_PATH=/home/amitabh/ROS2_CashierSystem/install/tutorial_interfaces:${AMENT_PREFIX_PATH} CMAKE_PREFIX_PATH=/home/amitabh/ROS2_CashierSystem/install/tutorial_interfaces:/opt/ros/humble LD_LIBRARY_PATH=/home/amitabh/ROS2_CashierSystem/install/tutorial_interfaces/lib:${LD_LIBRARY_PATH} PYTHONPATH=/home/amitabh/ROS2_CashierSystem/install/tutorial_interfaces/local/lib/python3.10/dist-packages:${PYTHONPATH} /usr/bin/cmake /home/amitabh/ROS2_CashierSystem/src/Publisher -DCMAKE_INSTALL_PREFIX=/home/amitabh/ROS2_CashierSystem/install/Publisher
[5.051s] DEBUG:colcon.colcon_core.event_handler.log_command:Invoking command in '/home/amitabh/ROS2_CashierSystem/build/Updater': AMENT_PREFIX_PATH=/home/amitabh/ROS2_CashierSystem/install/tutorial_interfaces:${AMENT_PREFIX_PATH} CMAKE_PREFIX_PATH=/home/amitabh/ROS2_CashierSystem/install/tutorial_interfaces:/opt/ros/humble LD_LIBRARY_PATH=/home/amitabh/ROS2_CashierSystem/install/tutorial_interfaces/lib:${LD_LIBRARY_PATH} PYTHONPATH=/home/amitabh/ROS2_CashierSystem/install/tutorial_interfaces/local/lib/python3.10/dist-packages:${PYTHONPATH} /usr/bin/cmake /home/amitabh/ROS2_CashierSystem/src/Updater -DCMAKE_INSTALL_PREFIX=/home/amitabh/ROS2_CashierSystem/install/Updater
[6.349s] DEBUG:colcon.colcon_core.event_handler.log_command:Invoked command in '/home/amitabh/ROS2_CashierSystem/build/Display' returned '1': AMENT_PREFIX_PATH=/home/amitabh/ROS2_CashierSystem/install/tutorial_interfaces:${AMENT_PREFIX_PATH} CMAKE_PREFIX_PATH=/home/amitabh/ROS2_CashierSystem/install/tutorial_interfaces:/opt/ros/humble LD_LIBRARY_PATH=/home/amitabh/ROS2_CashierSystem/install/tutorial_interfaces/lib:${LD_LIBRARY_PATH} PYTHONPATH=/home/amitabh/ROS2_CashierSystem/install/tutorial_interfaces/local/lib/python3.10/dist-packages:${PYTHONPATH} /usr/bin/cmake /home/amitabh/ROS2_CashierSystem/src/Display -DCMAKE_INSTALL_PREFIX=/home/amitabh/ROS2_CashierSystem/install/Display
[6.363s] Level 1:colcon.colcon_core.environment:create_environment_scripts_only(Display)
[6.363s] Level 1:colcon.colcon_core.environment:checking '/home/amitabh/ROS2_CashierSystem/install/Display' for CMake module files
[6.364s] Level 1:colcon.colcon_core.environment:checking '/home/amitabh/ROS2_CashierSystem/install/Display' for CMake config files
[6.364s] Level 1:colcon.colcon_core.environment:checking '/home/amitabh/ROS2_CashierSystem/install/Display/bin'
[6.364s] Level 1:colcon.colcon_core.environment:checking '/home/amitabh/ROS2_CashierSystem/install/Display/lib/pkgconfig/Display.pc'
[6.364s] Level 1:colcon.colcon_core.environment:checking '/home/amitabh/ROS2_CashierSystem/install/Display/lib/python3.10/site-packages'
[6.364s] Level 1:colcon.colcon_core.environment:checking '/home/amitabh/ROS2_CashierSystem/install/Display/bin'
[6.365s] INFO:colcon.colcon_core.shell:Creating package script '/home/amitabh/ROS2_CashierSystem/install/Display/share/Display/package.ps1'
[6.365s] INFO:colcon.colcon_core.shell:Creating package descriptor '/home/amitabh/ROS2_CashierSystem/install/Display/share/Display/package.dsv'
[6.366s] INFO:colcon.colcon_core.shell:Creating package script '/home/amitabh/ROS2_CashierSystem/install/Display/share/Display/package.sh'
[6.366s] INFO:colcon.colcon_core.shell:Creating package script '/home/amitabh/ROS2_CashierSystem/install/Display/share/Display/package.bash'
[6.366s] INFO:colcon.colcon_core.shell:Creating package script '/home/amitabh/ROS2_CashierSystem/install/Display/share/Display/package.zsh'
[6.367s] Level 1:colcon.colcon_core.environment:create_file_with_runtime_dependencies(/home/amitabh/ROS2_CashierSystem/install/Display/share/colcon-core/packages/Display)
[6.397s] DEBUG:colcon.colcon_parallel_executor.executor.parallel:closing loop
[6.397s] DEBUG:colcon.colcon_parallel_executor.executor.parallel:loop closed
[6.397s] DEBUG:colcon.colcon_parallel_executor.executor.parallel:run_until_complete finished with '1'
[6.398s] DEBUG:colcon.colcon_core.event_reactor:joining thread
[6.403s] INFO:colcon.colcon_core.plugin_system:Skipping extension 'colcon_notification.desktop_notification.terminal_notifier': Not used on non-Darwin systems
[6.403s] INFO:colcon.colcon_core.plugin_system:Skipping extension 'colcon_notification.desktop_notification.win32': Not used on non-Windows systems
[6.403s] INFO:colcon.colcon_notification.desktop_notification:Sending desktop notification using 'notify2'
[6.419s] DEBUG:colcon.colcon_core.event_reactor:joined thread
[6.419s] INFO:colcon.colcon_core.shell:Creating prefix script '/home/amitabh/ROS2_CashierSystem/install/local_setup.ps1'
[6.421s] INFO:colcon.colcon_core.shell:Creating prefix util module '/home/amitabh/ROS2_CashierSystem/install/_local_setup_util_ps1.py'
[6.425s] INFO:colcon.colcon_core.shell:Creating prefix chain script '/home/amitabh/ROS2_CashierSystem/install/setup.ps1'
[6.428s] INFO:colcon.colcon_core.shell:Creating prefix script '/home/amitabh/ROS2_CashierSystem/install/local_setup.sh'
[6.429s] INFO:colcon.colcon_core.shell:Creating prefix util module '/home/amitabh/ROS2_CashierSystem/install/_local_setup_util_sh.py'
[6.430s] INFO:colcon.colcon_core.shell:Creating prefix chain script '/home/amitabh/ROS2_CashierSystem/install/setup.sh'
[6.432s] INFO:colcon.colcon_core.shell:Creating prefix script '/home/amitabh/ROS2_CashierSystem/install/local_setup.bash'
[6.433s] INFO:colcon.colcon_core.shell:Creating prefix chain script '/home/amitabh/ROS2_CashierSystem/install/setup.bash'
[6.435s] INFO:colcon.colcon_core.shell:Creating prefix script '/home/amitabh/ROS2_CashierSystem/install/local_setup.zsh'
[6.435s] INFO:colcon.colcon_core.shell:Creating prefix chain script '/home/amitabh/ROS2_CashierSystem/install/setup.zsh'
