-- Found ament_cmake: 1.3.11 (/opt/ros/humble/share/ament_cmake/cmake)
-- Found rclcpp: 16.0.11 (/opt/ros/humble/share/rclcpp/cmake)
-- Found rosidl_generator_c: 3.1.6 (/opt/ros/humble/share/rosidl_generator_c/cmake)
-- Found rosidl_adapter: 3.1.6 (/opt/ros/humble/share/rosidl_adapter/cmake)
-- Found rosidl_generator_cpp: 3.1.6 (/opt/ros/humble/share/rosidl_generator_cpp/cmake)
-- Using all available rosidl_typesupport_c: rosidl_typesupport_fastrtps_c;rosidl_typesupport_introspection_c
-- Using all available rosidl_typesupport_cpp: rosidl_typesupport_fastrtps_cpp;rosidl_typesupport_introspection_cpp
-- Found rmw_implementation_cmake: 6.1.2 (/opt/ros/humble/share/rmw_implementation_cmake/cmake)
-- Found rmw_fastrtps_cpp: 6.2.7 (/opt/ros/humble/share/rmw_fastrtps_cpp/cmake)
-- Using RMW implementation 'rmw_fastrtps_cpp' as default
-- Found tutorial_interfaces: 0.0.0 (/home/amitabh/ROS2_CashierSystem/install/tutorial_interfaces/share/tutorial_interfaces/cmake)
-- Found ament_lint_auto: 0.12.11 (/opt/ros/humble/share/ament_lint_auto/cmake)
-- Added test 'cppcheck' to perform static code analysis on C / C++ code
-- Configured cppcheck include dirs: $<BUILD_INTERFACE:/home/amitabh/ROS2_CashierSystem/src/Display/include>
-- Configured cppcheck exclude dirs and/or files: 
-- Added test 'lint_cmake' to check CMake code style
-- Added test 'uncrustify' to check C / C++ code style
-- Configured uncrustify additional arguments: 
-- Added test 'xmllint' to check XML markup files
-- Configuring done
-- Generating done
-- Build files have been written to: /home/amitabh/ROS2_CashierSystem/build/Display
[ 50%] [32mBuilding CXX object CMakeFiles/Display_node.dir/src/Display_node.cpp.o[0m
[100%] [32m[1mLinking CXX executable Display_node[0m
[100%] Built target Display_node
-- Install configuration: ""
-- Installing: /home/amitabh/ROS2_CashierSystem/install/Display/lib/Display/Display_node
-- Set runtime path of "/home/amitabh/ROS2_CashierSystem/install/Display/lib/Display/Display_node" to ""
-- Installing: /home/amitabh/ROS2_CashierSystem/install/Display/share/ament_index/resource_index/package_run_dependencies/Display
-- Installing: /home/amitabh/ROS2_CashierSystem/install/Display/share/ament_index/resource_index/parent_prefix_path/Display
-- Installing: /home/amitabh/ROS2_CashierSystem/install/Display/share/Display/environment/ament_prefix_path.sh
-- Installing: /home/amitabh/ROS2_CashierSystem/install/Display/share/Display/environment/ament_prefix_path.dsv
-- Installing: /home/amitabh/ROS2_CashierSystem/install/Display/share/Display/environment/path.sh
-- Installing: /home/amitabh/ROS2_CashierSystem/install/Display/share/Display/environment/path.dsv
-- Installing: /home/amitabh/ROS2_CashierSystem/install/Display/share/Display/local_setup.bash
-- Installing: /home/amitabh/ROS2_CashierSystem/install/Display/share/Display/local_setup.sh
-- Installing: /home/amitabh/ROS2_CashierSystem/install/Display/share/Display/local_setup.zsh
-- Installing: /home/amitabh/ROS2_CashierSystem/install/Display/share/Display/local_setup.dsv
-- Installing: /home/amitabh/ROS2_CashierSystem/install/Display/share/Display/package.dsv
-- Installing: /home/amitabh/ROS2_CashierSystem/install/Display/share/ament_index/resource_index/packages/Display
-- Installing: /home/amitabh/ROS2_CashierSystem/install/Display/share/Display/cmake/DisplayConfig.cmake
-- Installing: /home/amitabh/ROS2_CashierSystem/install/Display/share/Display/cmake/DisplayConfig-version.cmake
-- Installing: /home/amitabh/ROS2_CashierSystem/install/Display/share/Display/package.xml
