[0.016s] Invoking command in '/home/amitabh/ROS2_CashierSystem/build/Display': AMENT_PREFIX_PATH=/home/amitabh/ROS2_CashierSystem/install/tutorial_interfaces:${AMENT_PREFIX_PATH} CMAKE_PREFIX_PATH=/home/amitabh/ROS2_CashierSystem/install/tutorial_interfaces:/opt/ros/humble LD_LIBRARY_PATH=/home/amitabh/ROS2_CashierSystem/install/tutorial_interfaces/lib:${LD_LIBRARY_PATH} PYTHONPATH=/home/amitabh/ROS2_CashierSystem/install/tutorial_interfaces/local/lib/python3.10/dist-packages:${PYTHONPATH} /usr/bin/cmake /home/amitabh/ROS2_CashierSystem/src/Display -DCMAKE_INSTALL_PREFIX=/home/amitabh/ROS2_CashierSystem/install/Display
[0.031s] -- Found ament_cmake: 1.3.11 (/opt/ros/humble/share/ament_cmake/cmake)
[0.187s] -- Found rclcpp: 16.0.11 (/opt/ros/humble/share/rclcpp/cmake)
[0.214s] -- Found rosidl_generator_c: 3.1.6 (/opt/ros/humble/share/rosidl_generator_c/cmake)
[0.216s] -- Found rosidl_adapter: 3.1.6 (/opt/ros/humble/share/rosidl_adapter/cmake)
[0.222s] -- Found rosidl_generator_cpp: 3.1.6 (/opt/ros/humble/share/rosidl_generator_cpp/cmake)
[0.231s] -- Using all available rosidl_typesupport_c: rosidl_typesupport_fastrtps_c;rosidl_typesupport_introspection_c
[0.243s] -- Using all available rosidl_typesupport_cpp: rosidl_typesupport_fastrtps_cpp;rosidl_typesupport_introspection_cpp
[0.271s] -- Found rmw_implementation_cmake: 6.1.2 (/opt/ros/humble/share/rmw_implementation_cmake/cmake)
[0.272s] -- Found rmw_fastrtps_cpp: 6.2.7 (/opt/ros/humble/share/rmw_fastrtps_cpp/cmake)
[0.390s] -- Using RMW implementation 'rmw_fastrtps_cpp' as default
[0.438s] -- Found tutorial_interfaces: 0.0.0 (/home/amitabh/ROS2_CashierSystem/install/tutorial_interfaces/share/tutorial_interfaces/cmake)
[0.463s] -- Found ament_lint_auto: 0.12.11 (/opt/ros/humble/share/ament_lint_auto/cmake)
[0.532s] WARNING: Package name "Display" does not follow the naming conventions. It should start with a lower case letter and only contain lower case letters, digits, underscores, and dashes.
[0.565s] -- Added test 'cppcheck' to perform static code analysis on C / C++ code
[0.565s] -- Configured cppcheck include dirs: $<BUILD_INTERFACE:/home/amitabh/ROS2_CashierSystem/src/Display/include>
[0.565s] -- Configured cppcheck exclude dirs and/or files: 
[0.565s] -- Added test 'lint_cmake' to check CMake code style
[0.566s] -- Added test 'uncrustify' to check C / C++ code style
[0.566s] -- Configured uncrustify additional arguments: 
[0.567s] -- Added test 'xmllint' to check XML markup files
[0.568s] -- Configuring done
[0.581s] -- Generating done
[0.586s] -- Build files have been written to: /home/amitabh/ROS2_CashierSystem/build/Display
[0.606s] Invoked command in '/home/amitabh/ROS2_CashierSystem/build/Display' returned '0': AMENT_PREFIX_PATH=/home/amitabh/ROS2_CashierSystem/install/tutorial_interfaces:${AMENT_PREFIX_PATH} CMAKE_PREFIX_PATH=/home/amitabh/ROS2_CashierSystem/install/tutorial_interfaces:/opt/ros/humble LD_LIBRARY_PATH=/home/amitabh/ROS2_CashierSystem/install/tutorial_interfaces/lib:${LD_LIBRARY_PATH} PYTHONPATH=/home/amitabh/ROS2_CashierSystem/install/tutorial_interfaces/local/lib/python3.10/dist-packages:${PYTHONPATH} /usr/bin/cmake /home/amitabh/ROS2_CashierSystem/src/Display -DCMAKE_INSTALL_PREFIX=/home/amitabh/ROS2_CashierSystem/install/Display
[0.609s] Invoking command in '/home/amitabh/ROS2_CashierSystem/build/Display': AMENT_PREFIX_PATH=/home/amitabh/ROS2_CashierSystem/install/tutorial_interfaces:${AMENT_PREFIX_PATH} CMAKE_PREFIX_PATH=/home/amitabh/ROS2_CashierSystem/install/tutorial_interfaces:/opt/ros/humble LD_LIBRARY_PATH=/home/amitabh/ROS2_CashierSystem/install/tutorial_interfaces/lib:${LD_LIBRARY_PATH} PYTHONPATH=/home/amitabh/ROS2_CashierSystem/install/tutorial_interfaces/local/lib/python3.10/dist-packages:${PYTHONPATH} /usr/bin/cmake --build /home/amitabh/ROS2_CashierSystem/build/Display -- -j8 -l8
[0.687s] [ 50%] [32mBuilding CXX object CMakeFiles/Display_node.dir/src/Display_node.cpp.o[0m
[8.995s] [100%] [32m[1mLinking CXX executable Display_node[0m
[9.531s] [100%] Built target Display_node
[9.546s] Invoked command in '/home/amitabh/ROS2_CashierSystem/build/Display' returned '0': AMENT_PREFIX_PATH=/home/amitabh/ROS2_CashierSystem/install/tutorial_interfaces:${AMENT_PREFIX_PATH} CMAKE_PREFIX_PATH=/home/amitabh/ROS2_CashierSystem/install/tutorial_interfaces:/opt/ros/humble LD_LIBRARY_PATH=/home/amitabh/ROS2_CashierSystem/install/tutorial_interfaces/lib:${LD_LIBRARY_PATH} PYTHONPATH=/home/amitabh/ROS2_CashierSystem/install/tutorial_interfaces/local/lib/python3.10/dist-packages:${PYTHONPATH} /usr/bin/cmake --build /home/amitabh/ROS2_CashierSystem/build/Display -- -j8 -l8
[9.548s] Invoking command in '/home/amitabh/ROS2_CashierSystem/build/Display': AMENT_PREFIX_PATH=/home/amitabh/ROS2_CashierSystem/install/tutorial_interfaces:${AMENT_PREFIX_PATH} CMAKE_PREFIX_PATH=/home/amitabh/ROS2_CashierSystem/install/tutorial_interfaces:/opt/ros/humble LD_LIBRARY_PATH=/home/amitabh/ROS2_CashierSystem/install/tutorial_interfaces/lib:${LD_LIBRARY_PATH} PYTHONPATH=/home/amitabh/ROS2_CashierSystem/install/tutorial_interfaces/local/lib/python3.10/dist-packages:${PYTHONPATH} /usr/bin/cmake --install /home/amitabh/ROS2_CashierSystem/build/Display
[9.556s] -- Install configuration: ""
[9.556s] -- Installing: /home/amitabh/ROS2_CashierSystem/install/Display/lib/Display/Display_node
[9.560s] -- Set runtime path of "/home/amitabh/ROS2_CashierSystem/install/Display/lib/Display/Display_node" to ""
[9.560s] -- Installing: /home/amitabh/ROS2_CashierSystem/install/Display/share/ament_index/resource_index/package_run_dependencies/Display
[9.560s] -- Installing: /home/amitabh/ROS2_CashierSystem/install/Display/share/ament_index/resource_index/parent_prefix_path/Display
[9.561s] -- Installing: /home/amitabh/ROS2_CashierSystem/install/Display/share/Display/environment/ament_prefix_path.sh
[9.561s] -- Installing: /home/amitabh/ROS2_CashierSystem/install/Display/share/Display/environment/ament_prefix_path.dsv
[9.561s] -- Installing: /home/amitabh/ROS2_CashierSystem/install/Display/share/Display/environment/path.sh
[9.561s] -- Installing: /home/amitabh/ROS2_CashierSystem/install/Display/share/Display/environment/path.dsv
[9.561s] -- Installing: /home/amitabh/ROS2_CashierSystem/install/Display/share/Display/local_setup.bash
[9.562s] -- Installing: /home/amitabh/ROS2_CashierSystem/install/Display/share/Display/local_setup.sh
[9.562s] -- Installing: /home/amitabh/ROS2_CashierSystem/install/Display/share/Display/local_setup.zsh
[9.562s] -- Installing: /home/amitabh/ROS2_CashierSystem/install/Display/share/Display/local_setup.dsv
[9.562s] -- Installing: /home/amitabh/ROS2_CashierSystem/install/Display/share/Display/package.dsv
[9.562s] -- Installing: /home/amitabh/ROS2_CashierSystem/install/Display/share/ament_index/resource_index/packages/Display
[9.562s] -- Installing: /home/amitabh/ROS2_CashierSystem/install/Display/share/Display/cmake/DisplayConfig.cmake
[9.562s] -- Installing: /home/amitabh/ROS2_CashierSystem/install/Display/share/Display/cmake/DisplayConfig-version.cmake
[9.563s] -- Installing: /home/amitabh/ROS2_CashierSystem/install/Display/share/Display/package.xml
[9.566s] Invoked command in '/home/amitabh/ROS2_CashierSystem/build/Display' returned '0': AMENT_PREFIX_PATH=/home/amitabh/ROS2_CashierSystem/install/tutorial_interfaces:${AMENT_PREFIX_PATH} CMAKE_PREFIX_PATH=/home/amitabh/ROS2_CashierSystem/install/tutorial_interfaces:/opt/ros/humble LD_LIBRARY_PATH=/home/amitabh/ROS2_CashierSystem/install/tutorial_interfaces/lib:${LD_LIBRARY_PATH} PYTHONPATH=/home/amitabh/ROS2_CashierSystem/install/tutorial_interfaces/local/lib/python3.10/dist-packages:${PYTHONPATH} /usr/bin/cmake --install /home/amitabh/ROS2_CashierSystem/build/Display
