[0.014s] Invoking command in '/home/amitabh/ROS2_CashierSystem/build/Updater': AMENT_PREFIX_PATH=/home/amitabh/ROS2_CashierSystem/install/tutorial_interfaces:${AMENT_PREFIX_PATH} CMAKE_PREFIX_PATH=/home/amitabh/ROS2_CashierSystem/install/tutorial_interfaces:/opt/ros/humble LD_LIBRARY_PATH=/home/amitabh/ROS2_CashierSystem/install/tutorial_interfaces/lib:${LD_LIBRARY_PATH} PYTHONPATH=/home/amitabh/ROS2_CashierSystem/install/tutorial_interfaces/local/lib/python3.10/dist-packages:${PYTHONPATH} /usr/bin/cmake /home/amitabh/ROS2_CashierSystem/src/Updater -DCMAKE_INSTALL_PREFIX=/home/amitabh/ROS2_CashierSystem/install/Updater
[0.077s] -- The C compiler identification is GNU 11.4.0
[0.143s] -- The CXX compiler identification is GNU 11.4.0
[0.151s] -- Detecting C compiler ABI info
[0.235s] -- Detecting C compiler ABI info - done
[0.241s] -- Check for working C compiler: /usr/bin/cc - skipped
[0.241s] -- Detecting C compile features
[0.242s] -- Detecting C compile features - done
[0.245s] -- Detecting CXX compiler ABI info
[0.356s] -- Detecting CXX compiler ABI info - done
[0.365s] -- Check for working CXX compiler: /usr/bin/c++ - skipped
[0.365s] -- Detecting CXX compile features
[0.365s] -- Detecting CXX compile features - done
[0.368s] -- Found ament_cmake: 1.3.11 (/opt/ros/humble/share/ament_cmake/cmake)
[0.567s] -- Found Python3: /usr/bin/python3 (found version "3.10.12") found components: Interpreter 
[0.674s] -- Found rclcpp: 16.0.11 (/opt/ros/humble/share/rclcpp/cmake)
[0.712s] -- Found rosidl_generator_c: 3.1.6 (/opt/ros/humble/share/rosidl_generator_c/cmake)
[0.717s] -- Found rosidl_adapter: 3.1.6 (/opt/ros/humble/share/rosidl_adapter/cmake)
[0.725s] -- Found rosidl_generator_cpp: 3.1.6 (/opt/ros/humble/share/rosidl_generator_cpp/cmake)
[0.736s] -- Using all available rosidl_typesupport_c: rosidl_typesupport_fastrtps_c;rosidl_typesupport_introspection_c
[0.750s] -- Using all available rosidl_typesupport_cpp: rosidl_typesupport_fastrtps_cpp;rosidl_typesupport_introspection_cpp
[0.790s] -- Found rmw_implementation_cmake: 6.1.2 (/opt/ros/humble/share/rmw_implementation_cmake/cmake)
[0.792s] -- Found rmw_fastrtps_cpp: 6.2.7 (/opt/ros/humble/share/rmw_fastrtps_cpp/cmake)
[0.898s] -- Found OpenSSL: /usr/lib/x86_64-linux-gnu/libcrypto.so (found version "3.0.2")  
[0.927s] -- Found FastRTPS: /opt/ros/humble/include  
[0.971s] -- Using RMW implementation 'rmw_fastrtps_cpp' as default
[0.980s] -- Looking for pthread.h
[1.068s] -- Looking for pthread.h - found
[1.069s] -- Performing Test CMAKE_HAVE_LIBC_PTHREAD
[1.155s] -- Performing Test CMAKE_HAVE_LIBC_PTHREAD - Success
[1.156s] -- Found Threads: TRUE  
[1.201s] -- Found tutorial_interfaces: 0.0.0 (/home/amitabh/ROS2_CashierSystem/install/tutorial_interfaces/share/tutorial_interfaces/cmake)
[1.228s] -- Found ament_lint_auto: 0.12.11 (/opt/ros/humble/share/ament_lint_auto/cmake)
[1.285s] WARNING: Package name "Updater" does not follow the naming conventions. It should start with a lower case letter and only contain lower case letters, digits, underscores, and dashes.
[1.319s] -- Added test 'cppcheck' to perform static code analysis on C / C++ code
[1.319s] -- Configured cppcheck include dirs: $<BUILD_INTERFACE:/home/amitabh/ROS2_CashierSystem/src/Updater/include>
[1.319s] -- Configured cppcheck exclude dirs and/or files: 
[1.319s] -- Added test 'lint_cmake' to check CMake code style
[1.320s] -- Added test 'uncrustify' to check C / C++ code style
[1.321s] -- Configured uncrustify additional arguments: 
[1.321s] -- Added test 'xmllint' to check XML markup files
[1.322s] -- Configuring done
[1.334s] -- Generating done
[1.338s] -- Build files have been written to: /home/amitabh/ROS2_CashierSystem/build/Updater
